{"contracts/convex-platform/contracts/contracts/ArbitartorVault.sol":{"l":{"33":144,"34":144,"38":270,"39":270,"47":0,"49":0,"51":0,"54":0,"57":0},"path":"/Users/cchavez/aura/workspace/aura-contracts/contracts/convex-platform/contracts/contracts/ArbitartorVault.sol","s":{"1":144,"2":144,"3":270,"4":270,"5":0,"6":0,"7":0,"8":0,"9":0},"b":{"1":[270,0],"2":[0,0],"3":[0,0]},"f":{"1":144,"2":270,"3":0},"fnMap":{"1":{"name":"constructor","line":31,"loc":{"start":{"line":31,"column":4},"end":{"line":35,"column":4}}},"2":{"name":"setOperator","line":37,"loc":{"start":{"line":37,"column":4},"end":{"line":40,"column":4}}},"3":{"name":"distribute","line":46,"loc":{"start":{"line":46,"column":4},"end":{"line":59,"column":4}}}},"statementMap":{"1":{"start":{"line":33,"column":8},"end":{"line":33,"column":28}},"2":{"start":{"line":34,"column":8},"end":{"line":34,"column":29}},"3":{"start":{"line":38,"column":8},"end":{"line":38,"column":47}},"4":{"start":{"line":39,"column":8},"end":{"line":39,"column":21}},"5":{"start":{"line":47,"column":7},"end":{"line":47,"column":46}},"6":{"start":{"line":49,"column":7},"end":{"line":49,"column":1715}},"7":{"start":{"line":51,"column":8},"end":{"line":51,"column":91}},"8":{"start":{"line":54,"column":8},"end":{"line":54,"column":45}},"9":{"start":{"line":57,"column":8},"end":{"line":57,"column":61}}},"branchMap":{"1":{"line":38,"type":"if","locations":[{"start":{"line":38,"column":8},"end":{"line":38,"column":8}},{"start":{"line":38,"column":8},"end":{"line":38,"column":8}}]},"2":{"line":47,"type":"if","locations":[{"start":{"line":47,"column":7},"end":{"line":47,"column":7}},{"start":{"line":47,"column":7},"end":{"line":47,"column":7}}]},"3":{"line":54,"type":"if","locations":[{"start":{"line":54,"column":8},"end":{"line":54,"column":8}},{"start":{"line":54,"column":8},"end":{"line":54,"column":8}}]}}},"contracts/convex-platform/contracts/contracts/BaseRewardPool.sol":{"l":{"106":1899,"107":1899,"108":1899,"109":1899,"110":1899,"114":1447,"118":366,"122":181,"126":165,"127":165,"129":165,"130":3,"133":162,"134":162,"137":0,"138":0,"142":661,"143":660,"144":657,"145":275,"146":274,"148":656,"152":1108,"156":978,"157":530,"159":448,"170":317,"181":12,"183":12,"184":10,"186":9,"190":0,"191":0,"192":0,"199":69,"202":63,"203":53,"205":46,"215":141,"218":140,"219":0,"222":140,"223":140,"231":0,"234":0,"235":0,"238":0,"239":0,"241":0,"242":0,"244":0,"245":0,"248":0,"252":0,"256":0,"258":0,"259":0,"261":0,"266":93,"267":0,"270":93,"271":93,"274":93,"275":87,"277":87,"281":0,"290":40,"291":40,"292":40,"293":40,"294":40,"295":34,"299":33,"300":24,"301":0,"304":31,"311":0,"312":0,"319":0,"320":0,"328":12,"329":12,"330":11,"340":397,"342":397,"344":396,"345":318,"346":304,"347":303,"351":77,"353":77,"354":77,"357":77,"358":52,"359":50,"361":25,"363":74,"370":382,"371":382,"372":330,"374":52,"375":52,"376":52,"377":52,"379":380,"380":379,"381":378,"382":366},"path":"/Users/cchavez/aura/workspace/aura-contracts/contracts/convex-platform/contracts/contracts/BaseRewardPool.sol","s":{"1":1899,"2":1899,"3":1899,"4":1899,"5":1899,"6":1447,"7":366,"8":181,"9":165,"10":165,"11":165,"12":3,"13":162,"14":162,"15":0,"16":661,"17":660,"18":657,"19":275,"20":274,"21":1108,"22":978,"23":530,"24":448,"25":317,"26":12,"27":12,"28":10,"29":9,"30":0,"31":0,"32":0,"33":69,"34":63,"35":53,"36":46,"37":141,"38":140,"39":0,"40":140,"41":140,"42":0,"43":0,"44":0,"45":0,"46":0,"47":0,"48":0,"49":0,"50":0,"51":0,"52":0,"53":0,"54":0,"55":0,"56":0,"57":93,"58":0,"59":93,"60":93,"61":93,"62":87,"63":87,"64":0,"65":40,"66":40,"67":40,"68":40,"69":40,"70":34,"71":33,"72":24,"73":0,"74":31,"75":0,"76":0,"77":0,"78":0,"79":12,"80":12,"81":11,"82":397,"83":397,"84":396,"85":318,"86":304,"87":303,"88":77,"89":77,"90":77,"91":77,"92":52,"93":50,"94":25,"95":74,"96":382,"97":382,"98":330,"99":52,"100":52,"101":52,"102":52,"103":380,"104":379,"105":378,"106":366},"b":{"1":[165,0],"2":[165,0],"3":[3,162],"4":[0,0],"5":[275,382],"6":[530,448],"7":[140,1],"8":[0,0],"9":[0,0],"10":[0,0],"11":[40,0],"12":[24,9],"13":[12,0],"14":[397,0],"15":[318,77],"16":[52,25],"17":[330,52]},"f":{"1":1899,"2":1447,"3":366,"4":181,"5":165,"6":0,"7":661,"8":1108,"9":978,"10":317,"11":12,"12":0,"13":69,"14":141,"15":0,"16":0,"17":0,"18":93,"19":0,"20":40,"21":0,"22":0,"23":12,"24":397,"25":382},"fnMap":{"1":{"name":"constructor","line":99,"loc":{"start":{"line":99,"column":4},"end":{"line":111,"column":4}}},"2":{"name":"totalSupply","line":113,"loc":{"start":{"line":113,"column":4},"end":{"line":115,"column":4}}},"3":{"name":"balanceOf","line":117,"loc":{"start":{"line":117,"column":4},"end":{"line":119,"column":4}}},"4":{"name":"extraRewardsLength","line":121,"loc":{"start":{"line":121,"column":4},"end":{"line":123,"column":4}}},"5":{"name":"addExtraReward","line":125,"loc":{"start":{"line":125,"column":4},"end":{"line":135,"column":4}}},"6":{"name":"clearExtraRewards","line":136,"loc":{"start":{"line":136,"column":4},"end":{"line":139,"column":4}}},"7":{"name":"updateReward","line":141,"loc":{"start":{"line":141,"column":4},"end":{"line":149,"column":4}}},"8":{"name":"lastTimeRewardApplicable","line":151,"loc":{"start":{"line":151,"column":4},"end":{"line":153,"column":4}}},"9":{"name":"rewardPerToken","line":155,"loc":{"start":{"line":155,"column":4},"end":{"line":167,"column":4}}},"10":{"name":"earned","line":169,"loc":{"start":{"line":169,"column":4},"end":{"line":175,"column":4}}},"11":{"name":"stake","line":177,"loc":{"start":{"line":177,"column":4},"end":{"line":187,"column":4}}},"12":{"name":"stakeAll","line":189,"loc":{"start":{"line":189,"column":4},"end":{"line":193,"column":4}}},"13":{"name":"stakeFor","line":195,"loc":{"start":{"line":195,"column":4},"end":{"line":206,"column":4}}},"14":{"name":"_processStake","line":214,"loc":{"start":{"line":214,"column":4},"end":{"line":224,"column":4}}},"15":{"name":"withdraw","line":228,"loc":{"start":{"line":226,"column":4},"end":{"line":249,"column":4}}},"16":{"name":"withdrawAll","line":251,"loc":{"start":{"line":251,"column":4},"end":{"line":253,"column":4}}},"17":{"name":"withdrawAndUnwrap","line":255,"loc":{"start":{"line":255,"column":4},"end":{"line":262,"column":4}}},"18":{"name":"_withdrawAndUnwrapTo","line":264,"loc":{"start":{"line":264,"column":4},"end":{"line":278,"column":4}}},"19":{"name":"withdrawAllAndUnwrap","line":280,"loc":{"start":{"line":280,"column":4},"end":{"line":282,"column":4}}},"20":{"name":"getReward","line":289,"loc":{"start":{"line":289,"column":4},"end":{"line":305,"column":4}}},"21":{"name":"getReward","line":310,"loc":{"start":{"line":310,"column":4},"end":{"line":313,"column":4}}},"22":{"name":"donate","line":318,"loc":{"start":{"line":318,"column":4},"end":{"line":321,"column":4}}},"23":{"name":"processIdleRewards","line":327,"loc":{"start":{"line":327,"column":4},"end":{"line":332,"column":4}}},"24":{"name":"queueNewRewards","line":339,"loc":{"start":{"line":339,"column":4},"end":{"line":364,"column":4}}},"25":{"name":"notifyRewardAmount","line":368,"loc":{"start":{"line":366,"column":4},"end":{"line":383,"column":4}}}},"statementMap":{"1":{"start":{"line":106,"column":8},"end":{"line":106,"column":17}},"2":{"start":{"line":107,"column":8},"end":{"line":107,"column":43}},"3":{"start":{"line":108,"column":8},"end":{"line":108,"column":41}},"4":{"start":{"line":109,"column":8},"end":{"line":109,"column":27}},"5":{"start":{"line":110,"column":8},"end":{"line":110,"column":37}},"6":{"start":{"line":114,"column":8},"end":{"line":114,"column":27}},"7":{"start":{"line":118,"column":8},"end":{"line":118,"column":33}},"8":{"start":{"line":122,"column":8},"end":{"line":122,"column":34}},"9":{"start":{"line":126,"column":8},"end":{"line":126,"column":58}},"10":{"start":{"line":127,"column":8},"end":{"line":127,"column":55}},"11":{"start":{"line":129,"column":8},"end":{"line":129,"column":4727}},"12":{"start":{"line":130,"column":12},"end":{"line":130,"column":24}},"13":{"start":{"line":133,"column":8},"end":{"line":133,"column":33}},"14":{"start":{"line":134,"column":8},"end":{"line":134,"column":19}},"15":{"start":{"line":137,"column":8},"end":{"line":137,"column":58}},"16":{"start":{"line":142,"column":8},"end":{"line":142,"column":46}},"17":{"start":{"line":143,"column":8},"end":{"line":143,"column":50}},"18":{"start":{"line":144,"column":8},"end":{"line":144,"column":5161}},"19":{"start":{"line":145,"column":12},"end":{"line":145,"column":45}},"20":{"start":{"line":146,"column":12},"end":{"line":146,"column":65}},"21":{"start":{"line":152,"column":8},"end":{"line":152,"column":58}},"22":{"start":{"line":156,"column":8},"end":{"line":156,"column":5543}},"23":{"start":{"line":157,"column":12},"end":{"line":157,"column":39}},"24":{"start":{"line":159,"column":8},"end":{"line":159,"column":5633}},"25":{"start":{"line":170,"column":8},"end":{"line":170,"column":5994}},"26":{"start":{"line":181,"column":8},"end":{"line":181,"column":41}},"27":{"start":{"line":183,"column":8},"end":{"line":183,"column":72}},"28":{"start":{"line":184,"column":8},"end":{"line":184,"column":40}},"29":{"start":{"line":186,"column":8},"end":{"line":186,"column":19}},"30":{"start":{"line":190,"column":8},"end":{"line":190,"column":60}},"31":{"start":{"line":191,"column":8},"end":{"line":191,"column":21}},"32":{"start":{"line":192,"column":8},"end":{"line":192,"column":19}},"33":{"start":{"line":199,"column":8},"end":{"line":199,"column":35}},"34":{"start":{"line":202,"column":8},"end":{"line":202,"column":72}},"35":{"start":{"line":203,"column":8},"end":{"line":203,"column":34}},"36":{"start":{"line":205,"column":8},"end":{"line":205,"column":19}},"37":{"start":{"line":215,"column":8},"end":{"line":215,"column":58}},"38":{"start":{"line":218,"column":8},"end":{"line":218,"column":7447}},"39":{"start":{"line":219,"column":12},"end":{"line":219,"column":62}},"40":{"start":{"line":222,"column":8},"end":{"line":222,"column":47}},"41":{"start":{"line":223,"column":8},"end":{"line":223,"column":63}},"42":{"start":{"line":231,"column":8},"end":{"line":231,"column":60}},"43":{"start":{"line":234,"column":8},"end":{"line":234,"column":7933}},"44":{"start":{"line":235,"column":12},"end":{"line":235,"column":65}},"45":{"start":{"line":238,"column":8},"end":{"line":238,"column":46}},"46":{"start":{"line":239,"column":8},"end":{"line":239,"column":64}},"47":{"start":{"line":241,"column":8},"end":{"line":241,"column":52}},"48":{"start":{"line":242,"column":8},"end":{"line":242,"column":42}},"49":{"start":{"line":244,"column":8},"end":{"line":244,"column":8287}},"50":{"start":{"line":245,"column":12},"end":{"line":245,"column":37}},"51":{"start":{"line":248,"column":8},"end":{"line":248,"column":19}},"52":{"start":{"line":252,"column":8},"end":{"line":252,"column":44}},"53":{"start":{"line":256,"column":8},"end":{"line":256,"column":59}},"54":{"start":{"line":258,"column":8},"end":{"line":258,"column":8655}},"55":{"start":{"line":259,"column":12},"end":{"line":259,"column":37}},"56":{"start":{"line":261,"column":8},"end":{"line":261,"column":19}},"57":{"start":{"line":266,"column":8},"end":{"line":266,"column":8921}},"58":{"start":{"line":267,"column":12},"end":{"line":267,"column":59}},"59":{"start":{"line":270,"column":8},"end":{"line":270,"column":46}},"60":{"start":{"line":271,"column":8},"end":{"line":271,"column":52}},"61":{"start":{"line":274,"column":8},"end":{"line":274,"column":57}},"62":{"start":{"line":275,"column":8},"end":{"line":275,"column":36}},"63":{"start":{"line":277,"column":8},"end":{"line":277,"column":19}},"64":{"start":{"line":281,"column":8},"end":{"line":281,"column":53}},"65":{"start":{"line":290,"column":8},"end":{"line":290,"column":41}},"66":{"start":{"line":291,"column":8},"end":{"line":291,"column":9825}},"67":{"start":{"line":292,"column":12},"end":{"line":292,"column":32}},"68":{"start":{"line":293,"column":12},"end":{"line":293,"column":53}},"69":{"start":{"line":294,"column":12},"end":{"line":294,"column":66}},"70":{"start":{"line":295,"column":12},"end":{"line":295,"column":45}},"71":{"start":{"line":299,"column":8},"end":{"line":299,"column":10116}},"72":{"start":{"line":300,"column":12},"end":{"line":300,"column":10150}},"73":{"start":{"line":301,"column":16},"end":{"line":301,"column":60}},"74":{"start":{"line":304,"column":8},"end":{"line":304,"column":19}},"75":{"start":{"line":311,"column":8},"end":{"line":311,"column":33}},"76":{"start":{"line":312,"column":8},"end":{"line":312,"column":19}},"77":{"start":{"line":319,"column":8},"end":{"line":319,"column":79}},"78":{"start":{"line":320,"column":8},"end":{"line":320,"column":49}},"79":{"start":{"line":328,"column":8},"end":{"line":328,"column":11002}},"80":{"start":{"line":329,"column":12},"end":{"line":329,"column":44}},"81":{"start":{"line":330,"column":12},"end":{"line":330,"column":28}},"82":{"start":{"line":340,"column":8},"end":{"line":340,"column":53}},"83":{"start":{"line":342,"column":8},"end":{"line":342,"column":45}},"84":{"start":{"line":344,"column":8},"end":{"line":344,"column":11587}},"85":{"start":{"line":345,"column":12},"end":{"line":345,"column":39}},"86":{"start":{"line":346,"column":12},"end":{"line":346,"column":28}},"87":{"start":{"line":347,"column":12},"end":{"line":347,"column":23}},"88":{"start":{"line":351,"column":8},"end":{"line":351,"column":77}},"89":{"start":{"line":353,"column":8},"end":{"line":353,"column":55}},"90":{"start":{"line":354,"column":8},"end":{"line":354,"column":66}},"91":{"start":{"line":357,"column":8},"end":{"line":357,"column":12110}},"92":{"start":{"line":358,"column":12},"end":{"line":358,"column":39}},"93":{"start":{"line":359,"column":12},"end":{"line":359,"column":28}},"94":{"start":{"line":361,"column":12},"end":{"line":361,"column":35}},"95":{"start":{"line":363,"column":8},"end":{"line":363,"column":19}},"96":{"start":{"line":370,"column":8},"end":{"line":370,"column":56}},"97":{"start":{"line":371,"column":8},"end":{"line":371,"column":12479}},"98":{"start":{"line":372,"column":12},"end":{"line":372,"column":44}},"99":{"start":{"line":374,"column":12},"end":{"line":374,"column":65}},"100":{"start":{"line":375,"column":12},"end":{"line":375,"column":56}},"101":{"start":{"line":376,"column":12},"end":{"line":376,"column":40}},"102":{"start":{"line":377,"column":12},"end":{"line":377,"column":44}},"103":{"start":{"line":379,"column":8},"end":{"line":379,"column":30}},"104":{"start":{"line":380,"column":8},"end":{"line":380,"column":39}},"105":{"start":{"line":381,"column":8},"end":{"line":381,"column":51}},"106":{"start":{"line":382,"column":8},"end":{"line":382,"column":32}}},"branchMap":{"1":{"line":126,"type":"if","locations":[{"start":{"line":126,"column":8},"end":{"line":126,"column":8}},{"start":{"line":126,"column":8},"end":{"line":126,"column":8}}]},"2":{"line":127,"type":"if","locations":[{"start":{"line":127,"column":8},"end":{"line":127,"column":8}},{"start":{"line":127,"column":8},"end":{"line":127,"column":8}}]},"3":{"line":129,"type":"if","locations":[{"start":{"line":129,"column":8},"end":{"line":129,"column":8}},{"start":{"line":129,"column":8},"end":{"line":129,"column":8}}]},"4":{"line":137,"type":"if","locations":[{"start":{"line":137,"column":8},"end":{"line":137,"column":8}},{"start":{"line":137,"column":8},"end":{"line":137,"column":8}}]},"5":{"line":144,"type":"if","locations":[{"start":{"line":144,"column":8},"end":{"line":144,"column":8}},{"start":{"line":144,"column":8},"end":{"line":144,"column":8}}]},"6":{"line":156,"type":"if","locations":[{"start":{"line":156,"column":8},"end":{"line":156,"column":8}},{"start":{"line":156,"column":8},"end":{"line":156,"column":8}}]},"7":{"line":215,"type":"if","locations":[{"start":{"line":215,"column":8},"end":{"line":215,"column":8}},{"start":{"line":215,"column":8},"end":{"line":215,"column":8}}]},"8":{"line":231,"type":"if","locations":[{"start":{"line":231,"column":8},"end":{"line":231,"column":8}},{"start":{"line":231,"column":8},"end":{"line":231,"column":8}}]},"9":{"line":244,"type":"if","locations":[{"start":{"line":244,"column":8},"end":{"line":244,"column":8}},{"start":{"line":244,"column":8},"end":{"line":244,"column":8}}]},"10":{"line":258,"type":"if","locations":[{"start":{"line":258,"column":8},"end":{"line":258,"column":8}},{"start":{"line":258,"column":8},"end":{"line":258,"column":8}}]},"11":{"line":291,"type":"if","locations":[{"start":{"line":291,"column":8},"end":{"line":291,"column":8}},{"start":{"line":291,"column":8},"end":{"line":291,"column":8}}]},"12":{"line":299,"type":"if","locations":[{"start":{"line":299,"column":8},"end":{"line":299,"column":8}},{"start":{"line":299,"column":8},"end":{"line":299,"column":8}}]},"13":{"line":328,"type":"if","locations":[{"start":{"line":328,"column":8},"end":{"line":328,"column":8}},{"start":{"line":328,"column":8},"end":{"line":328,"column":8}}]},"14":{"line":340,"type":"if","locations":[{"start":{"line":340,"column":8},"end":{"line":340,"column":8}},{"start":{"line":340,"column":8},"end":{"line":340,"column":8}}]},"15":{"line":344,"type":"if","locations":[{"start":{"line":344,"column":8},"end":{"line":344,"column":8}},{"start":{"line":344,"column":8},"end":{"line":344,"column":8}}]},"16":{"line":357,"type":"if","locations":[{"start":{"line":357,"column":8},"end":{"line":357,"column":8}},{"start":{"line":357,"column":8},"end":{"line":357,"column":8}}]},"17":{"line":371,"type":"if","locations":[{"start":{"line":371,"column":8},"end":{"line":371,"column":8}},{"start":{"line":371,"column":8},"end":{"line":371,"column":8}}]}}},"contracts/convex-platform/contracts/contracts/BaseRewardPool4626.sol":{"l":{"41":1755,"42":1755,"49":4,"58":69,"61":69,"62":69,"63":65,"65":65,"68":65,"70":59,"71":58,"72":57,"80":13,"92":96,"93":44,"96":93,"98":87,"99":87,"111":26,"120":6,"129":2,"139":4,"148":1,"157":2,"166":1,"175":8,"184":4,"193":4,"201":2,"211":1,"220":1,"229":1,"236":1025,"243":294,"254":1,"262":7,"273":21,"274":19,"281":62,"282":62,"284":62,"285":61,"294":1},"path":"/Users/cchavez/aura/workspace/aura-contracts/contracts/convex-platform/contracts/contracts/BaseRewardPool4626.sol","s":{"1":1755,"2":1755,"3":4,"4":69,"5":69,"6":69,"7":65,"8":65,"9":65,"10":59,"11":58,"12":57,"13":13,"14":96,"15":44,"16":93,"17":87,"18":87,"19":26,"20":6,"21":2,"22":4,"23":1,"24":2,"25":1,"26":8,"27":4,"28":4,"29":2,"30":1,"31":1,"32":1,"33":1025,"34":294,"35":1,"36":7,"37":21,"38":18,"39":62,"40":62,"41":62,"42":61,"43":1},"b":{"1":[65,0],"2":[44,52],"3":[62,0],"4":[62,0]},"f":{"1":1755,"2":4,"3":69,"4":13,"5":96,"6":26,"7":6,"8":2,"9":4,"10":1,"11":2,"12":1,"13":8,"14":4,"15":4,"16":2,"17":1,"18":1,"19":1,"20":1025,"21":294,"22":1,"23":7,"24":21,"25":62,"26":1},"fnMap":{"1":{"name":"constructor","line":40,"loc":{"start":{"line":33,"column":4},"end":{"line":43,"column":4}}},"2":{"name":"totalAssets","line":48,"loc":{"start":{"line":48,"column":4},"end":{"line":50,"column":4}}},"3":{"name":"deposit","line":56,"loc":{"start":{"line":56,"column":4},"end":{"line":73,"column":4}}},"4":{"name":"mint","line":79,"loc":{"start":{"line":79,"column":4},"end":{"line":81,"column":4}}},"5":{"name":"withdraw","line":91,"loc":{"start":{"line":87,"column":4},"end":{"line":100,"column":4}}},"6":{"name":"redeem","line":106,"loc":{"start":{"line":106,"column":4},"end":{"line":112,"column":4}}},"7":{"name":"convertToShares","line":119,"loc":{"start":{"line":119,"column":4},"end":{"line":121,"column":4}}},"8":{"name":"convertToAssets","line":128,"loc":{"start":{"line":128,"column":4},"end":{"line":130,"column":4}}},"9":{"name":"maxDeposit","line":138,"loc":{"start":{"line":138,"column":4},"end":{"line":140,"column":4}}},"10":{"name":"previewDeposit","line":147,"loc":{"start":{"line":147,"column":4},"end":{"line":149,"column":4}}},"11":{"name":"maxMint","line":156,"loc":{"start":{"line":156,"column":4},"end":{"line":158,"column":4}}},"12":{"name":"previewMint","line":165,"loc":{"start":{"line":165,"column":4},"end":{"line":167,"column":4}}},"13":{"name":"maxWithdraw","line":174,"loc":{"start":{"line":174,"column":4},"end":{"line":176,"column":4}}},"14":{"name":"previewWithdraw","line":183,"loc":{"start":{"line":183,"column":4},"end":{"line":185,"column":4}}},"15":{"name":"maxRedeem","line":192,"loc":{"start":{"line":192,"column":4},"end":{"line":194,"column":4}}},"16":{"name":"previewRedeem","line":200,"loc":{"start":{"line":200,"column":4},"end":{"line":202,"column":4}}},"17":{"name":"name","line":210,"loc":{"start":{"line":210,"column":4},"end":{"line":214,"column":4}}},"18":{"name":"symbol","line":219,"loc":{"start":{"line":219,"column":4},"end":{"line":223,"column":4}}},"19":{"name":"decimals","line":228,"loc":{"start":{"line":228,"column":4},"end":{"line":230,"column":4}}},"20":{"name":"totalSupply","line":235,"loc":{"start":{"line":235,"column":4},"end":{"line":237,"column":4}}},"21":{"name":"balanceOf","line":242,"loc":{"start":{"line":242,"column":4},"end":{"line":244,"column":4}}},"22":{"name":"transfer","line":253,"loc":{"start":{"line":253,"column":4},"end":{"line":255,"column":4}}},"23":{"name":"allowance","line":261,"loc":{"start":{"line":261,"column":4},"end":{"line":263,"column":4}}},"24":{"name":"approve","line":272,"loc":{"start":{"line":272,"column":4},"end":{"line":275,"column":4}}},"25":{"name":"_approve","line":280,"loc":{"start":{"line":280,"column":4},"end":{"line":286,"column":4}}},"26":{"name":"transferFrom","line":293,"loc":{"start":{"line":293,"column":4},"end":{"line":295,"column":4}}}},"statementMap":{"1":{"start":{"line":41,"column":8},"end":{"line":41,"column":23}},"2":{"start":{"line":42,"column":8},"end":{"line":42,"column":62}},"3":{"start":{"line":49,"column":8},"end":{"line":49,"column":28}},"4":{"start":{"line":58,"column":8},"end":{"line":58,"column":72}},"5":{"start":{"line":61,"column":8},"end":{"line":61,"column":65}},"6":{"start":{"line":62,"column":8},"end":{"line":62,"column":53}},"7":{"start":{"line":63,"column":8},"end":{"line":63,"column":64}},"8":{"start":{"line":65,"column":8},"end":{"line":65,"column":61}},"9":{"start":{"line":68,"column":8},"end":{"line":68,"column":38}},"10":{"start":{"line":70,"column":8},"end":{"line":70,"column":58}},"11":{"start":{"line":71,"column":8},"end":{"line":71,"column":37}},"12":{"start":{"line":72,"column":8},"end":{"line":72,"column":21}},"13":{"start":{"line":80,"column":8},"end":{"line":80,"column":40}},"14":{"start":{"line":92,"column":8},"end":{"line":92,"column":3665}},"15":{"start":{"line":93,"column":12},"end":{"line":93,"column":130}},"16":{"start":{"line":96,"column":8},"end":{"line":96,"column":52}},"17":{"start":{"line":98,"column":8},"end":{"line":98,"column":66}},"18":{"start":{"line":99,"column":8},"end":{"line":99,"column":21}},"19":{"start":{"line":111,"column":8},"end":{"line":111,"column":48}},"20":{"start":{"line":120,"column":8},"end":{"line":120,"column":21}},"21":{"start":{"line":129,"column":8},"end":{"line":129,"column":21}},"22":{"start":{"line":139,"column":8},"end":{"line":139,"column":32}},"23":{"start":{"line":148,"column":8},"end":{"line":148,"column":38}},"24":{"start":{"line":157,"column":8},"end":{"line":157,"column":32}},"25":{"start":{"line":166,"column":8},"end":{"line":166,"column":38}},"26":{"start":{"line":175,"column":8},"end":{"line":175,"column":31}},"27":{"start":{"line":184,"column":8},"end":{"line":184,"column":38}},"28":{"start":{"line":193,"column":8},"end":{"line":193,"column":33}},"29":{"start":{"line":201,"column":8},"end":{"line":201,"column":38}},"30":{"start":{"line":211,"column":8},"end":{"line":211,"column":7745}},"31":{"start":{"line":220,"column":8},"end":{"line":220,"column":8003}},"32":{"start":{"line":229,"column":8},"end":{"line":229,"column":17}},"33":{"start":{"line":236,"column":8},"end":{"line":236,"column":43}},"34":{"start":{"line":243,"column":8},"end":{"line":243,"column":48}},"35":{"start":{"line":254,"column":8},"end":{"line":254,"column":39}},"36":{"start":{"line":262,"column":8},"end":{"line":262,"column":42}},"37":{"start":{"line":273,"column":8},"end":{"line":273,"column":44}},"38":{"start":{"line":274,"column":8},"end":{"line":274,"column":19}},"39":{"start":{"line":281,"column":8},"end":{"line":281,"column":77}},"40":{"start":{"line":282,"column":8},"end":{"line":282,"column":77}},"41":{"start":{"line":284,"column":8},"end":{"line":284,"column":43}},"42":{"start":{"line":285,"column":8},"end":{"line":285,"column":45}},"43":{"start":{"line":294,"column":8},"end":{"line":294,"column":39}}},"branchMap":{"1":{"line":65,"type":"if","locations":[{"start":{"line":65,"column":8},"end":{"line":65,"column":8}},{"start":{"line":65,"column":8},"end":{"line":65,"column":8}}]},"2":{"line":92,"type":"if","locations":[{"start":{"line":92,"column":8},"end":{"line":92,"column":8}},{"start":{"line":92,"column":8},"end":{"line":92,"column":8}}]},"3":{"line":281,"type":"if","locations":[{"start":{"line":281,"column":8},"end":{"line":281,"column":8}},{"start":{"line":281,"column":8},"end":{"line":281,"column":8}}]},"4":{"line":282,"type":"if","locations":[{"start":{"line":282,"column":8},"end":{"line":282,"column":8}},{"start":{"line":282,"column":8},"end":{"line":282,"column":8}}]}}},"contracts/convex-platform/contracts/contracts/Booster.sol":{"l":{"103":144,"104":144,"105":144,"106":144,"107":144,"108":144,"110":144,"111":144,"112":144,"113":144,"114":144,"116":144,"117":144,"118":144,"119":144,"129":144,"130":144,"132":144,"139":284,"140":284,"142":242,"149":144,"150":144,"152":144,"159":144,"163":144,"168":144,"169":144,"170":144,"172":144,"174":0,"182":144,"183":144,"185":144,"192":284,"193":284,"195":242,"202":144,"206":144,"207":144,"208":144,"209":144,"218":238,"219":237,"220":237,"222":237,"223":235,"225":235,"226":209,"229":208,"230":39,"235":30,"238":169,"239":168,"240":126,"245":126,"248":26,"249":26,"257":41,"259":40,"261":39,"263":39,"274":162,"276":161,"277":161,"279":160,"280":158,"281":156,"282":154,"284":153,"285":153,"286":153,"287":153,"289":153,"296":3,"297":3,"299":3,"306":5,"314":1755,"315":1755,"316":1755,"319":1755,"322":1755,"324":1755,"326":1125,"329":1125,"339":1125,"343":1125,"344":0,"345":0,"346":0,"349":1125,"350":1125,"358":48,"359":48,"362":48,"365":48,"366":48,"368":48,"369":44,"377":3,"378":3,"380":3,"381":9,"382":9,"384":0,"385":0,"388":0,"389":0,"399":110,"400":110,"401":110,"404":110,"405":110,"408":110,"409":110,"410":110,"413":109,"414":109,"415":0,"418":109,"419":109,"421":28,"422":28,"423":28,"424":28,"425":28,"428":81,"432":87,"433":86,"441":0,"442":0,"443":0,"444":0,"455":93,"456":93,"457":93,"460":93,"461":93,"465":93,"466":93,"471":87,"472":87,"473":0,"477":87,"479":87,"487":0,"488":0,"495":0,"496":0,"497":0,"498":0,"505":93,"506":93,"508":93,"509":87,"516":36,"518":36,"519":30,"526":0,"527":0,"529":0,"530":0,"537":0,"539":0,"540":0,"542":0,"549":0,"550":0,"552":0,"553":0,"560":0,"561":0,"562":0,"563":0,"564":0,"565":0,"574":192,"575":192,"577":192,"580":192,"583":192,"584":192,"586":0,"588":0,"592":192,"594":192,"596":192,"598":192,"600":192,"603":192,"605":14,"606":14,"607":14,"611":192,"614":192,"617":192,"618":192,"619":192,"622":192,"623":192,"626":176,"636":192,"637":192,"638":142,"646":28,"647":28,"649":28,"650":26,"653":26,"654":26,"655":26,"656":26,"659":26,"660":26,"662":18,"670":40,"671":40,"674":40,"676":34},"path":"/Users/cchavez/aura/workspace/aura-contracts/contracts/convex-platform/contracts/contracts/Booster.sol","s":{"1":144,"2":144,"3":144,"4":144,"5":144,"6":144,"7":144,"8":144,"9":144,"10":144,"11":144,"12":144,"13":144,"14":144,"15":144,"16":144,"17":144,"18":144,"19":284,"20":284,"21":242,"22":144,"23":144,"24":144,"25":144,"26":144,"27":144,"28":144,"29":144,"30":144,"31":0,"32":144,"33":144,"34":144,"35":284,"36":284,"37":242,"38":144,"39":144,"40":144,"41":144,"42":144,"43":238,"44":237,"45":237,"46":237,"47":235,"48":235,"49":209,"50":208,"51":39,"52":30,"53":169,"54":168,"55":126,"56":126,"57":26,"58":26,"59":41,"60":40,"61":39,"62":39,"63":162,"64":161,"65":161,"66":160,"67":158,"68":156,"69":154,"70":153,"71":153,"72":153,"73":153,"74":153,"75":3,"76":3,"77":3,"78":5,"79":1755,"80":1755,"81":1755,"82":1755,"83":1755,"84":1755,"85":1125,"86":1125,"87":1125,"88":1125,"89":0,"90":0,"91":0,"92":1125,"93":1125,"94":48,"95":48,"96":48,"97":48,"98":48,"99":48,"100":44,"101":3,"102":3,"103":3,"104":9,"105":9,"106":0,"107":0,"108":0,"109":0,"110":110,"111":110,"112":110,"113":110,"114":110,"115":110,"116":110,"117":110,"118":109,"119":109,"120":0,"121":109,"122":109,"123":28,"124":28,"125":28,"126":28,"127":28,"128":81,"129":87,"130":86,"131":0,"132":0,"133":0,"134":0,"135":93,"136":93,"137":93,"138":93,"139":93,"140":93,"141":93,"142":87,"143":87,"144":0,"145":87,"146":87,"147":0,"148":0,"149":0,"150":0,"151":0,"152":0,"153":93,"154":93,"155":93,"156":87,"157":36,"158":36,"159":30,"160":0,"161":0,"162":0,"163":0,"164":0,"165":0,"166":0,"167":0,"168":0,"169":0,"170":0,"171":0,"172":0,"173":0,"174":0,"175":0,"176":0,"177":0,"178":192,"179":192,"180":192,"181":192,"182":192,"183":192,"184":0,"185":0,"186":192,"187":192,"188":192,"189":192,"190":192,"191":192,"192":14,"193":14,"194":14,"195":192,"196":192,"197":192,"198":192,"199":192,"200":192,"201":192,"202":176,"203":192,"204":192,"205":142,"206":28,"207":28,"208":28,"209":26,"210":26,"211":26,"212":26,"213":26,"214":26,"215":26,"216":18,"217":40,"218":40,"219":40,"220":34},"b":{"1":[144,0],"2":[284,0],"3":[144,0],"4":[144,0],"5":[144,0],"6":[144,0],"7":[284,0],"8":[144,0],"9":[144,0],"10":[237,1],"11":[237,0],"12":[237,0],"13":[235,2],"14":[235,0],"15":[209,26],"16":[208,1],"17":[39,169],"18":[168,1],"19":[40,1],"20":[39,1],"21":[161,1],"22":[160,1],"23":[158,2],"24":[156,2],"25":[154,2],"26":[153,1],"27":[3,0],"28":[1755,0],"29":[1755,0],"30":[1755,0],"31":[0,1125],"32":[48,0],"33":[3,0],"34":[9,0],"35":[110,0],"36":[110,0],"37":[110,0],"38":[0,109],"39":[28,81],"40":[93,0],"41":[0,87],"42":[93,0],"43":[36,0],"44":[0,0],"45":[0,0],"46":[0,0],"47":[0,0],"48":[0,0],"49":[192,0],"50":[0,192],"51":[192,0],"52":[14,178],"53":[192,0],"54":[28,0],"55":[26,2],"56":[26,0],"57":[40,0]},"f":{"1":144,"2":144,"3":284,"4":144,"5":144,"6":144,"7":284,"8":144,"9":238,"10":41,"11":162,"12":3,"13":5,"14":1755,"15":48,"16":3,"17":110,"18":0,"19":93,"20":0,"21":0,"22":93,"23":36,"24":0,"25":0,"26":0,"27":0,"28":192,"29":192,"30":28,"31":40},"fnMap":{"1":{"name":"constructor","line":96,"loc":{"start":{"line":96,"column":4},"end":{"line":120,"column":4}}},"2":{"name":"setOwner","line":128,"loc":{"start":{"line":128,"column":4},"end":{"line":133,"column":4}}},"3":{"name":"setFeeManager","line":138,"loc":{"start":{"line":138,"column":4},"end":{"line":143,"column":4}}},"4":{"name":"setPoolManager","line":148,"loc":{"start":{"line":148,"column":4},"end":{"line":153,"column":4}}},"5":{"name":"setFactories","line":158,"loc":{"start":{"line":158,"column":4},"end":{"line":176,"column":4}}},"6":{"name":"setArbitrator","line":181,"loc":{"start":{"line":181,"column":4},"end":{"line":186,"column":4}}},"7":{"name":"setVoteDelegate","line":191,"loc":{"start":{"line":191,"column":4},"end":{"line":196,"column":4}}},"8":{"name":"setRewardContracts","line":201,"loc":{"start":{"line":201,"column":4},"end":{"line":211,"column":4}}},"9":{"name":"setFeeInfo","line":217,"loc":{"start":{"line":217,"column":4},"end":{"line":251,"column":4}}},"10":{"name":"updateFeeInfo","line":256,"loc":{"start":{"line":256,"column":4},"end":{"line":264,"column":4}}},"11":{"name":"setFees","line":273,"loc":{"start":{"line":273,"column":4},"end":{"line":290,"column":4}}},"12":{"name":"setTreasury","line":295,"loc":{"start":{"line":295,"column":4},"end":{"line":300,"column":4}}},"13":{"name":"poolLength","line":305,"loc":{"start":{"line":305,"column":4},"end":{"line":307,"column":4}}},"14":{"name":"addPool","line":313,"loc":{"start":{"line":313,"column":4},"end":{"line":351,"column":4}}},"15":{"name":"shutdownPool","line":357,"loc":{"start":{"line":357,"column":4},"end":{"line":370,"column":4}}},"16":{"name":"shutdownSystem","line":376,"loc":{"start":{"line":376,"column":4},"end":{"line":392,"column":4}}},"17":{"name":"deposit","line":398,"loc":{"start":{"line":398,"column":4},"end":{"line":434,"column":4}}},"18":{"name":"depositAll","line":440,"loc":{"start":{"line":440,"column":4},"end":{"line":445,"column":4}}},"19":{"name":"_withdraw","line":454,"loc":{"start":{"line":454,"column":4},"end":{"line":480,"column":4}}},"20":{"name":"withdraw","line":486,"loc":{"start":{"line":486,"column":4},"end":{"line":489,"column":4}}},"21":{"name":"withdrawAll","line":494,"loc":{"start":{"line":494,"column":4},"end":{"line":499,"column":4}}},"22":{"name":"withdrawTo","line":504,"loc":{"start":{"line":504,"column":4},"end":{"line":510,"column":4}}},"23":{"name":"setVote","line":515,"loc":{"start":{"line":515,"column":4},"end":{"line":520,"column":4}}},"24":{"name":"vote","line":525,"loc":{"start":{"line":525,"column":4},"end":{"line":531,"column":4}}},"25":{"name":"voteGaugeWeight","line":536,"loc":{"start":{"line":536,"column":4},"end":{"line":543,"column":4}}},"26":{"name":"claimRewards","line":548,"loc":{"start":{"line":548,"column":4},"end":{"line":554,"column":4}}},"27":{"name":"setGaugeRedirect","line":559,"loc":{"start":{"line":559,"column":4},"end":{"line":566,"column":4}}},"28":{"name":"_earmarkRewards","line":573,"loc":{"start":{"line":573,"column":4},"end":{"line":628,"column":4}}},"29":{"name":"earmarkRewards","line":635,"loc":{"start":{"line":635,"column":4},"end":{"line":639,"column":4}}},"30":{"name":"earmarkFees","line":645,"loc":{"start":{"line":645,"column":4},"end":{"line":663,"column":4}}},"31":{"name":"rewardClaimed","line":669,"loc":{"start":{"line":669,"column":4},"end":{"line":677,"column":4}}}},"statementMap":{"1":{"start":{"line":103,"column":8},"end":{"line":103,"column":23}},"2":{"start":{"line":104,"column":8},"end":{"line":104,"column":23}},"3":{"start":{"line":105,"column":8},"end":{"line":105,"column":17}},"4":{"start":{"line":106,"column":8},"end":{"line":106,"column":37}},"5":{"start":{"line":107,"column":8},"end":{"line":107,"column":37}},"6":{"start":{"line":108,"column":8},"end":{"line":108,"column":25}},"7":{"start":{"line":110,"column":8},"end":{"line":110,"column":25}},"8":{"start":{"line":111,"column":8},"end":{"line":111,"column":32}},"9":{"start":{"line":112,"column":8},"end":{"line":112,"column":30}},"10":{"start":{"line":113,"column":8},"end":{"line":113,"column":31}},"11":{"start":{"line":114,"column":8},"end":{"line":114,"column":28}},"12":{"start":{"line":116,"column":8},"end":{"line":116,"column":37}},"13":{"start":{"line":117,"column":8},"end":{"line":117,"column":44}},"14":{"start":{"line":118,"column":8},"end":{"line":118,"column":42}},"15":{"start":{"line":119,"column":8},"end":{"line":119,"column":43}},"16":{"start":{"line":129,"column":8},"end":{"line":129,"column":44}},"17":{"start":{"line":130,"column":8},"end":{"line":130,"column":21}},"18":{"start":{"line":132,"column":8},"end":{"line":132,"column":33}},"19":{"start":{"line":139,"column":8},"end":{"line":139,"column":44}},"20":{"start":{"line":140,"column":8},"end":{"line":140,"column":25}},"21":{"start":{"line":142,"column":8},"end":{"line":142,"column":37}},"22":{"start":{"line":149,"column":8},"end":{"line":149,"column":50}},"23":{"start":{"line":150,"column":8},"end":{"line":150,"column":27}},"24":{"start":{"line":152,"column":8},"end":{"line":152,"column":39}},"25":{"start":{"line":159,"column":8},"end":{"line":159,"column":44}},"26":{"start":{"line":163,"column":8},"end":{"line":163,"column":31}},"27":{"start":{"line":168,"column":8},"end":{"line":168,"column":6101}},"28":{"start":{"line":169,"column":12},"end":{"line":169,"column":36}},"29":{"start":{"line":170,"column":12},"end":{"line":170,"column":35}},"30":{"start":{"line":172,"column":12},"end":{"line":172,"column":66}},"31":{"start":{"line":174,"column":12},"end":{"line":174,"column":68}},"32":{"start":{"line":182,"column":8},"end":{"line":182,"column":42}},"33":{"start":{"line":183,"column":8},"end":{"line":183,"column":30}},"34":{"start":{"line":185,"column":8},"end":{"line":185,"column":36}},"35":{"start":{"line":192,"column":8},"end":{"line":192,"column":42}},"36":{"start":{"line":193,"column":8},"end":{"line":193,"column":35}},"37":{"start":{"line":195,"column":8},"end":{"line":195,"column":47}},"38":{"start":{"line":202,"column":8},"end":{"line":202,"column":44}},"39":{"start":{"line":206,"column":8},"end":{"line":206,"column":7386}},"40":{"start":{"line":207,"column":12},"end":{"line":207,"column":33}},"41":{"start":{"line":208,"column":12},"end":{"line":208,"column":41}},"42":{"start":{"line":209,"column":12},"end":{"line":209,"column":65}},"43":{"start":{"line":218,"column":8},"end":{"line":218,"column":44}},"44":{"start":{"line":219,"column":8},"end":{"line":219,"column":39}},"45":{"start":{"line":220,"column":8},"end":{"line":220,"column":88}},"46":{"start":{"line":222,"column":8},"end":{"line":222,"column":81}},"47":{"start":{"line":223,"column":8},"end":{"line":223,"column":88}},"48":{"start":{"line":225,"column":8},"end":{"line":225,"column":8197}},"49":{"start":{"line":226,"column":12},"end":{"line":226,"column":50}},"50":{"start":{"line":229,"column":12},"end":{"line":229,"column":8350}},"51":{"start":{"line":230,"column":16},"end":{"line":230,"column":8393}},"52":{"start":{"line":235,"column":16},"end":{"line":235,"column":65}},"53":{"start":{"line":238,"column":16},"end":{"line":238,"column":91}},"54":{"start":{"line":239,"column":16},"end":{"line":239,"column":121}},"55":{"start":{"line":240,"column":16},"end":{"line":240,"column":8943}},"56":{"start":{"line":245,"column":16},"end":{"line":245,"column":67}},"57":{"start":{"line":248,"column":12},"end":{"line":248,"column":51}},"58":{"start":{"line":249,"column":12},"end":{"line":249,"column":66}},"59":{"start":{"line":257,"column":8},"end":{"line":257,"column":42}},"60":{"start":{"line":259,"column":8},"end":{"line":259,"column":78}},"61":{"start":{"line":261,"column":8},"end":{"line":261,"column":44}},"62":{"start":{"line":263,"column":8},"end":{"line":263,"column":47}},"63":{"start":{"line":274,"column":8},"end":{"line":274,"column":47}},"64":{"start":{"line":276,"column":8},"end":{"line":276,"column":82}},"65":{"start":{"line":277,"column":8},"end":{"line":277,"column":44}},"66":{"start":{"line":279,"column":8},"end":{"line":279,"column":66}},"67":{"start":{"line":280,"column":8},"end":{"line":280,"column":72}},"68":{"start":{"line":281,"column":8},"end":{"line":281,"column":70}},"69":{"start":{"line":282,"column":8},"end":{"line":282,"column":45}},"70":{"start":{"line":284,"column":8},"end":{"line":284,"column":32}},"71":{"start":{"line":285,"column":8},"end":{"line":285,"column":36}},"72":{"start":{"line":286,"column":8},"end":{"line":286,"column":37}},"73":{"start":{"line":287,"column":8},"end":{"line":287,"column":30}},"74":{"start":{"line":289,"column":8},"end":{"line":289,"column":72}},"75":{"start":{"line":296,"column":8},"end":{"line":296,"column":47}},"76":{"start":{"line":297,"column":8},"end":{"line":297,"column":27}},"77":{"start":{"line":299,"column":8},"end":{"line":299,"column":39}},"78":{"start":{"line":306,"column":8},"end":{"line":306,"column":30}},"79":{"start":{"line":314,"column":8},"end":{"line":314,"column":62}},"80":{"start":{"line":315,"column":8},"end":{"line":315,"column":71}},"81":{"start":{"line":316,"column":8},"end":{"line":316,"column":64}},"82":{"start":{"line":319,"column":8},"end":{"line":319,"column":37}},"83":{"start":{"line":322,"column":8},"end":{"line":322,"column":80}},"84":{"start":{"line":324,"column":8},"end":{"line":324,"column":98}},"85":{"start":{"line":326,"column":8},"end":{"line":326,"column":96}},"86":{"start":{"line":329,"column":8},"end":{"line":329,"column":12285}},"87":{"start":{"line":339,"column":8},"end":{"line":339,"column":30}},"88":{"start":{"line":343,"column":8},"end":{"line":343,"column":12872}},"89":{"start":{"line":344,"column":12},"end":{"line":344,"column":38}},"90":{"start":{"line":345,"column":12},"end":{"line":345,"column":53}},"91":{"start":{"line":346,"column":12},"end":{"line":346,"column":62}},"92":{"start":{"line":349,"column":8},"end":{"line":349,"column":74}},"93":{"start":{"line":350,"column":8},"end":{"line":350,"column":19}},"94":{"start":{"line":358,"column":8},"end":{"line":358,"column":48}},"95":{"start":{"line":359,"column":8},"end":{"line":359,"column":46}},"96":{"start":{"line":362,"column":8},"end":{"line":362,"column":13590}},"97":{"start":{"line":365,"column":8},"end":{"line":365,"column":27}},"98":{"start":{"line":366,"column":8},"end":{"line":366,"column":35}},"99":{"start":{"line":368,"column":8},"end":{"line":368,"column":31}},"100":{"start":{"line":369,"column":8},"end":{"line":369,"column":19}},"101":{"start":{"line":377,"column":8},"end":{"line":377,"column":44}},"102":{"start":{"line":378,"column":8},"end":{"line":378,"column":24}},"103":{"start":{"line":380,"column":8},"end":{"line":380,"column":14090}},"104":{"start":{"line":381,"column":12},"end":{"line":381,"column":47}},"105":{"start":{"line":382,"column":12},"end":{"line":382,"column":39}},"106":{"start":{"line":384,"column":12},"end":{"line":384,"column":40}},"107":{"start":{"line":385,"column":12},"end":{"line":385,"column":38}},"108":{"start":{"line":388,"column":12},"end":{"line":388,"column":14362}},"109":{"start":{"line":389,"column":16},"end":{"line":389,"column":35}},"110":{"start":{"line":399,"column":8},"end":{"line":399,"column":38}},"111":{"start":{"line":400,"column":8},"end":{"line":400,"column":46}},"112":{"start":{"line":401,"column":8},"end":{"line":401,"column":56}},"113":{"start":{"line":404,"column":8},"end":{"line":404,"column":38}},"114":{"start":{"line":405,"column":8},"end":{"line":405,"column":68}},"115":{"start":{"line":408,"column":8},"end":{"line":408,"column":34}},"116":{"start":{"line":409,"column":8},"end":{"line":409,"column":52}},"117":{"start":{"line":410,"column":8},"end":{"line":410,"column":45}},"118":{"start":{"line":413,"column":8},"end":{"line":413,"column":34}},"119":{"start":{"line":414,"column":8},"end":{"line":414,"column":15343}},"120":{"start":{"line":415,"column":12},"end":{"line":415,"column":39}},"121":{"start":{"line":418,"column":8},"end":{"line":418,"column":34}},"122":{"start":{"line":419,"column":8},"end":{"line":419,"column":15465}},"123":{"start":{"line":421,"column":12},"end":{"line":421,"column":58}},"124":{"start":{"line":422,"column":12},"end":{"line":422,"column":52}},"125":{"start":{"line":423,"column":12},"end":{"line":423,"column":54}},"126":{"start":{"line":424,"column":12},"end":{"line":424,"column":60}},"127":{"start":{"line":425,"column":12},"end":{"line":425,"column":64}},"128":{"start":{"line":428,"column":12},"end":{"line":428,"column":55}},"129":{"start":{"line":432,"column":8},"end":{"line":432,"column":49}},"130":{"start":{"line":433,"column":8},"end":{"line":433,"column":19}},"131":{"start":{"line":441,"column":8},"end":{"line":441,"column":48}},"132":{"start":{"line":442,"column":8},"end":{"line":442,"column":63}},"133":{"start":{"line":443,"column":8},"end":{"line":443,"column":35}},"134":{"start":{"line":444,"column":8},"end":{"line":444,"column":19}},"135":{"start":{"line":455,"column":8},"end":{"line":455,"column":46}},"136":{"start":{"line":456,"column":8},"end":{"line":456,"column":38}},"137":{"start":{"line":457,"column":8},"end":{"line":457,"column":34}},"138":{"start":{"line":460,"column":8},"end":{"line":460,"column":34}},"139":{"start":{"line":461,"column":8},"end":{"line":461,"column":46}},"140":{"start":{"line":465,"column":8},"end":{"line":465,"column":17244}},"141":{"start":{"line":466,"column":12},"end":{"line":466,"column":59}},"142":{"start":{"line":471,"column":8},"end":{"line":471,"column":34}},"143":{"start":{"line":472,"column":8},"end":{"line":472,"column":17553}},"144":{"start":{"line":473,"column":12},"end":{"line":473,"column":39}},"145":{"start":{"line":477,"column":8},"end":{"line":477,"column":49}},"146":{"start":{"line":479,"column":8},"end":{"line":479,"column":42}},"147":{"start":{"line":487,"column":8},"end":{"line":487,"column":52}},"148":{"start":{"line":488,"column":8},"end":{"line":488,"column":19}},"149":{"start":{"line":495,"column":8},"end":{"line":495,"column":44}},"150":{"start":{"line":496,"column":8},"end":{"line":496,"column":61}},"151":{"start":{"line":497,"column":8},"end":{"line":497,"column":30}},"152":{"start":{"line":498,"column":8},"end":{"line":498,"column":19}},"153":{"start":{"line":505,"column":8},"end":{"line":505,"column":58}},"154":{"start":{"line":506,"column":8},"end":{"line":506,"column":52}},"155":{"start":{"line":508,"column":8},"end":{"line":508,"column":45}},"156":{"start":{"line":509,"column":8},"end":{"line":509,"column":19}},"157":{"start":{"line":516,"column":8},"end":{"line":516,"column":51}},"158":{"start":{"line":518,"column":8},"end":{"line":518,"column":44}},"159":{"start":{"line":519,"column":8},"end":{"line":519,"column":19}},"160":{"start":{"line":526,"column":8},"end":{"line":526,"column":51}},"161":{"start":{"line":527,"column":8},"end":{"line":527,"column":95}},"162":{"start":{"line":529,"column":8},"end":{"line":529,"column":60}},"163":{"start":{"line":530,"column":8},"end":{"line":530,"column":19}},"164":{"start":{"line":537,"column":8},"end":{"line":537,"column":51}},"165":{"start":{"line":539,"column":8},"end":{"line":539,"column":19827}},"166":{"start":{"line":540,"column":12},"end":{"line":540,"column":64}},"167":{"start":{"line":542,"column":8},"end":{"line":542,"column":19}},"168":{"start":{"line":549,"column":8},"end":{"line":549,"column":44}},"169":{"start":{"line":550,"column":8},"end":{"line":550,"column":43}},"170":{"start":{"line":552,"column":8},"end":{"line":552,"column":43}},"171":{"start":{"line":553,"column":8},"end":{"line":553,"column":19}},"172":{"start":{"line":560,"column":8},"end":{"line":560,"column":44}},"173":{"start":{"line":561,"column":8},"end":{"line":561,"column":43}},"174":{"start":{"line":562,"column":8},"end":{"line":562,"column":44}},"175":{"start":{"line":563,"column":8},"end":{"line":563,"column":109}},"176":{"start":{"line":564,"column":8},"end":{"line":564,"column":53}},"177":{"start":{"line":565,"column":8},"end":{"line":565,"column":19}},"178":{"start":{"line":574,"column":8},"end":{"line":574,"column":46}},"179":{"start":{"line":575,"column":8},"end":{"line":575,"column":56}},"180":{"start":{"line":577,"column":8},"end":{"line":577,"column":34}},"181":{"start":{"line":580,"column":8},"end":{"line":580,"column":38}},"182":{"start":{"line":583,"column":8},"end":{"line":583,"column":34}},"183":{"start":{"line":584,"column":8},"end":{"line":584,"column":21411}},"184":{"start":{"line":586,"column":12},"end":{"line":586,"column":39}},"185":{"start":{"line":588,"column":12},"end":{"line":588,"column":39}},"186":{"start":{"line":592,"column":8},"end":{"line":592,"column":61}},"187":{"start":{"line":594,"column":8},"end":{"line":594,"column":21695}},"188":{"start":{"line":596,"column":12},"end":{"line":596,"column":83}},"189":{"start":{"line":598,"column":12},"end":{"line":598,"column":87}},"190":{"start":{"line":600,"column":12},"end":{"line":600,"column":86}},"191":{"start":{"line":603,"column":12},"end":{"line":603,"column":22243}},"192":{"start":{"line":605,"column":16},"end":{"line":605,"column":80}},"193":{"start":{"line":606,"column":16},"end":{"line":606,"column":45}},"194":{"start":{"line":607,"column":16},"end":{"line":607,"column":60}},"195":{"start":{"line":611,"column":12},"end":{"line":611,"column":88}},"196":{"start":{"line":614,"column":12},"end":{"line":614,"column":63}},"197":{"start":{"line":617,"column":12},"end":{"line":617,"column":52}},"198":{"start":{"line":618,"column":12},"end":{"line":618,"column":59}},"199":{"start":{"line":619,"column":12},"end":{"line":619,"column":59}},"200":{"start":{"line":622,"column":12},"end":{"line":622,"column":64}},"201":{"start":{"line":623,"column":12},"end":{"line":623,"column":64}},"202":{"start":{"line":626,"column":12},"end":{"line":626,"column":68}},"203":{"start":{"line":636,"column":8},"end":{"line":636,"column":38}},"204":{"start":{"line":637,"column":8},"end":{"line":637,"column":28}},"205":{"start":{"line":638,"column":8},"end":{"line":638,"column":19}},"206":{"start":{"line":646,"column":8},"end":{"line":646,"column":38}},"207":{"start":{"line":647,"column":8},"end":{"line":647,"column":57}},"208":{"start":{"line":649,"column":8},"end":{"line":649,"column":51}},"209":{"start":{"line":650,"column":8},"end":{"line":650,"column":53}},"210":{"start":{"line":653,"column":8},"end":{"line":653,"column":79}},"211":{"start":{"line":654,"column":8},"end":{"line":654,"column":61}},"212":{"start":{"line":655,"column":8},"end":{"line":655,"column":78}},"213":{"start":{"line":656,"column":8},"end":{"line":656,"column":71}},"214":{"start":{"line":659,"column":8},"end":{"line":659,"column":69}},"215":{"start":{"line":660,"column":8},"end":{"line":660,"column":63}},"216":{"start":{"line":662,"column":8},"end":{"line":662,"column":19}},"217":{"start":{"line":670,"column":8},"end":{"line":670,"column":58}},"218":{"start":{"line":671,"column":8},"end":{"line":671,"column":82}},"219":{"start":{"line":674,"column":8},"end":{"line":674,"column":50}},"220":{"start":{"line":676,"column":8},"end":{"line":676,"column":19}}},"branchMap":{"1":{"line":129,"type":"if","locations":[{"start":{"line":129,"column":8},"end":{"line":129,"column":8}},{"start":{"line":129,"column":8},"end":{"line":129,"column":8}}]},"2":{"line":139,"type":"if","locations":[{"start":{"line":139,"column":8},"end":{"line":139,"column":8}},{"start":{"line":139,"column":8},"end":{"line":139,"column":8}}]},"3":{"line":149,"type":"if","locations":[{"start":{"line":149,"column":8},"end":{"line":149,"column":8}},{"start":{"line":149,"column":8},"end":{"line":149,"column":8}}]},"4":{"line":159,"type":"if","locations":[{"start":{"line":159,"column":8},"end":{"line":159,"column":8}},{"start":{"line":159,"column":8},"end":{"line":159,"column":8}}]},"5":{"line":168,"type":"if","locations":[{"start":{"line":168,"column":8},"end":{"line":168,"column":8}},{"start":{"line":168,"column":8},"end":{"line":168,"column":8}}]},"6":{"line":182,"type":"if","locations":[{"start":{"line":182,"column":8},"end":{"line":182,"column":8}},{"start":{"line":182,"column":8},"end":{"line":182,"column":8}}]},"7":{"line":192,"type":"if","locations":[{"start":{"line":192,"column":8},"end":{"line":192,"column":8}},{"start":{"line":192,"column":8},"end":{"line":192,"column":8}}]},"8":{"line":202,"type":"if","locations":[{"start":{"line":202,"column":8},"end":{"line":202,"column":8}},{"start":{"line":202,"column":8},"end":{"line":202,"column":8}}]},"9":{"line":206,"type":"if","locations":[{"start":{"line":206,"column":8},"end":{"line":206,"column":8}},{"start":{"line":206,"column":8},"end":{"line":206,"column":8}}]},"10":{"line":218,"type":"if","locations":[{"start":{"line":218,"column":8},"end":{"line":218,"column":8}},{"start":{"line":218,"column":8},"end":{"line":218,"column":8}}]},"11":{"line":219,"type":"if","locations":[{"start":{"line":219,"column":8},"end":{"line":219,"column":8}},{"start":{"line":219,"column":8},"end":{"line":219,"column":8}}]},"12":{"line":220,"type":"if","locations":[{"start":{"line":220,"column":8},"end":{"line":220,"column":8}},{"start":{"line":220,"column":8},"end":{"line":220,"column":8}}]},"13":{"line":222,"type":"if","locations":[{"start":{"line":222,"column":8},"end":{"line":222,"column":8}},{"start":{"line":222,"column":8},"end":{"line":222,"column":8}}]},"14":{"line":223,"type":"if","locations":[{"start":{"line":223,"column":8},"end":{"line":223,"column":8}},{"start":{"line":223,"column":8},"end":{"line":223,"column":8}}]},"15":{"line":225,"type":"if","locations":[{"start":{"line":225,"column":8},"end":{"line":225,"column":8}},{"start":{"line":225,"column":8},"end":{"line":225,"column":8}}]},"16":{"line":226,"type":"if","locations":[{"start":{"line":226,"column":12},"end":{"line":226,"column":12}},{"start":{"line":226,"column":12},"end":{"line":226,"column":12}}]},"17":{"line":229,"type":"if","locations":[{"start":{"line":229,"column":12},"end":{"line":229,"column":12}},{"start":{"line":229,"column":12},"end":{"line":229,"column":12}}]},"18":{"line":238,"type":"if","locations":[{"start":{"line":238,"column":16},"end":{"line":238,"column":16}},{"start":{"line":238,"column":16},"end":{"line":238,"column":16}}]},"19":{"line":257,"type":"if","locations":[{"start":{"line":257,"column":8},"end":{"line":257,"column":8}},{"start":{"line":257,"column":8},"end":{"line":257,"column":8}}]},"20":{"line":259,"type":"if","locations":[{"start":{"line":259,"column":8},"end":{"line":259,"column":8}},{"start":{"line":259,"column":8},"end":{"line":259,"column":8}}]},"21":{"line":274,"type":"if","locations":[{"start":{"line":274,"column":8},"end":{"line":274,"column":8}},{"start":{"line":274,"column":8},"end":{"line":274,"column":8}}]},"22":{"line":277,"type":"if","locations":[{"start":{"line":277,"column":8},"end":{"line":277,"column":8}},{"start":{"line":277,"column":8},"end":{"line":277,"column":8}}]},"23":{"line":279,"type":"if","locations":[{"start":{"line":279,"column":8},"end":{"line":279,"column":8}},{"start":{"line":279,"column":8},"end":{"line":279,"column":8}}]},"24":{"line":280,"type":"if","locations":[{"start":{"line":280,"column":8},"end":{"line":280,"column":8}},{"start":{"line":280,"column":8},"end":{"line":280,"column":8}}]},"25":{"line":281,"type":"if","locations":[{"start":{"line":281,"column":8},"end":{"line":281,"column":8}},{"start":{"line":281,"column":8},"end":{"line":281,"column":8}}]},"26":{"line":282,"type":"if","locations":[{"start":{"line":282,"column":8},"end":{"line":282,"column":8}},{"start":{"line":282,"column":8},"end":{"line":282,"column":8}}]},"27":{"line":296,"type":"if","locations":[{"start":{"line":296,"column":8},"end":{"line":296,"column":8}},{"start":{"line":296,"column":8},"end":{"line":296,"column":8}}]},"28":{"line":314,"type":"if","locations":[{"start":{"line":314,"column":8},"end":{"line":314,"column":8}},{"start":{"line":314,"column":8},"end":{"line":314,"column":8}}]},"29":{"line":315,"type":"if","locations":[{"start":{"line":315,"column":8},"end":{"line":315,"column":8}},{"start":{"line":315,"column":8},"end":{"line":315,"column":8}}]},"30":{"line":316,"type":"if","locations":[{"start":{"line":316,"column":8},"end":{"line":316,"column":8}},{"start":{"line":316,"column":8},"end":{"line":316,"column":8}}]},"31":{"line":343,"type":"if","locations":[{"start":{"line":343,"column":8},"end":{"line":343,"column":8}},{"start":{"line":343,"column":8},"end":{"line":343,"column":8}}]},"32":{"line":358,"type":"if","locations":[{"start":{"line":358,"column":8},"end":{"line":358,"column":8}},{"start":{"line":358,"column":8},"end":{"line":358,"column":8}}]},"33":{"line":377,"type":"if","locations":[{"start":{"line":377,"column":8},"end":{"line":377,"column":8}},{"start":{"line":377,"column":8},"end":{"line":377,"column":8}}]},"34":{"line":382,"type":"if","locations":[{"start":{"line":382,"column":12},"end":{"line":382,"column":12}},{"start":{"line":382,"column":12},"end":{"line":382,"column":12}}]},"35":{"line":399,"type":"if","locations":[{"start":{"line":399,"column":8},"end":{"line":399,"column":8}},{"start":{"line":399,"column":8},"end":{"line":399,"column":8}}]},"36":{"line":401,"type":"if","locations":[{"start":{"line":401,"column":8},"end":{"line":401,"column":8}},{"start":{"line":401,"column":8},"end":{"line":401,"column":8}}]},"37":{"line":409,"type":"if","locations":[{"start":{"line":409,"column":8},"end":{"line":409,"column":8}},{"start":{"line":409,"column":8},"end":{"line":409,"column":8}}]},"38":{"line":414,"type":"if","locations":[{"start":{"line":414,"column":8},"end":{"line":414,"column":8}},{"start":{"line":414,"column":8},"end":{"line":414,"column":8}}]},"39":{"line":419,"type":"if","locations":[{"start":{"line":419,"column":8},"end":{"line":419,"column":8}},{"start":{"line":419,"column":8},"end":{"line":419,"column":8}}]},"40":{"line":465,"type":"if","locations":[{"start":{"line":465,"column":8},"end":{"line":465,"column":8}},{"start":{"line":465,"column":8},"end":{"line":465,"column":8}}]},"41":{"line":472,"type":"if","locations":[{"start":{"line":472,"column":8},"end":{"line":472,"column":8}},{"start":{"line":472,"column":8},"end":{"line":472,"column":8}}]},"42":{"line":506,"type":"if","locations":[{"start":{"line":506,"column":8},"end":{"line":506,"column":8}},{"start":{"line":506,"column":8},"end":{"line":506,"column":8}}]},"43":{"line":516,"type":"if","locations":[{"start":{"line":516,"column":8},"end":{"line":516,"column":8}},{"start":{"line":516,"column":8},"end":{"line":516,"column":8}}]},"44":{"line":526,"type":"if","locations":[{"start":{"line":526,"column":8},"end":{"line":526,"column":8}},{"start":{"line":526,"column":8},"end":{"line":526,"column":8}}]},"45":{"line":527,"type":"if","locations":[{"start":{"line":527,"column":8},"end":{"line":527,"column":8}},{"start":{"line":527,"column":8},"end":{"line":527,"column":8}}]},"46":{"line":537,"type":"if","locations":[{"start":{"line":537,"column":8},"end":{"line":537,"column":8}},{"start":{"line":537,"column":8},"end":{"line":537,"column":8}}]},"47":{"line":550,"type":"if","locations":[{"start":{"line":550,"column":8},"end":{"line":550,"column":8}},{"start":{"line":550,"column":8},"end":{"line":550,"column":8}}]},"48":{"line":561,"type":"if","locations":[{"start":{"line":561,"column":8},"end":{"line":561,"column":8}},{"start":{"line":561,"column":8},"end":{"line":561,"column":8}}]},"49":{"line":575,"type":"if","locations":[{"start":{"line":575,"column":8},"end":{"line":575,"column":8}},{"start":{"line":575,"column":8},"end":{"line":575,"column":8}}]},"50":{"line":584,"type":"if","locations":[{"start":{"line":584,"column":8},"end":{"line":584,"column":8}},{"start":{"line":584,"column":8},"end":{"line":584,"column":8}}]},"51":{"line":594,"type":"if","locations":[{"start":{"line":594,"column":8},"end":{"line":594,"column":8}},{"start":{"line":594,"column":8},"end":{"line":594,"column":8}}]},"52":{"line":603,"type":"if","locations":[{"start":{"line":603,"column":12},"end":{"line":603,"column":12}},{"start":{"line":603,"column":12},"end":{"line":603,"column":12}}]},"53":{"line":636,"type":"if","locations":[{"start":{"line":636,"column":8},"end":{"line":636,"column":8}},{"start":{"line":636,"column":8},"end":{"line":636,"column":8}}]},"54":{"line":646,"type":"if","locations":[{"start":{"line":646,"column":8},"end":{"line":646,"column":8}},{"start":{"line":646,"column":8},"end":{"line":646,"column":8}}]},"55":{"line":649,"type":"if","locations":[{"start":{"line":649,"column":8},"end":{"line":649,"column":8}},{"start":{"line":649,"column":8},"end":{"line":649,"column":8}}]},"56":{"line":650,"type":"if","locations":[{"start":{"line":650,"column":8},"end":{"line":650,"column":8}},{"start":{"line":650,"column":8},"end":{"line":650,"column":8}}]},"57":{"line":671,"type":"if","locations":[{"start":{"line":671,"column":8},"end":{"line":671,"column":8}},{"start":{"line":671,"column":8},"end":{"line":671,"column":8}}]}}},"contracts/convex-platform/contracts/contracts/BoosterOwner.sol":{"l":{"77":144,"78":144,"79":144,"80":144,"81":144,"82":144,"86":282,"87":280,"91":0,"92":0,"96":0,"97":0,"98":0,"99":0,"103":0,"104":0,"109":0,"112":0,"116":0,"120":0,"124":237,"128":40,"132":0,"136":0,"140":3,"143":3,"144":3,"145":9,"146":9,"150":3,"151":3,"159":0,"160":0,"162":0,"163":0,"165":0,"170":0,"171":0,"173":0,"174":0,"185":0,"187":0,"189":0,"197":0,"202":0,"207":0,"212":0,"217":0},"path":"/Users/cchavez/aura/workspace/aura-contracts/contracts/convex-platform/contracts/contracts/BoosterOwner.sol","s":{"1":144,"2":144,"3":144,"4":144,"5":144,"6":144,"7":282,"8":0,"9":0,"10":0,"11":0,"12":0,"13":0,"14":0,"15":0,"16":0,"17":0,"18":0,"19":0,"20":237,"21":40,"22":0,"23":0,"24":3,"25":3,"26":3,"27":9,"28":9,"29":3,"30":3,"31":0,"32":0,"33":0,"34":0,"35":0,"36":0,"37":0,"38":0,"39":0,"40":0,"41":0,"42":0,"43":0,"44":0,"45":0,"46":0,"47":0},"b":{"1":[280,2],"2":[0,0],"3":[0,0],"4":[3,0],"5":[9,0],"6":[0,0],"7":[0,0],"8":[0,0],"9":[0,0],"10":[0,0]},"f":{"1":144,"2":282,"3":0,"4":0,"5":0,"6":0,"7":0,"8":0,"9":237,"10":40,"11":0,"12":0,"13":3,"14":0,"15":0,"16":0,"17":0,"18":0,"19":0,"20":0,"21":0},"fnMap":{"1":{"name":"constructor","line":69,"loc":{"start":{"line":69,"column":4},"end":{"line":83,"column":4}}},"2":{"name":"onlyOwner","line":85,"loc":{"start":{"line":85,"column":4},"end":{"line":88,"column":4}}},"3":{"name":"transferOwnership","line":90,"loc":{"start":{"line":90,"column":4},"end":{"line":93,"column":4}}},"4":{"name":"acceptOwnership","line":95,"loc":{"start":{"line":95,"column":4},"end":{"line":100,"column":4}}},"5":{"name":"sealOwnership","line":102,"loc":{"start":{"line":102,"column":4},"end":{"line":105,"column":4}}},"6":{"name":"setBoosterOwner","line":107,"loc":{"start":{"line":107,"column":4},"end":{"line":113,"column":4}}},"7":{"name":"setFactories","line":115,"loc":{"start":{"line":115,"column":4},"end":{"line":117,"column":4}}},"8":{"name":"setArbitrator","line":119,"loc":{"start":{"line":119,"column":4},"end":{"line":121,"column":4}}},"9":{"name":"setFeeInfo","line":123,"loc":{"start":{"line":123,"column":4},"end":{"line":125,"column":4}}},"10":{"name":"updateFeeInfo","line":127,"loc":{"start":{"line":127,"column":4},"end":{"line":129,"column":4}}},"11":{"name":"setFeeManager","line":131,"loc":{"start":{"line":131,"column":4},"end":{"line":133,"column":4}}},"12":{"name":"setVoteDelegate","line":135,"loc":{"start":{"line":135,"column":4},"end":{"line":137,"column":4}}},"13":{"name":"shutdownSystem","line":139,"loc":{"start":{"line":139,"column":4},"end":{"line":152,"column":4}}},"14":{"name":"queueForceShutdown","line":158,"loc":{"start":{"line":158,"column":4},"end":{"line":166,"column":4}}},"15":{"name":"forceShutdownSystem","line":169,"loc":{"start":{"line":169,"column":4},"end":{"line":175,"column":4}}},"16":{"name":"execute","line":184,"loc":{"start":{"line":180,"column":4},"end":{"line":190,"column":4}}},"17":{"name":"setRescueTokenDistribution","line":196,"loc":{"start":{"line":196,"column":4},"end":{"line":198,"column":4}}},"18":{"name":"setRescueTokenReward","line":201,"loc":{"start":{"line":201,"column":4},"end":{"line":203,"column":4}}},"19":{"name":"setStashExtraReward","line":206,"loc":{"start":{"line":206,"column":4},"end":{"line":208,"column":4}}},"20":{"name":"setStashRewardHook","line":211,"loc":{"start":{"line":211,"column":4},"end":{"line":213,"column":4}}},"21":{"name":"setStashFactoryImplementation","line":216,"loc":{"start":{"line":216,"column":4},"end":{"line":218,"column":4}}}},"statementMap":{"1":{"start":{"line":77,"column":8},"end":{"line":77,"column":21}},"2":{"start":{"line":78,"column":8},"end":{"line":78,"column":33}},"3":{"start":{"line":79,"column":8},"end":{"line":79,"column":25}},"4":{"start":{"line":80,"column":8},"end":{"line":80,"column":35}},"5":{"start":{"line":81,"column":8},"end":{"line":81,"column":33}},"6":{"start":{"line":82,"column":8},"end":{"line":82,"column":23}},"7":{"start":{"line":86,"column":8},"end":{"line":86,"column":45}},"8":{"start":{"line":91,"column":8},"end":{"line":91,"column":28}},"9":{"start":{"line":92,"column":8},"end":{"line":92,"column":38}},"10":{"start":{"line":96,"column":8},"end":{"line":96,"column":59}},"11":{"start":{"line":97,"column":8},"end":{"line":97,"column":27}},"12":{"start":{"line":98,"column":8},"end":{"line":98,"column":32}},"13":{"start":{"line":99,"column":8},"end":{"line":99,"column":37}},"14":{"start":{"line":103,"column":8},"end":{"line":103,"column":22}},"15":{"start":{"line":104,"column":8},"end":{"line":104,"column":30}},"16":{"start":{"line":109,"column":8},"end":{"line":109,"column":45}},"17":{"start":{"line":112,"column":8},"end":{"line":112,"column":38}},"18":{"start":{"line":116,"column":8},"end":{"line":116,"column":68}},"19":{"start":{"line":120,"column":8},"end":{"line":120,"column":42}},"20":{"start":{"line":124,"column":8},"end":{"line":124,"column":56}},"21":{"start":{"line":128,"column":8},"end":{"line":128,"column":56}},"22":{"start":{"line":132,"column":8},"end":{"line":132,"column":43}},"23":{"start":{"line":136,"column":8},"end":{"line":136,"column":53}},"24":{"start":{"line":140,"column":8},"end":{"line":140,"column":67}},"25":{"start":{"line":143,"column":8},"end":{"line":143,"column":56}},"26":{"start":{"line":144,"column":8},"end":{"line":144,"column":5060}},"27":{"start":{"line":145,"column":12},"end":{"line":145,"column":64}},"28":{"start":{"line":146,"column":12},"end":{"line":146,"column":47}},"29":{"start":{"line":150,"column":8},"end":{"line":150,"column":39}},"30":{"start":{"line":151,"column":8},"end":{"line":151,"column":31}},"31":{"start":{"line":159,"column":8},"end":{"line":159,"column":67}},"32":{"start":{"line":160,"column":8},"end":{"line":160,"column":55}},"33":{"start":{"line":162,"column":8},"end":{"line":162,"column":33}},"34":{"start":{"line":163,"column":8},"end":{"line":163,"column":53}},"35":{"start":{"line":165,"column":8},"end":{"line":165,"column":44}},"36":{"start":{"line":170,"column":8},"end":{"line":170,"column":51}},"37":{"start":{"line":171,"column":8},"end":{"line":171,"column":65}},"38":{"start":{"line":173,"column":8},"end":{"line":173,"column":39}},"39":{"start":{"line":174,"column":8},"end":{"line":174,"column":31}},"40":{"start":{"line":185,"column":8},"end":{"line":185,"column":49}},"41":{"start":{"line":187,"column":8},"end":{"line":187,"column":75}},"42":{"start":{"line":189,"column":8},"end":{"line":189,"column":32}},"43":{"start":{"line":197,"column":8},"end":{"line":197,"column":83}},"44":{"start":{"line":202,"column":8},"end":{"line":202,"column":58}},"45":{"start":{"line":207,"column":8},"end":{"line":207,"column":44}},"46":{"start":{"line":212,"column":8},"end":{"line":212,"column":42}},"47":{"start":{"line":217,"column":8},"end":{"line":217,"column":60}}},"branchMap":{"1":{"line":86,"type":"if","locations":[{"start":{"line":86,"column":8},"end":{"line":86,"column":8}},{"start":{"line":86,"column":8},"end":{"line":86,"column":8}}]},"2":{"line":96,"type":"if","locations":[{"start":{"line":96,"column":8},"end":{"line":96,"column":8}},{"start":{"line":96,"column":8},"end":{"line":96,"column":8}}]},"3":{"line":109,"type":"if","locations":[{"start":{"line":109,"column":8},"end":{"line":109,"column":8}},{"start":{"line":109,"column":8},"end":{"line":109,"column":8}}]},"4":{"line":140,"type":"if","locations":[{"start":{"line":140,"column":8},"end":{"line":140,"column":8}},{"start":{"line":140,"column":8},"end":{"line":140,"column":8}}]},"5":{"line":146,"type":"if","locations":[{"start":{"line":146,"column":12},"end":{"line":146,"column":12}},{"start":{"line":146,"column":12},"end":{"line":146,"column":12}}]},"6":{"line":159,"type":"if","locations":[{"start":{"line":159,"column":8},"end":{"line":159,"column":8}},{"start":{"line":159,"column":8},"end":{"line":159,"column":8}}]},"7":{"line":160,"type":"if","locations":[{"start":{"line":160,"column":8},"end":{"line":160,"column":8}},{"start":{"line":160,"column":8},"end":{"line":160,"column":8}}]},"8":{"line":170,"type":"if","locations":[{"start":{"line":170,"column":8},"end":{"line":170,"column":8}},{"start":{"line":170,"column":8},"end":{"line":170,"column":8}}]},"9":{"line":171,"type":"if","locations":[{"start":{"line":171,"column":8},"end":{"line":171,"column":8}},{"start":{"line":171,"column":8},"end":{"line":171,"column":8}}]},"10":{"line":185,"type":"if","locations":[{"start":{"line":185,"column":8},"end":{"line":185,"column":8}},{"start":{"line":185,"column":8},"end":{"line":185,"column":8}}]}}},"contracts/convex-platform/contracts/contracts/cCrv.sol":{"l":{"31":144,"39":144,"40":144,"47":883,"49":883,"56":0,"58":0},"path":"/Users/cchavez/aura/workspace/aura-contracts/contracts/convex-platform/contracts/contracts/cCrv.sol","s":{"1":144,"2":144,"3":144,"4":883,"5":883,"6":0,"7":0},"b":{"1":[144,0],"2":[883,0],"3":[0,0]},"f":{"1":144,"2":144,"3":883,"4":0},"fnMap":{"1":{"name":"constructor","line":29,"loc":{"start":{"line":24,"column":4},"end":{"line":32,"column":4}}},"2":{"name":"setOperator","line":38,"loc":{"start":{"line":38,"column":4},"end":{"line":41,"column":4}}},"3":{"name":"mint","line":46,"loc":{"start":{"line":46,"column":4},"end":{"line":50,"column":4}}},"4":{"name":"burn","line":55,"loc":{"start":{"line":55,"column":4},"end":{"line":59,"column":4}}}},"statementMap":{"1":{"start":{"line":31,"column":8},"end":{"line":31,"column":28}},"2":{"start":{"line":39,"column":8},"end":{"line":39,"column":47}},"3":{"start":{"line":40,"column":8},"end":{"line":40,"column":27}},"4":{"start":{"line":47,"column":8},"end":{"line":47,"column":53}},"5":{"start":{"line":49,"column":8},"end":{"line":49,"column":26}},"6":{"start":{"line":56,"column":8},"end":{"line":56,"column":53}},"7":{"start":{"line":58,"column":8},"end":{"line":58,"column":28}}},"branchMap":{"1":{"line":39,"type":"if","locations":[{"start":{"line":39,"column":8},"end":{"line":39,"column":8}},{"start":{"line":39,"column":8},"end":{"line":39,"column":8}}]},"2":{"line":47,"type":"if","locations":[{"start":{"line":47,"column":8},"end":{"line":47,"column":8}},{"start":{"line":47,"column":8},"end":{"line":47,"column":8}}]},"3":{"line":56,"type":"if","locations":[{"start":{"line":56,"column":8},"end":{"line":56,"column":8}},{"start":{"line":56,"column":8},"end":{"line":56,"column":8}}]}}},"contracts/convex-platform/contracts/contracts/ConvexMasterChef.sol":{"l":{"86":144,"87":144,"88":144,"89":144,"90":144,"94":5,"104":1066,"106":1065,"107":1064,"109":1064,"111":1064,"114":1064,"115":1064,"133":13,"135":12,"138":12,"140":11,"141":10,"142":0,"152":7302,"153":7302,"154":7302,"163":7,"164":7,"165":7,"166":7,"167":7,"168":4,"172":4,"176":4,"180":7,"185":1077,"186":1077,"187":7255,"193":7334,"194":7334,"195":41,"197":7293,"198":7293,"199":0,"200":0,"202":7293,"203":7293,"208":7293,"211":7293,"216":37,"217":37,"218":37,"219":37,"220":12,"225":12,"227":37,"232":37,"233":37,"236":37,"237":34,"238":0,"241":34,"246":0,"247":0,"248":0,"249":0,"250":0,"253":0,"254":0,"255":0,"256":0,"259":0,"260":0,"261":0,"264":0,"265":0,"269":39,"270":39,"272":39,"273":39,"276":39,"277":39,"280":38,"281":36,"282":0,"285":36,"290":0,"291":0,"292":0,"293":0,"294":0,"295":0,"298":0,"299":0,"300":0,"306":51,"307":51,"308":0,"310":51},"path":"/Users/cchavez/aura/workspace/aura-contracts/contracts/convex-platform/contracts/contracts/ConvexMasterChef.sol","s":{"1":144,"2":144,"3":144,"4":144,"5":144,"6":5,"7":1066,"8":1065,"9":1064,"10":1064,"11":1064,"12":1064,"13":1064,"14":13,"15":12,"16":12,"17":11,"18":10,"19":0,"20":7302,"21":7302,"22":7302,"23":7,"24":7,"25":7,"26":7,"27":7,"28":4,"29":4,"30":4,"31":7,"32":1077,"33":1077,"34":7255,"35":7334,"36":7334,"37":41,"38":7293,"39":7293,"40":0,"41":0,"42":7293,"43":7293,"44":7293,"45":7293,"46":37,"47":37,"48":37,"49":37,"50":12,"51":12,"52":37,"53":37,"54":37,"55":37,"56":34,"57":0,"58":34,"59":0,"60":0,"61":0,"62":0,"63":0,"64":0,"65":0,"66":0,"67":0,"68":0,"69":0,"70":0,"71":0,"72":0,"73":39,"74":39,"75":39,"76":39,"77":39,"78":39,"79":38,"80":36,"81":0,"82":36,"83":0,"84":0,"85":0,"86":0,"87":0,"88":0,"89":0,"90":0,"91":0,"92":51,"93":51,"94":0,"95":51},"b":{"1":[1065,1],"2":[1064,1],"3":[11,1],"4":[0,10],"5":[4,3],"6":[41,7293],"7":[0,7293],"8":[12,25],"9":[0,34],"10":[0,0],"11":[0,0],"12":[0,36],"13":[0,0],"14":[0,51]},"f":{"1":144,"2":5,"3":1066,"4":13,"5":7302,"6":7,"7":1077,"8":7334,"9":37,"10":0,"11":39,"12":0,"13":51},"fnMap":{"1":{"name":"constructor","line":80,"loc":{"start":{"line":80,"column":4},"end":{"line":91,"column":4}}},"2":{"name":"poolLength","line":93,"loc":{"start":{"line":93,"column":4},"end":{"line":95,"column":4}}},"3":{"name":"add","line":103,"loc":{"start":{"line":99,"column":4},"end":{"line":124,"column":4}}},"4":{"name":"set","line":132,"loc":{"start":{"line":127,"column":4},"end":{"line":144,"column":4}}},"5":{"name":"getMultiplier","line":147,"loc":{"start":{"line":147,"column":4},"end":{"line":155,"column":4}}},"6":{"name":"pendingCvx","line":158,"loc":{"start":{"line":158,"column":4},"end":{"line":181,"column":4}}},"7":{"name":"massUpdatePools","line":184,"loc":{"start":{"line":184,"column":4},"end":{"line":189,"column":4}}},"8":{"name":"updatePool","line":192,"loc":{"start":{"line":192,"column":4},"end":{"line":212,"column":4}}},"9":{"name":"deposit","line":215,"loc":{"start":{"line":215,"column":4},"end":{"line":242,"column":4}}},"10":{"name":"withdraw","line":245,"loc":{"start":{"line":245,"column":4},"end":{"line":266,"column":4}}},"11":{"name":"claim","line":268,"loc":{"start":{"line":268,"column":4},"end":{"line":286,"column":4}}},"12":{"name":"emergencyWithdraw","line":289,"loc":{"start":{"line":289,"column":4},"end":{"line":302,"column":4}}},"13":{"name":"safeRewardTransfer","line":305,"loc":{"start":{"line":305,"column":4},"end":{"line":312,"column":4}}}},"statementMap":{"1":{"start":{"line":86,"column":8},"end":{"line":86,"column":17}},"2":{"start":{"line":87,"column":8},"end":{"line":87,"column":40}},"3":{"start":{"line":88,"column":8},"end":{"line":88,"column":39}},"4":{"start":{"line":89,"column":8},"end":{"line":89,"column":31}},"5":{"start":{"line":90,"column":8},"end":{"line":90,"column":27}},"6":{"start":{"line":94,"column":8},"end":{"line":94,"column":30}},"7":{"start":{"line":104,"column":8},"end":{"line":104,"column":49}},"8":{"start":{"line":106,"column":8},"end":{"line":106,"column":75}},"9":{"start":{"line":107,"column":8},"end":{"line":107,"column":44}},"10":{"start":{"line":109,"column":8},"end":{"line":109,"column":24}},"11":{"start":{"line":111,"column":8},"end":{"line":111,"column":4351}},"12":{"start":{"line":114,"column":8},"end":{"line":114,"column":57}},"13":{"start":{"line":115,"column":8},"end":{"line":115,"column":4508}},"14":{"start":{"line":133,"column":8},"end":{"line":133,"column":24}},"15":{"start":{"line":135,"column":8},"end":{"line":135,"column":5063}},"16":{"start":{"line":138,"column":8},"end":{"line":138,"column":45}},"17":{"start":{"line":140,"column":8},"end":{"line":140,"column":46}},"18":{"start":{"line":141,"column":8},"end":{"line":141,"column":5274}},"19":{"start":{"line":142,"column":12},"end":{"line":142,"column":46}},"20":{"start":{"line":152,"column":8},"end":{"line":152,"column":59}},"21":{"start":{"line":153,"column":8},"end":{"line":153,"column":65}},"22":{"start":{"line":154,"column":8},"end":{"line":154,"column":41}},"23":{"start":{"line":163,"column":8},"end":{"line":163,"column":46}},"24":{"start":{"line":164,"column":8},"end":{"line":164,"column":53}},"25":{"start":{"line":165,"column":8},"end":{"line":165,"column":52}},"26":{"start":{"line":166,"column":8},"end":{"line":166,"column":64}},"27":{"start":{"line":167,"column":8},"end":{"line":167,"column":6121}},"28":{"start":{"line":168,"column":12},"end":{"line":168,"column":6198}},"29":{"start":{"line":172,"column":12},"end":{"line":172,"column":6352}},"30":{"start":{"line":176,"column":12},"end":{"line":176,"column":6484}},"31":{"start":{"line":180,"column":8},"end":{"line":180,"column":77}},"32":{"start":{"line":185,"column":8},"end":{"line":185,"column":40}},"33":{"start":{"line":186,"column":8},"end":{"line":186,"column":6842}},"34":{"start":{"line":187,"column":12},"end":{"line":187,"column":26}},"35":{"start":{"line":193,"column":8},"end":{"line":193,"column":46}},"36":{"start":{"line":194,"column":8},"end":{"line":194,"column":7103}},"37":{"start":{"line":195,"column":12},"end":{"line":195,"column":18}},"38":{"start":{"line":197,"column":8},"end":{"line":197,"column":64}},"39":{"start":{"line":198,"column":8},"end":{"line":198,"column":7251}},"40":{"start":{"line":199,"column":12},"end":{"line":199,"column":46}},"41":{"start":{"line":200,"column":12},"end":{"line":200,"column":18}},"42":{"start":{"line":202,"column":8},"end":{"line":202,"column":78}},"43":{"start":{"line":203,"column":8},"end":{"line":203,"column":7464}},"44":{"start":{"line":208,"column":8},"end":{"line":208,"column":7626}},"45":{"start":{"line":211,"column":8},"end":{"line":211,"column":42}},"46":{"start":{"line":216,"column":8},"end":{"line":216,"column":46}},"47":{"start":{"line":217,"column":8},"end":{"line":217,"column":58}},"48":{"start":{"line":218,"column":8},"end":{"line":218,"column":23}},"49":{"start":{"line":219,"column":8},"end":{"line":219,"column":8057}},"50":{"start":{"line":220,"column":12},"end":{"line":220,"column":8121}},"51":{"start":{"line":225,"column":12},"end":{"line":225,"column":50}},"52":{"start":{"line":227,"column":8},"end":{"line":227,"column":8318}},"53":{"start":{"line":232,"column":8},"end":{"line":232,"column":45}},"54":{"start":{"line":233,"column":8},"end":{"line":233,"column":71}},"55":{"start":{"line":236,"column":8},"end":{"line":236,"column":43}},"56":{"start":{"line":237,"column":8},"end":{"line":237,"column":8640}},"57":{"start":{"line":238,"column":12},"end":{"line":238,"column":75}},"58":{"start":{"line":241,"column":8},"end":{"line":241,"column":47}},"59":{"start":{"line":246,"column":8},"end":{"line":246,"column":46}},"60":{"start":{"line":247,"column":8},"end":{"line":247,"column":58}},"61":{"start":{"line":248,"column":8},"end":{"line":248,"column":60}},"62":{"start":{"line":249,"column":8},"end":{"line":249,"column":23}},"63":{"start":{"line":250,"column":8},"end":{"line":250,"column":9149}},"64":{"start":{"line":253,"column":8},"end":{"line":253,"column":46}},"65":{"start":{"line":254,"column":8},"end":{"line":254,"column":45}},"66":{"start":{"line":255,"column":8},"end":{"line":255,"column":71}},"67":{"start":{"line":256,"column":8},"end":{"line":256,"column":62}},"68":{"start":{"line":259,"column":8},"end":{"line":259,"column":43}},"69":{"start":{"line":260,"column":8},"end":{"line":260,"column":9571}},"70":{"start":{"line":261,"column":12},"end":{"line":261,"column":81}},"71":{"start":{"line":264,"column":8},"end":{"line":264,"column":50}},"72":{"start":{"line":265,"column":8},"end":{"line":265,"column":48}},"73":{"start":{"line":269,"column":8},"end":{"line":269,"column":46}},"74":{"start":{"line":270,"column":8},"end":{"line":270,"column":56}},"75":{"start":{"line":272,"column":8},"end":{"line":272,"column":23}},"76":{"start":{"line":273,"column":8},"end":{"line":273,"column":10032}},"77":{"start":{"line":276,"column":8},"end":{"line":276,"column":44}},"78":{"start":{"line":277,"column":8},"end":{"line":277,"column":71}},"79":{"start":{"line":280,"column":8},"end":{"line":280,"column":43}},"80":{"start":{"line":281,"column":8},"end":{"line":281,"column":10339}},"81":{"start":{"line":282,"column":12},"end":{"line":282,"column":77}},"82":{"start":{"line":285,"column":8},"end":{"line":285,"column":48}},"83":{"start":{"line":290,"column":8},"end":{"line":290,"column":46}},"84":{"start":{"line":291,"column":8},"end":{"line":291,"column":58}},"85":{"start":{"line":292,"column":8},"end":{"line":292,"column":66}},"86":{"start":{"line":293,"column":8},"end":{"line":293,"column":61}},"87":{"start":{"line":294,"column":8},"end":{"line":294,"column":22}},"88":{"start":{"line":295,"column":8},"end":{"line":295,"column":26}},"89":{"start":{"line":298,"column":8},"end":{"line":298,"column":43}},"90":{"start":{"line":299,"column":8},"end":{"line":299,"column":11028}},"91":{"start":{"line":300,"column":12},"end":{"line":300,"column":65}},"92":{"start":{"line":306,"column":8},"end":{"line":306,"column":53}},"93":{"start":{"line":307,"column":8},"end":{"line":307,"column":11392}},"94":{"start":{"line":308,"column":12},"end":{"line":308,"column":40}},"95":{"start":{"line":310,"column":12},"end":{"line":310,"column":41}}},"branchMap":{"1":{"line":104,"type":"if","locations":[{"start":{"line":104,"column":8},"end":{"line":104,"column":8}},{"start":{"line":104,"column":8},"end":{"line":104,"column":8}}]},"2":{"line":106,"type":"if","locations":[{"start":{"line":106,"column":8},"end":{"line":106,"column":8}},{"start":{"line":106,"column":8},"e
[...]
7],"14":[28,1]},"f":{"1":582,"2":4,"3":10,"4":2319,"5":14,"6":73,"7":15,"8":88,"9":55,"10":67},"fnMap":{"1":{"name":"constructor","line":50,"loc":{"start":{"line":50,"column":4},"end":{"line":69,"column":4}}},"2":{"name":"setAdmin","line":79,"loc":{"start":{"line":79,"column":4},"end":{"line":82,"column":4}}},"3":{"name":"setLocker","line":88,"loc":{"start":{"line":88,"column":4},"end":{"line":91,"column":4}}},"4":{"name":"fund","line":98,"loc":{"start":{"line":98,"column":4},"end":{"line":115,"column":4}}},"5":{"name":"cancel","line":121,"loc":{"start":{"line":121,"column":4},"end":{"line":133,"column":4}}},"6":{"name":"available","line":143,"loc":{"start":{"line":143,"column":4},"end":{"line":146,"column":4}}},"7":{"name":"remaining","line":152,"loc":{"start":{"line":152,"column":4},"end":{"line":155,"column":4}}},"8":{"name":"_totalVestedOf","line":162,"loc":{"start":{"line":162,"column":4},"end":{"line":169,"column":4}}},"9":{"name":"claim","line":175,"loc":{"start":{"line":175,"column":4},"end":{"line":177,"column":4}}},"10":{"name":"_claim","line":184,"loc":{"start":{"line":184,"column":4},"end":{"line":198,"column":4}}}},"statementMap":{"1":{"start":{"line":57,"column":8},"end":{"line":57,"column":69}},"2":{"start":{"line":58,"column":8},"end":{"line":58,"column":60}},"3":{"start":{"line":60,"column":8},"end":{"line":60,"column":41}},"4":{"start":{"line":61,"column":8},"end":{"line":61,"column":21}},"5":{"start":{"line":62,"column":8},"end":{"line":62,"column":26}},"6":{"start":{"line":63,"column":8},"end":{"line":63,"column":44}},"7":{"start":{"line":65,"column":8},"end":{"line":65,"column":29}},"8":{"start":{"line":66,"column":8},"end":{"line":66,"column":25}},"9":{"start":{"line":67,"column":8},"end":{"line":67,"column":38}},"10":{"start":{"line":68,"column":8},"end":{"line":68,"column":47}},"11":{"start":{"line":80,"column":8},"end":{"line":80,"column":44}},"12":{"start":{"line":81,"column":8},"end":{"line":81,"column":21}},"13":{"start":{"line":89,"column":8},"end":{"line":89,"column":44}},"14":{"start":{"line":90,"column":8},"end":{"line":90,"column":44}},"15":{"start":{"line":99,"column":8},"end":{"line":99,"column":59}},"16":{"start":{"line":100,"column":8},"end":{"line":100,"column":51}},"17":{"start":{"line":101,"column":8},"end":{"line":101,"column":47}},"18":{"start":{"line":102,"column":8},"end":{"line":102,"column":62}},"19":{"start":{"line":104,"column":8},"end":{"line":104,"column":31}},"20":{"start":{"line":105,"column":8},"end":{"line":105,"column":3639}},"21":{"start":{"line":106,"column":12},"end":{"line":106,"column":39}},"22":{"start":{"line":108,"column":12},"end":{"line":108,"column":47}},"23":{"start":{"line":109,"column":12},"end":{"line":109,"column":32}},"24":{"start":{"line":111,"column":12},"end":{"line":111,"column":46}},"25":{"start":{"line":113,"column":8},"end":{"line":113,"column":75}},"26":{"start":{"line":114,"column":8},"end":{"line":114,"column":25}},"27":{"start":{"line":122,"column":8},"end":{"line":122,"column":44}},"28":{"start":{"line":123,"column":8},"end":{"line":123,"column":55}},"29":{"start":{"line":125,"column":8},"end":{"line":125,"column":32}},"30":{"start":{"line":127,"column":8},"end":{"line":127,"column":45}},"31":{"start":{"line":128,"column":8},"end":{"line":128,"column":45}},"32":{"start":{"line":130,"column":8},"end":{"line":130,"column":34}},"33":{"start":{"line":132,"column":8},"end":{"line":132,"column":34}},"34":{"start":{"line":144,"column":8},"end":{"line":144,"column":68}},"35":{"start":{"line":145,"column":8},"end":{"line":145,"column":48}},"36":{"start":{"line":153,"column":8},"end":{"line":153,"column":68}},"37":{"start":{"line":154,"column":8},"end":{"line":154,"column":47}},"38":{"start":{"line":163,"column":8},"end":{"line":163,"column":5508}},"39":{"start":{"line":164,"column":12},"end":{"line":164,"column":20}},"40":{"start":{"line":166,"column":8},"end":{"line":166,"column":48}},"41":{"start":{"line":167,"column":8},"end":{"line":167,"column":43}},"42":{"start":{"line":168,"column":8},"end":{"line":168,"column":67}},"43":{"start":{"line":176,"column":8},"end":{"line":176,"column":32}},"44":{"start":{"line":185,"column":8},"end":{"line":185,"column":49}},"45":{"start":{"line":187,"column":8},"end":{"line":187,"column":44}},"46":{"start":{"line":189,"column":8},"end":{"line":189,"column":6296}},"47":{"start":{"line":190,"column":12},"end":{"line":190,"column":68}},"48":{"start":{"line":191,"column":12},"end":{"line":191,"column":66}},"49":{"start":{"line":192,"column":12},"end":{"line":192,"column":49}},"50":{"start":{"line":194,"column":12},"end":{"line":194,"column":58}},"51":{"start":{"line":197,"column":8},"end":{"line":197,"column":48}}},"branchMap":{"1":{"line":57,"type":"if","locations":[{"start":{"line":57,"column":8},"end":{"line":57,"column":8}},{"start":{"line":57,"column":8},"end":{"line":57,"column":8}}]},"2":{"line":58,"type":"if","locations":[{"start":{"line":58,"column":8},"end":{"line":58,"column":8}},{"start":{"line":58,"column":8},"end":{"line":58,"column":8}}]},"3":{"line":68,"type":"if","locations":[{"start":{"line":68,"column":8},"end":{"line":68,"column":8}},{"start":{"line":68,"column":8},"end":{"line":68,"column":8}}]},"4":{"line":80,"type":"if","locations":[{"start":{"line":80,"column":8},"end":{"line":80,"column":8}},{"start":{"line":80,"column":8},"end":{"line":80,"column":8}}]},"5":{"line":89,"type":"if","locations":[{"start":{"line":89,"column":8},"end":{"line":89,"column":8}},{"start":{"line":89,"column":8},"end":{"line":89,"column":8}}]},"6":{"line":99,"type":"if","locations":[{"start":{"line":99,"column":8},"end":{"line":99,"column":8}},{"start":{"line":99,"column":8},"end":{"line":99,"column":8}}]},"7":{"line":100,"type":"if","locations":[{"start":{"line":100,"column":8},"end":{"line":100,"column":8}},{"start":{"line":100,"column":8},"end":{"line":100,"column":8}}]},"8":{"line":101,"type":"if","locations":[{"start":{"line":101,"column":8},"end":{"line":101,"column":8}},{"start":{"line":101,"column":8},"end":{"line":101,"column":8}}]},"9":{"line":102,"type":"if","locations":[{"start":{"line":102,"column":8},"end":{"line":102,"column":8}},{"start":{"line":102,"column":8},"end":{"line":102,"column":8}}]},"10":{"line":122,"type":"if","locations":[{"start":{"line":122,"column":8},"end":{"line":122,"column":8}},{"start":{"line":122,"column":8},"end":{"line":122,"column":8}}]},"11":{"line":123,"type":"if","locations":[{"start":{"line":123,"column":8},"end":{"line":123,"column":8}},{"start":{"line":123,"column":8},"end":{"line":123,"column":8}}]},"12":{"line":163,"type":"if","locations":[{"start":{"line":163,"column":8},"end":{"line":163,"column":8}},{"start":{"line":163,"column":8},"end":{"line":163,"column":8}}]},"13":{"line":189,"type":"if","locations":[{"start":{"line":189,"column":8},"end":{"line":189,"column":8}},{"start":{"line":189,"column":8},"end":{"line":189,"column":8}}]},"14":{"line":190,"type":"if","locations":[{"start":{"line":190,"column":12},"end":{"line":190,"column":12}},{"start":{"line":190,"column":12},"end":{"line":190,"column":12}}]}}},"contracts/rewards/ExtraRewardsDistributor.sol":{"l":{"42":144,"48":153,"49":153,"60":210,"62":210,"63":210,"77":40,"79":40,"80":40,"82":39,"83":13,"85":26,"86":26,"88":25,"104":248,"105":247,"108":246,"111":246,"112":246,"113":246,"116":240,"117":240,"118":168,"122":217,"133":26,"142":25,"157":51,"159":49,"161":26,"164":26,"167":24,"181":6,"182":4,"185":3,"187":3,"198":5,"199":5,"213":2,"228":56,"230":56,"233":56,"235":55,"237":55,"238":11,"241":44,"243":44,"245":166,"246":150,"248":150,"251":43,"266":152,"267":152,"276":6},"path":"/Users/cchavez/aura/workspace/aura-contracts/contracts/rewards/ExtraRewardsDistributor.sol","s":{"1":144,"2":153,"3":153,"4":210,"5":210,"6":210,"7":40,"8":40,"9":40,"10":39,"11":13,"12":26,"13":26,"14":25,"15":248,"16":247,"17":246,"18":246,"19":246,"20":246,"21":240,"22":240,"23":168,"24":217,"25":26,"26":25,"27":51,"28":49,"29":26,"30":26,"31":24,"32":6,"33":4,"34":3,"35":3,"36":5,"37":5,"38":2,"39":56,"40":56,"41":56,"42":55,"43":55,"44":11,"45":44,"46":44,"47":166,"48":150,"49":150,"50":43,"51":152,"52":152,"53":6},"b":{"1":[39,1],"2":[13,26],"3":[25,1],"4":[247,1],"5":[246,1],"6":[168,69],"7":[26,23],"8":[4,2],"9":[3,1],"10":[11,44],"11":[150,15]},"f":{"1":144,"2":153,"3":210,"4":40,"5":248,"6":26,"7":25,"8":51,"9":6,"10":5,"11":2,"12":56,"13":152,"14":6},"fnMap":{"1":{"name":"constructor","line":41,"loc":{"start":{"line":41,"column":4},"end":{"line":43,"column":4}}},"2":{"name":"modifyWhitelist","line":47,"loc":{"start":{"line":47,"column":4},"end":{"line":50,"column":4}}},"3":{"name":"addReward","line":59,"loc":{"start":{"line":59,"column":4},"end":{"line":64,"column":4}}},"4":{"name":"addRewardToEpoch","line":72,"loc":{"start":{"line":72,"column":4},"end":{"line":90,"column":4}}},"5":{"name":"_addReward","line":103,"loc":{"start":{"line":99,"column":4},"end":{"line":123,"column":4}}},"6":{"name":"getReward","line":132,"loc":{"start":{"line":132,"column":4},"end":{"line":134,"column":4}}},"7":{"name":"getReward","line":141,"loc":{"start":{"line":141,"column":4},"end":{"line":143,"column":4}}},"8":{"name":"_getReward","line":155,"loc":{"start":{"line":151,"column":4},"end":{"line":169,"column":4}}},"9":{"name":"forfeitRewards","line":180,"loc":{"start":{"line":180,"column":4},"end":{"line":188,"column":4}}},"10":{"name":"claimableRewards","line":197,"loc":{"start":{"line":197,"column":4},"end":{"line":200,"column":4}}},"11":{"name":"claimableRewardsAtEpoch","line":208,"loc":{"start":{"line":208,"column":4},"end":{"line":214,"column":4}}},"12":{"name":"_allClaimableRewards","line":223,"loc":{"start":{"line":223,"column":4},"end":{"line":252,"column":4}}},"13":{"name":"_claimableRewards","line":260,"loc":{"start":{"line":260,"column":4},"end":{"line":268,"column":4}}},"14":{"name":"rewardEpochsCount","line":275,"loc":{"start":{"line":275,"column":4},"end":{"line":277,"column":4}}}},"statementMap":{"1":{"start":{"line":42,"column":8},"end":{"line":42,"column":44}},"2":{"start":{"line":48,"column":8},"end":{"line":48,"column":41}},"3":{"start":{"line":49,"column":8},"end":{"line":49,"column":51}},"4":{"start":{"line":60,"column":8},"end":{"line":60,"column":35}},"5":{"start":{"line":62,"column":8},"end":{"line":62,"column":57}},"6":{"start":{"line":63,"column":8},"end":{"line":63,"column":47}},"7":{"start":{"line":77,"column":8},"end":{"line":77,"column":35}},"8":{"start":{"line":79,"column":8},"end":{"line":79,"column":57}},"9":{"start":{"line":80,"column":8},"end":{"line":80,"column":68}},"10":{"start":{"line":82,"column":8},"end":{"line":82,"column":3092}},"11":{"start":{"line":83,"column":12},"end":{"line":83,"column":51}},"12":{"start":{"line":85,"column":12},"end":{"line":85,"column":53}},"13":{"start":{"line":86,"column":12},"end":{"line":86,"column":103}},"14":{"start":{"line":88,"column":12},"end":{"line":88,"column":46}},"15":{"start":{"line":104,"column":8},"end":{"line":104,"column":49}},"16":{"start":{"line":105,"column":8},"end":{"line":105,"column":38}},"17":{"start":{"line":108,"column":8},"end":{"line":108,"column":74}},"18":{"start":{"line":111,"column":8},"end":{"line":111,"column":62}},"19":{"start":{"line":112,"column":8},"end":{"line":112,"column":49}},"20":{"start":{"line":113,"column":8},"end":{"line":113,"column":42}},"21":{"start":{"line":116,"column":8},"end":{"line":116,"column":49}},"22":{"start":{"line":117,"column":8},"end":{"line":117,"column":4332}},"23":{"start":{"line":118,"column":12},"end":{"line":118,"column":44}},"24":{"start":{"line":122,"column":8},"end":{"line":122,"column":49}},"25":{"start":{"line":133,"column":8},"end":{"line":133,"column":38}},"26":{"start":{"line":142,"column":8},"end":{"line":142,"column":50}},"27":{"start":{"line":157,"column":8},"end":{"line":157,"column":102}},"28":{"start":{"line":159,"column":8},"end":{"line":159,"column":5774}},"29":{"start":{"line":161,"column":12},"end":{"line":161,"column":47}},"30":{"start":{"line":164,"column":12},"end":{"line":164,"column":65}},"31":{"start":{"line":167,"column":12},"end":{"line":167,"column":69}},"32":{"start":{"line":181,"column":8},"end":{"line":181,"column":79}},"33":{"start":{"line":182,"column":8},"end":{"line":182,"column":75}},"34":{"start":{"line":185,"column":8},"end":{"line":185,"column":50}},"35":{"start":{"line":187,"column":8},"end":{"line":187,"column":56}},"36":{"start":{"line":198,"column":8},"end":{"line":198,"column":71}},"37":{"start":{"line":199,"column":8},"end":{"line":199,"column":22}},"38":{"start":{"line":213,"column":8},"end":{"line":213,"column":58}},"39":{"start":{"line":228,"column":8},"end":{"line":228,"column":57}},"40":{"start":{"line":230,"column":8},"end":{"line":230,"column":57}},"41":{"start":{"line":233,"column":8},"end":{"line":233,"column":57}},"42":{"start":{"line":235,"column":8},"end":{"line":235,"column":71}},"43":{"start":{"line":237,"column":8},"end":{"line":237,"column":8834}},"44":{"start":{"line":238,"column":12},"end":{"line":238,"column":35}},"45":{"start":{"line":241,"column":8},"end":{"line":241,"column":35}},"46":{"start":{"line":243,"column":8},"end":{"line":243,"column":8961}},"47":{"start":{"line":245,"column":12},"end":{"line":245,"column":9089}},"48":{"start":{"line":246,"column":16},"end":{"line":246,"column":94}},"49":{"start":{"line":248,"column":16},"end":{"line":248,"column":33}},"50":{"start":{"line":251,"column":8},"end":{"line":251,"column":44}},"51":{"start":{"line":266,"column":8},"end":{"line":266,"column":71}},"52":{"start":{"line":267,"column":8},"end":{"line":267,"column":60}},"53":{"start":{"line":276,"column":8},"end":{"line":276,"column":42}}},"branchMap":{"1":{"line":80,"type":"if","locations":[{"start":{"line":80,"column":8},"end":{"line":80,"column":8}},{"start":{"line":80,"column":8},"end":{"line":80,"column":8}}]},"2":{"line":82,"type":"if","locations":[{"start":{"line":82,"column":8},"end":{"line":82,"column":8}},{"start":{"line":82,"column":8},"end":{"line":82,"column":8}}]},"3":{"line":86,"type":"if","locations":[{"start":{"line":86,"column":12},"end":{"line":86,"column":12}},{"start":{"line":86,"column":12},"end":{"line":86,"column":12}}]},"4":{"line":104,"type":"if","locations":[{"start":{"line":104,"column":8},"end":{"line":104,"column":8}},{"start":{"line":104,"column":8},"end":{"line":104,"column":8}}]},"5":{"line":105,"type":"if","locations":[{"start":{"line":105,"column":8},"end":{"line":105,"column":8}},{"start":{"line":105,"column":8},"end":{"line":105,"column":8}}]},"6":{"line":117,"type":"if","locations":[{"start":{"line":117,"column":8},"end":{"line":117,"column":8}},{"start":{"line":117,"column":8},"end":{"line":117,"column":8}}]},"7":{"line":159,"type":"if","locations":[{"start":{"line":159,"column":8},"end":{"line":159,"column":8}},{"start":{"line":159,"column":8},"end":{"line":159,"column":8}}]},"8":{"line":181,"type":"if","locations":[{"start":{"line":181,"column":8},"end":{"line":181,"column":8}},{"start":{"line":181,"column":8},"end":{"line":181,"column":8}}]},"9":{"line":182,"type":"if","locations":[{"start":{"line":182,"column":8},"end":{"line":182,"column":8}},{"start":{"line":182,"column":8},"end":{"line":182,"column":8}}]},"10":{"line":237,"type":"if","locations":[{"start":{"line":237,"column":8},"end":{"line":237,"column":8}},{"start":{"line":237,"column":8},"end":{"line":237,"column":8}}]},"11":{"line":245,"type":"if","locations":[{"start":{"line":245,"column":12},"end":{"line":245,"column":12}},{"start":{"line":245,"column":12},"end":{"line":245,"column":12}}]}}},"contracts/utils/AuraMath.sol":{"l":{"11":3650,"15":17019,"19":14344,"23":15423,"27":10988,"36":3866,"40":1345,"41":1344,"45":2404,"46":2403,"50":1000,"51":999,"55":1460,"56":1459,"60":3094,"61":3093,"68":29,"75":1220,"79":194,"86":931},"path":"/Users/cchavez/aura/workspace/aura-contracts/contracts/utils/AuraMath.sol","s":{"1":3650,"2":17019,"3":14344,"4":15423,"5":10988,"6":3866,"7":1345,"8":1344,"9":2404,"10":2403,"11":1000,"12":999,"13":1460,"14":1459,"15":3094,"16":3093,"17":29,"18":1220,"19":194,"20":931},"b":{"1":[1344,1],"2":[2403,1],"3":[999,1],"4":[1459,1],"5":[3093,1]},"f":{"1":3650,"2":17019,"3":14344,"4":15423,"5":10988,"6":3866,"7":1345,"8":2404,"9":1000,"10":1460,"11":3094,"12":29,"13":1220,"14":194,"15":932},"fnMap":{"1":{"name":"min","line":10,"loc":{"start":{"line":10,"column":4},"end":{"line":12,"column":4}}},"2":{"name":"add","line":14,"loc":{"start":{"line":14,"column":4},"end":{"line":16,"column":4}}},"3":{"name":"sub","line":18,"loc":{"start":{"line":18,"column":4},"end":{"line":20,"column":4}}},"4":{"name":"mul","line":22,"loc":{"start":{"line":22,"column":4},"end":{"line":24,"column":4}}},"5":{"name":"div","line":26,"loc":{"start":{"line":26,"column":4},"end":{"line":28,"column":4}}},"6":{"name":"average","line":34,"loc":{"start":{"line":34,"column":4},"end":{"line":37,"column":4}}},"7":{"name":"to224","line":39,"loc":{"start":{"line":39,"column":4},"end":{"line":42,"column":4}}},"8":{"name":"to128","line":44,"loc":{"start":{"line":44,"column":4},"end":{"line":47,"column":4}}},"9":{"name":"to112","line":49,"loc":{"start":{"line":49,"column":4},"end":{"line":52,"column":4}}},"10":{"name":"to96","line":54,"loc":{"start":{"line":54,"column":4},"end":{"line":57,"column":4}}},"11":{"name":"to32","line":59,"loc":{"start":{"line":59,"column":4},"end":{"line":62,"column":4}}},"12":{"name":"sub","line":67,"loc":{"start":{"line":67,"column":4},"end":{"line":69,"column":4}}},"13":{"name":"add","line":74,"loc":{"start":{"line":74,"column":4},"end":{"line":76,"column":4}}},"14":{"name":"sub","line":78,"loc":{"start":{"line":78,"column":4},"end":{"line":80,"column":4}}},"15":{"name":"add","line":85,"loc":{"start":{"line":85,"column":4},"end":{"line":87,"column":4}}}},"statementMap":{"1":{"start":{"line":11,"column":8},"end":{"line":11,"column":28}},"2":{"start":{"line":15,"column":8},"end":{"line":15,"column":16}},"3":{"start":{"line":19,"column":8},"end":{"line":19,"column":16}},"4":{"start":{"line":23,"column":8},"end":{"line":23,"column":16}},"5":{"start":{"line":27,"column":8},"end":{"line":27,"column":20}},"6":{"start":{"line":36,"column":8},"end":{"line":36,"column":60}},"7":{"start":{"line":40,"column":8},"end":{"line":40,"column":68}},"8":{"start":{"line":41,"column":8},"end":{"line":41,"column":21}},"9":{"start":{"line":45,"column":8},"end":{"line":45,"column":68}},"10":{"start":{"line":46,"column":8},"end":{"line":46,"column":21}},"11":{"start":{"line":50,"column":8},"end":{"line":50,"column":68}},"12":{"start":{"line":51,"column":8},"end":{"line":51,"column":21}},"13":{"start":{"line":55,"column":8},"end":{"line":55,"column":66}},"14":{"start":{"line":56,"column":8},"end":{"line":56,"column":20}},"15":{"start":{"line":60,"column":8},"end":{"line":60,"column":66}},"16":{"start":{"line":61,"column":8},"end":{"line":61,"column":20}},"17":{"start":{"line":68,"column":8},"end":{"line":68,"column":16}},"18":{"start":{"line":75,"column":8},"end":{"line":75,"column":16}},"19":{"start":{"line":79,"column":8},"end":{"line":79,"column":16}},"20":{"start":{"line":86,"column":8},"end":{"line":86,"column":16}}},"branchMap":{"1":{"line":40,"type":"if","locations":[{"start":{"line":40,"column":8},"end":{"line":40,"column":8}},{"start":{"line":40,"column":8},"end":{"line":40,"column":8}}]},"2":{"line":45,"type":"if","locations":[{"start":{"line":45,"column":8},"end":{"line":45,"column":8}},{"start":{"line":45,"column":8},"end":{"line":45,"column":8}}]},"3":{"line":50,"type":"if","locations":[{"start":{"line":50,"column":8},"end":{"line":50,"column":8}},{"start":{"line":50,"column":8},"end":{"line":50,"column":8}}]},"4":{"line":55,"type":"if","locations":[{"start":{"line":55,"column":8},"end":{"line":55,"column":8}},{"start":{"line":55,"column":8},"end":{"line":55,"column":8}}]},"5":{"line":60,"type":"if","locations":[{"start":{"line":60,"column":8},"end":{"line":60,"column":8}},{"start":{"line":60,"column":8},"end":{"line":60,"column":8}}]}}}}