{"contracts/Aura.sol":{"l":{"46":147,"47":147,"48":147,"57":567,"58":566,"59":565,"61":564,"62":564,"63":564,"64":564,"66":470,"73":566,"75":565,"76":565,"78":564,"79":564,"86":166,"88":165,"91":3,"95":162,"98":162,"101":162,"105":159,"109":159,"111":159,"112":159,"113":3,"115":159,"123":17,"124":16,"125":16},"path":"/Users/cchavez/aura/workspace/aura-contracts/contracts/Aura.sol","s":{"1":147,"2":147,"3":147,"4":567,"5":566,"6":565,"7":564,"8":564,"9":564,"10":564,"11":470,"12":566,"13":565,"14":565,"15":564,"16":564,"17":166,"18":165,"19":3,"20":162,"21":162,"22":162,"23":159,"24":159,"25":159,"26":159,"27":3,"28":159,"29":17,"30":16,"31":16},"b":{"1":[566,1],"2":[565,1],"3":[564,1],"4":[565,1],"5":[564,1],"6":[165,1],"7":[3,162],"8":[159,3],"9":[3,156],"10":[16,1]},"f":{"1":147,"2":567,"3":566,"4":166,"5":17},"fnMap":{"1":{"name":"constructor","line":45,"loc":{"start":{"line":41,"column":4},"end":{"line":49,"column":4}}},"2":{"name":"init","line":56,"loc":{"start":{"line":56,"column":4},"end":{"line":67,"column":4}}},"3":{"name":"updateOperator","line":72,"loc":{"start":{"line":72,"column":4},"end":{"line":80,"column":4}}},"4":{"name":"mint","line":85,"loc":{"start":{"line":85,"column":4},"end":{"line":117,"column":4}}},"5":{"name":"minterMint","line":122,"loc":{"start":{"line":122,"column":4},"end":{"line":126,"column":4}}}},"statementMap":{"1":{"start":{"line":46,"column":8},"end":{"line":46,"column":28}},"2":{"start":{"line":47,"column":8},"end":{"line":47,"column":26}},"3":{"start":{"line":48,"column":8},"end":{"line":48,"column":64}},"4":{"start":{"line":57,"column":8},"end":{"line":57,"column":55}},"5":{"start":{"line":58,"column":8},"end":{"line":58,"column":47}},"6":{"start":{"line":59,"column":8},"end":{"line":59,"column":55}},"7":{"start":{"line":61,"column":8},"end":{"line":61,"column":35}},"8":{"start":{"line":62,"column":8},"end":{"line":62,"column":23}},"9":{"start":{"line":63,"column":8},"end":{"line":63,"column":23}},"10":{"start":{"line":64,"column":8},"end":{"line":64,"column":23}},"11":{"start":{"line":66,"column":8},"end":{"line":66,"column":26}},"12":{"start":{"line":73,"column":8},"end":{"line":73,"column":43}},"13":{"start":{"line":75,"column":8},"end":{"line":75,"column":60}},"14":{"start":{"line":76,"column":8},"end":{"line":76,"column":81}},"15":{"start":{"line":78,"column":8},"end":{"line":78,"column":51}},"16":{"start":{"line":79,"column":8},"end":{"line":79,"column":29}},"17":{"start":{"line":86,"column":8},"end":{"line":86,"column":53}},"18":{"start":{"line":88,"column":8},"end":{"line":88,"column":2772}},"19":{"start":{"line":91,"column":12},"end":{"line":91,"column":18}},"20":{"start":{"line":95,"column":8},"end":{"line":95,"column":81}},"21":{"start":{"line":98,"column":8},"end":{"line":98,"column":62}},"22":{"start":{"line":101,"column":8},"end":{"line":101,"column":3309}},"23":{"start":{"line":105,"column":12},"end":{"line":105,"column":77}},"24":{"start":{"line":109,"column":12},"end":{"line":109,"column":68}},"25":{"start":{"line":111,"column":12},"end":{"line":111,"column":74}},"26":{"start":{"line":112,"column":12},"end":{"line":112,"column":4029}},"27":{"start":{"line":113,"column":16},"end":{"line":113,"column":34}},"28":{"start":{"line":115,"column":12},"end":{"line":115,"column":29}},"29":{"start":{"line":123,"column":8},"end":{"line":123,"column":51}},"30":{"start":{"line":124,"column":8},"end":{"line":124,"column":30}},"31":{"start":{"line":125,"column":8},"end":{"line":125,"column":26}}},"branchMap":{"1":{"line":57,"type":"if","locations":[{"start":{"line":57,"column":8},"end":{"line":57,"column":8}},{"start":{"line":57,"column":8},"end":{"line":57,"column":8}}]},"2":{"line":58,"type":"if","locations":[{"start":{"line":58,"column":8},"end":{"line":58,"column":8}},{"start":{"line":58,"column":8},"end":{"line":58,"column":8}}]},"3":{"line":59,"type":"if","locations":[{"start":{"line":59,"column":8},"end":{"line":59,"column":8}},{"start":{"line":59,"column":8},"end":{"line":59,"column":8}}]},"4":{"line":73,"type":"if","locations":[{"start":{"line":73,"column":8},"end":{"line":73,"column":8}},{"start":{"line":73,"column":8},"end":{"line":73,"column":8}}]},"5":{"line":76,"type":"if","locations":[{"start":{"line":76,"column":8},"end":{"line":76,"column":8}},{"start":{"line":76,"column":8},"end":{"line":76,"column":8}}]},"6":{"line":86,"type":"if","locations":[{"start":{"line":86,"column":8},"end":{"line":86,"column":8}},{"start":{"line":86,"column":8},"end":{"line":86,"column":8}}]},"7":{"line":88,"type":"if","locations":[{"start":{"line":88,"column":8},"end":{"line":88,"column":8}},{"start":{"line":88,"column":8},"end":{"line":88,"column":8}}]},"8":{"line":101,"type":"if","locations":[{"start":{"line":101,"column":8},"end":{"line":101,"column":8}},{"start":{"line":101,"column":8},"end":{"line":101,"column":8}}]},"9":{"line":112,"type":"if","locations":[{"start":{"line":112,"column":12},"end":{"line":112,"column":12}},{"start":{"line":112,"column":12},"end":{"line":112,"column":12}}]},"10":{"line":123,"type":"if","locations":[{"start":{"line":123,"column":8},"end":{"line":123,"column":8}},{"start":{"line":123,"column":8},"end":{"line":123,"column":8}}]}}},"contracts/AuraBalRewardPool.sol":{"l":{"67":151,"68":149,"69":149,"70":149,"71":148,"72":148,"73":147,"74":147,"75":146,"77":146,"78":144,"82":562,"86":156,"90":145,"91":145,"92":145,"93":145,"94":145,"96":145,"100":406,"104":291,"105":30,"107":261,"114":146,"121":37,"123":36,"124":36,"126":36,"127":32,"129":30,"133":12,"134":12,"135":9,"139":13,"142":12,"143":12,"146":12,"147":11,"149":10,"157":30,"159":29,"160":29,"162":29,"163":29,"165":29,"166":26,"169":22,"177":65,"178":65,"179":65,"180":65,"181":40,"182":40,"184":25,"185":25,"186":25,"188":50,"190":48,"197":15,"198":15,"199":15,"200":13,"207":14,"208":13,"210":12,"211":12,"213":10,"220":4,"221":3,"228":10,"229":8,"231":7,"232":7,"234":6,"236":6,"237":6,"239":6,"241":6},"path":"/Users/cchavez/aura/workspace/aura-contracts/contracts/AuraBalRewardPool.sol","s":{"1":151,"2":149,"3":149,"4":149,"5":148,"6":148,"7":147,"8":147,"9":146,"10":146,"11":144,"12":562,"13":156,"14":145,"15":145,"16":145,"17":145,"18":145,"19":406,"20":291,"21":30,"22":261,"23":146,"24":37,"25":36,"26":36,"27":36,"28":32,"29":29,"30":12,"31":12,"32":9,"33":13,"34":12,"35":12,"36":12,"37":11,"38":9,"39":30,"40":29,"41":29,"42":29,"43":29,"44":29,"45":26,"46":21,"47":65,"48":65,"49":65,"50":65,"51":40,"52":40,"53":25,"54":25,"55":25,"56":50,"57":48,"58":15,"59":15,"60":15,"61":13,"62":14,"63":13,"64":12,"65":12,"66":10,"67":4,"68":3,"69":10,"70":8,"71":7,"72":7,"73":6,"74":6,"75":6,"76":6,"77":6},"b":{"1":[149,2],"2":[148,1],"3":[147,1],"4":[146,1],"5":[144,2],"6":[145,0],"7":[30,261],"8":[36,1],"9":[12,1],"10":[29,1],"11":[26,3],"12":[65,0],"13":[40,25],"14":[13,1],"15":[12,1],"16":[3,1],"17":[8,2],"18":[7,1],"19":[6,1]},"f":{"1":151,"2":562,"3":156,"4":145,"5":406,"6":291,"7":146,"8":37,"9":12,"10":13,"11":30,"12":65,"13":15,"14":14,"15":4,"16":10},"fnMap":{"1":{"name":"constructor","line":59,"loc":{"start":{"line":59,"column":4},"end":{"line":79,"column":4}}},"2":{"name":"totalSupply","line":81,"loc":{"start":{"line":81,"column":4},"end":{"line":83,"column":4}}},"3":{"name":"balanceOf","line":85,"loc":{"start":{"line":85,"column":4},"end":{"line":87,"column":4}}},"4":{"name":"updateReward","line":89,"loc":{"start":{"line":89,"column":4},"end":{"line":97,"column":4}}},"5":{"name":"lastTimeRewardApplicable","line":99,"loc":{"start":{"line":99,"column":4},"end":{"line":101,"column":4}}},"6":{"name":"rewardPerToken","line":103,"loc":{"start":{"line":103,"column":4},"end":{"line":111,"column":4}}},"7":{"name":"earned","line":113,"loc":{"start":{"line":113,"column":4},"end":{"line":118,"column":4}}},"8":{"name":"stake","line":120,"loc":{"start":{"line":120,"column":4},"end":{"line":130,"column":4}}},"9":{"name":"stakeAll","line":132,"loc":{"start":{"line":132,"column":4},"end":{"line":136,"column":4}}},"10":{"name":"stakeFor","line":138,"loc":{"start":{"line":138,"column":4},"end":{"line":150,"column":4}}},"11":{"name":"withdraw","line":156,"loc":{"start":{"line":152,"column":4},"end":{"line":170,"column":4}}},"12":{"name":"getReward","line":176,"loc":{"start":{"line":176,"column":4},"end":{"line":191,"column":4}}},"13":{"name":"forwardPenalty","line":196,"loc":{"start":{"line":196,"column":4},"end":{"line":201,"column":4}}},"14":{"name":"rescueReward","line":206,"loc":{"start":{"line":206,"column":4},"end":{"line":214,"column":4}}},"15":{"name":"setLocker","line":219,"loc":{"start":{"line":219,"column":4},"end":{"line":222,"column":4}}},"16":{"name":"initialiseRewards","line":227,"loc":{"start":{"line":227,"column":4},"end":{"line":242,"column":4}}}},"statementMap":{"1":{"start":{"line":67,"column":8},"end":{"line":67,"column":87}},"2":{"start":{"line":68,"column":8},"end":{"line":68,"column":43}},"3":{"start":{"line":69,"column":8},"end":{"line":69,"column":41}},"4":{"start":{"line":70,"column":8},"end":{"line":70,"column":56}},"5":{"start":{"line":71,"column":8},"end":{"line":71,"column":37}},"6":{"start":{"line":72,"column":8},"end":{"line":72,"column":52}},"7":{"start":{"line":73,"column":8},"end":{"line":73,"column":44}},"8":{"start":{"line":74,"column":8},"end":{"line":74,"column":61}},"9":{"start":{"line":75,"column":8},"end":{"line":75,"column":43}},"10":{"start":{"line":77,"column":8},"end":{"line":77,"column":71}},"11":{"start":{"line":78,"column":8},"end":{"line":78,"column":48}},"12":{"start":{"line":82,"column":8},"end":{"line":82,"column":27}},"13":{"start":{"line":86,"column":8},"end":{"line":86,"column":33}},"14":{"start":{"line":90,"column":8},"end":{"line":90,"column":46}},"15":{"start":{"line":91,"column":8},"end":{"line":91,"column":50}},"16":{"start":{"line":92,"column":8},"end":{"line":92,"column":3277}},"17":{"start":{"line":93,"column":12},"end":{"line":93,"column":45}},"18":{"start":{"line":94,"column":12},"end":{"line":94,"column":65}},"19":{"start":{"line":100,"column":8},"end":{"line":100,"column":58}},"20":{"start":{"line":104,"column":8},"end":{"line":104,"column":3659}},"21":{"start":{"line":105,"column":12},"end":{"line":105,"column":39}},"22":{"start":{"line":107,"column":8},"end":{"line":107,"column":3749}},"23":{"start":{"line":114,"column":8},"end":{"line":114,"column":4001}},"24":{"start":{"line":121,"column":8},"end":{"line":121,"column":58}},"25":{"start":{"line":123,"column":8},"end":{"line":123,"column":47}},"26":{"start":{"line":124,"column":8},"end":{"line":124,"column":65}},"27":{"start":{"line":126,"column":8},"end":{"line":126,"column":72}},"28":{"start":{"line":127,"column":8},"end":{"line":127,"column":40}},"29":{"start":{"line":129,"column":8},"end":{"line":129,"column":19}},"30":{"start":{"line":133,"column":8},"end":{"line":133,"column":60}},"31":{"start":{"line":134,"column":8},"end":{"line":134,"column":21}},"32":{"start":{"line":135,"column":8},"end":{"line":135,"column":19}},"33":{"start":{"line":139,"column":8},"end":{"line":139,"column":58}},"34":{"start":{"line":142,"column":8},"end":{"line":142,"column":47}},"35":{"start":{"line":143,"column":8},"end":{"line":143,"column":53}},"36":{"start":{"line":146,"column":8},"end":{"line":146,"column":72}},"37":{"start":{"line":147,"column":8},"end":{"line":147,"column":34}},"38":{"start":{"line":149,"column":8},"end":{"line":149,"column":19}},"39":{"start":{"line":157,"column":8},"end":{"line":157,"column":60}},"40":{"start":{"line":159,"column":8},"end":{"line":159,"column":46}},"41":{"start":{"line":160,"column":8},"end":{"line":160,"column":64}},"42":{"start":{"line":162,"column":8},"end":{"line":162,"column":52}},"43":{"start":{"line":163,"column":8},"end":{"line":163,"column":42}},"44":{"start":{"line":165,"column":8},"end":{"line":165,"column":5628}},"45":{"start":{"line":166,"column":12},"end":{"line":166,"column":26}},"46":{"start":{"line":169,"column":8},"end":{"line":169,"column":19}},"47":{"start":{"line":177,"column":8},"end":{"line":177,"column":44}},"48":{"start":{"line":178,"column":8},"end":{"line":178,"column":5972}},"49":{"start":{"line":179,"column":12},"end":{"line":179,"column":34}},"50":{"start":{"line":180,"column":12},"end":{"line":180,"column":6043}},"51":{"start":{"line":181,"column":16},"end":{"line":181,"column":77}},"52":{"start":{"line":182,"column":16},"end":{"line":182,"column":50}},"53":{"start":{"line":184,"column":16},"end":{"line":184,"column":51}},"54":{"start":{"line":185,"column":16},"end":{"line":185,"column":40}},"55":{"start":{"line":186,"column":16},"end":{"line":186,"column":69}},"56":{"start":{"line":188,"column":12},"end":{"line":188,"column":54}},"57":{"start":{"line":190,"column":8},"end":{"line":190,"column":19}},"58":{"start":{"line":197,"column":8},"end":{"line":197,"column":42}},"59":{"start":{"line":198,"column":8},"end":{"line":198,"column":25}},"60":{"start":{"line":199,"column":8},"end":{"line":199,"column":60}},"61":{"start":{"line":200,"column":8},"end":{"line":200,"column":40}},"62":{"start":{"line":207,"column":8},"end":{"line":207,"column":55}},"63":{"start":{"line":208,"column":8},"end":{"line":208,"column":81}},"64":{"start":{"line":210,"column":8},"end":{"line":210,"column":62}},"65":{"start":{"line":211,"column":8},"end":{"line":211,"column":51}},"66":{"start":{"line":213,"column":8},"end":{"line":213,"column":22}},"67":{"start":{"line":220,"column":8},"end":{"line":220,"column":52}},"68":{"start":{"line":221,"column":8},"end":{"line":221,"column":43}},"69":{"start":{"line":228,"column":8},"end":{"line":228,"column":89}},"70":{"start":{"line":229,"column":8},"end":{"line":229,"column":44}},"71":{"start":{"line":231,"column":8},"end":{"line":231,"column":71}},"72":{"start":{"line":232,"column":8},"end":{"line":232,"column":48}},"73":{"start":{"line":234,"column":8},"end":{"line":234,"column":50}},"74":{"start":{"line":236,"column":8},"end":{"line":236,"column":39}},"75":{"start":{"line":237,"column":8},"end":{"line":237,"column":51}},"76":{"start":{"line":239,"column":8},"end":{"line":239,"column":42}},"77":{"start":{"line":241,"column":8},"end":{"line":241,"column":19}}},"branchMap":{"1":{"line":67,"type":"if","locations":[{"start":{"line":67,"column":8},"end":{"line":67,"column":8}},{"start":{"line":67,"column":8},"end":{"line":67,"column":8}}]},"2":{"line":70,"type":"if","locations":[{"start":{"line":70,"column":8},"end":{"line":70,"column":8}},{"start":{"line":70,"column":8},"end":{"line":70,"column":8}}]},"3":{"line":72,"type":"if","locations":[{"start":{"line":72,"column":8},"end":{"line":72,"column":8}},{"start":{"line":72,"column":8},"end":{"line":72,"column":8}}]},"4":{"line":74,"type":"if","locations":[{"start":{"line":74,"column":8},"end":{"line":74,"column":8}},{"start":{"line":74,"column":8},"end":{"line":74,"column":8}}]},"5":{"line":77,"type":"if","locations":[{"start":{"line":77,"column":8},"end":{"line":77,"column":8}},{"start":{"line":77,"column":8},"end":{"line":77,"column":8}}]},"6":{"line":92,"type":"if","locations":[{"start":{"line":92,"column":8},"end":{"line":92,"column":8}},{"start":{"line":92,"column":8},"end":{"line":92,"column":8}}]},"7":{"line":104,"type":"if","locations":[{"start":{"line":104,"column":8},"end":{"line":104,"column":8}},{"start":{"line":104,"column":8},"end":{"line":104,"column":8}}]},"8":{"line":121,"type":"if","locations":[{"start":{"line":121,"column":8},"end":{"line":121,"column":8}},{"start":{"line":121,"column":8},"end":{"line":121,"column":8}}]},"9":{"line":139,"type":"if","locations":[{"start":{"line":139,"column":8},"end":{"line":139,"column":8}},{"start":{"line":139,"column":8},"end":{"line":139,"column":8}}]},"10":{"line":157,"type":"if","locations":[{"start":{"line":157,"column":8},"end":{"line":157,"column":8}},{"start":{"line":157,"column":8},"end":{"line":157,"column":8}}]},"11":{"line":165,"type":"if","locations":[{"start":{"line":165,"column":8},"end":{"line":165,"column":8}},{"start":{"line":165,"column":8},"end":{"line":165,"column":8}}]},"12":{"line":178,"type":"if","locations":[{"start":{"line":178,"column":8},"end":{"line":178,"column":8}},{"start":{"line":178,"column":8},"end":{"line":178,"column":8}}]},"13":{"line":180,"type":"if","locations":[{"start":{"line":180,"column":12},"end":{"line":180,"column":12}},{"start":{"line":180,"column":12},"end":{"line":180,"column":12}}]},"14":{"line":207,"type":"if","locations":[{"start":{"line":207,"column":8},"end":{"line":207,"column":8}},{"start":{"line":207,"column":8},"end":{"line":207,"column":8}}]},"15":{"line":208,"type":"if","locations":[{"start":{"line":208,"column":8},"end":{"line":208,"column":8}},{"start":{"line":208,"column":8},"end":{"line":208,"column":8}}]},"16":{"line":220,"type":"if","locations":[{"start":{"line":220,"column":8},"end":{"line":220,"column":8}},{"start":{"line":220,"column":8},"end":{"line":220,"column":8}}]},"17":{"line":228,"type":"if","locations":[{"start":{"line":228,"column":8},"end":{"line":228,"column":8}},{"start":{"line":228,"column":8},"end":{"line":228,"column":8}}]},"18":{"line":229,"type":"if","locations":[{"start":{"line":229,"column":8},"end":{"line":229,"column":8}},{"start":{"line":229,"column":8},"end":{"line":229,"column":8}}]},"19":{"line":232,"type":"if","locations":[{"start":{"line":232,"column":8},"end":{"line":232,"column":8}},{"start":{"line":232,"column":8},"end":{"line":232,"column":8}}]}}},"contracts/AuraClaimZap.sol":{"l":{"67":129,"68":129,"69":129,"70":129,"71":129,"72":129,"73":129,"77":1,"87":143,"89":142,"90":142,"92":142,"93":142,"95":142,"96":141,"103":80,"128":28,"130":27,"131":27,"134":27,"135":13,"138":22,"139":0,"142":22,"143":0,"147":22,"171":22,"172":14,"176":22,"177":0,"181":22,"182":14,"183":14,"187":22,"188":14,"189":14,"191":14,"193":14,"195":14,"202":13,"204":13,"209":20,"210":0,"211":0,"212":0,"214":0,"215":0},"path":"/Users/cchavez/aura/workspace/aura-contracts/contracts/AuraClaimZap.sol","s":{"1":129,"2":129,"3":129,"4":129,"5":129,"6":129,"7":129,"8":1,"9":143,"10":142,"11":142,"12":142,"13":142,"14":142,"15":141,"16":80,"17":28,"18":27,"19":27,"20":27,"21":13,"22":22,"23":0,"24":22,"25":0,"26":22,"27":22,"28":14,"29":22,"30":0,"31":22,"32":14,"33":14,"34":22,"35":14,"36":14,"37":14,"38":14,"39":14,"40":13,"41":13,"42":20,"43":0,"44":0,"45":0,"46":0,"47":0},"b":{"1":[142,1],"2":[27,1],"3":[14,8],"4":[0,22],"5":[14,8],"6":[14,8],"7":[14,0],"8":[0,20],"9":[0,0]},"f":{"1":129,"2":1,"3":143,"4":80,"5":28,"6":22},"fnMap":{"1":{"name":"constructor","line":59,"loc":{"start":{"line":59,"column":4},"end":{"line":74,"column":4}}},"2":{"name":"getName","line":76,"loc":{"start":{"line":76,"column":4},"end":{"line":78,"column":4}}},"3":{"name":"setApprovals","line":86,"loc":{"start":{"line":86,"column":4},"end":{"line":97,"column":4}}},"4":{"name":"_checkOption","line":102,"loc":{"start":{"line":102,"column":4},"end":{"line":104,"column":4}}},"5":{"name":"claimRewards","line":118,"loc":{"start":{"line":118,"column":4},"end":{"line":148,"column":4}}},"6":{"name":"_claimExtras","line":162,"loc":{"start":{"line":162,"column":4},"end":{"line":218,"column":4}}}},"statementMap":{"1":{"start":{"line":67,"column":8},"end":{"line":67,"column":17}},"2":{"start":{"line":68,"column":8},"end":{"line":68,"column":17}},"3":{"start":{"line":69,"column":8},"end":{"line":69,"column":23}},"4":{"start":{"line":70,"column":8},"end":{"line":70,"column":45}},"5":{"start":{"line":71,"column":8},"end":{"line":71,"column":37}},"6":{"start":{"line":72,"column":8},"end":{"line":72,"column":23}},"7":{"start":{"line":73,"column":8},"end":{"line":73,"column":25}},"8":{"start":{"line":77,"column":8},"end":{"line":77,"column":30}},"9":{"start":{"line":87,"column":8},"end":{"line":87,"column":44}},"10":{"start":{"line":89,"column":8},"end":{"line":89,"column":52}},"11":{"start":{"line":90,"column":8},"end":{"line":90,"column":68}},"12":{"start":{"line":92,"column":8},"end":{"line":92,"column":51}},"13":{"start":{"line":93,"column":8},"end":{"line":93,"column":67}},"14":{"start":{"line":95,"column":8},"end":{"line":95,"column":41}},"15":{"start":{"line":96,"column":8},"end":{"line":96,"column":57}},"16":{"start":{"line":103,"column":8},"end":{"line":103,"column":42}},"17":{"start":{"line":128,"column":8},"end":{"line":128,"column":82}},"18":{"start":{"line":130,"column":8},"end":{"line":130,"column":62}},"19":{"start":{"line":131,"column":8},"end":{"line":131,"column":62}},"20":{"start":{"line":134,"column":8},"end":{"line":134,"column":4890}},"21":{"start":{"line":135,"column":12},"end":{"line":135,"column":72}},"22":{"start":{"line":138,"column":8},"end":{"line":138,"column":5073}},"23":{"start":{"line":139,"column":12},"end":{"line":139,"column":71}},"24":{"start":{"line":142,"column":8},"end":{"line":142,"column":5274}},"25":{"start":{"line":143,"column":12},"end":{"line":143,"column":93}},"26":{"start":{"line":147,"column":8},"end":{"line":147,"column":108}},"27":{"start":{"line":171,"column":8},"end":{"line":171,"column":6453}},"28":{"start":{"line":172,"column":12},"end":{"line":172,"column":67}},"29":{"start":{"line":176,"column":8},"end":{"line":176,"column":6629}},"30":{"start":{"line":177,"column":12},"end":{"line":177,"column":113}},"31":{"start":{"line":181,"column":8},"end":{"line":181,"column":6916}},"32":{"start":{"line":182,"column":12},"end":{"line":182,"column":31}},"33":{"start":{"line":183,"column":12},"end":{"line":183,"column":31}},"34":{"start":{"line":187,"column":8},"end":{"line":187,"column":7118}},"35":{"start":{"line":188,"column":12},"end":{"line":188,"column":88}},"36":{"start":{"line":189,"column":12},"end":{"line":189,"column":69}},"37":{"start":{"line":191,"column":12},"end":{"line":191,"column":7328}},"38":{"start":{"line":193,"column":16},"end":{"line":193,"column":82}},"39":{"start":{"line":195,"column":16},"end":{"line":195,"column":7508}},"40":{"start":{"line":202,"column":16},"end":{"line":202,"column":79}},"41":{"start":{"line":204,"column":16},"end":{"line":204,"column":79}},"42":{"start":{"line":209,"column":8},"end":{"line":209,"column":8019}},"43":{"start":{"line":210,"column":12},"end":{"line":210,"column":88}},"44":{"start":{"line":211,"column":12},"end":{"line":211,"column":69}},"45":{"start":{"line":212,"column":12},"end":{"line":212,"column":8279}},"46":{"start":{"line":214,"column":16},"end":{"line":214,"column":82}},"47":{"start":{"line":215,"column":16},"end":{"line":215,"column":63}}},"branchMap":{"1":{"line":87,"type":"if","locations":[{"start":{"line":87,"column":8},"end":{"line":87,"column":8}},{"start":{"line":87,"column":8},"end":{"line":87,"column":8}}]},"2":{"line":128,"type":"if","locations":[{"start":{"line":128,"column":8},"end":{"line":128,"column":8}},{"start":{"line":128,"column":8},"end":{"line":128,"column":8}}]},"3":{"line":171,"type":"if","locations":[{"start":{"line":171,"column":8},"end":{"line":171,"column":8}},{"start":{"line":171,"column":8},"end":{"line":171,"column":8}}]},"4":{"line":176,"type":"if","locations":[{"start":{"line":176,"column":8},"end":{"line":176,"column":8}},{"start":{"line":176,"column":8},"end":{"line":176,"column":8}}]},"5":{"line":181,"type":"if","locations":[{"start":{"line":181,"column":8},"end":{"line":181,"column":8}},{"start":{"line":181,"column":8},"end":{"line":181,"column":8}}]},"6":{"line":187,"type":"if","locations":[{"start":{"line":187,"column":8},"end":{"line":187,"column":8}},{"start":{"line":187,"column":8},"end":{"line":187,"column":8}}]},"7":{"line":191,"type":"if","locations":[{"start":{"line":191,"column":12},"end":{"line":191,"column":12}},{"start":{"line":191,"column":12},"end":{"line":191,"column":12}}]},"8":{"line":209,"type":"if","locations":[{"start":{"line":209,"column":8},"end":{"line":209,"column":8}},{"start":{"line":209,"column":8},"end":{"line":209,"column":8}}]},"9":{"line":212,"type":"if","locations":[{"start":{"line":212,"column":12},"end":{"line":212,"column":12}},{"start":{"line":212,"column":12},"end":{"line":212,"column":12}}]}}},"contracts/AuraLocker.sol":{"l":{"156":141,"157":141,"158":141,"160":141,"161":141,"162":141,"164":141,"165":141,"173":1241,"174":1241,"175":1241,"176":1241,"177":1341,"178":1341,"179":1339,"180":1339,"181":1338,"182":1200,"189":1238,"193":989,"195":987,"196":96,"199":985,"207":19,"209":19,"212":19,"214":18,"215":17,"220":162,"221":161,"222":160,"224":159,"225":159,"226":159,"227":159,"236":40,"237":39,"242":5,"243":4,"244":3,"245":3,"247":3,"252":12,"253":12,"258":14,"259":13,"260":12,"261":11,"266":141,"267":141,"277":911,"280":911,"285":985,"286":984,"288":983,"291":983,"294":983,"295":983,"298":982,"301":982,"302":982,"303":982,"304":981,"305":841,"307":140,"308":140,"311":953,"312":951,"313":443,"314":443,"318":930,"319":925,"321":894,"326":13,"331":13,"332":13,"333":13,"334":13,"335":13,"336":13,"337":13,"338":0,"340":13,"342":12,"348":14,"349":14,"350":13,"351":26,"352":26,"353":26,"354":26,"355":26,"356":26,"357":25,"363":310,"368":1293,"372":1293,"373":1293,"374":509,"375":2054,"376":2054,"383":173,"388":14,"393":14,"395":13,"396":13,"398":13,"399":13,"401":12,"402":12,"403":12,"405":12,"407":12,"417":187,"418":187,"419":187,"420":187,"421":187,"422":187,"425":187,"429":186,"431":101,"434":101,"440":101,"441":13,"442":13,"443":13,"444":13,"449":85,"450":85,"452":175,"455":90,"459":90,"460":0,"461":0,"462":0,"463":0,"466":90,"469":85,"471":186,"474":178,"475":178,"478":178,"480":178,"483":178,"485":13,"488":13,"489":12,"493":177,"494":78,"496":99,"509":490,"510":490,"511":490,"512":489,"515":487,"516":487,"517":486,"519":486,"523":486,"524":486,"525":486,"526":486,"528":486,"529":983,"531":983,"532":766,"534":983,"536":982,"537":636,"538":636,"540":346,"545":485,"548":480,"557":1586,"558":1344,"559":1343,"560":1343,"561":1061,"563":1059,"564":528,"572":62,"579":469,"580":469,"582":469,"583":2177,"584":2177,"586":469,"595":282,"602":1255,"610":1652,"617":247,"624":52,"631":44,"638":2172,"639":2172,"640":2172,"641":2172,"642":2172,"643":917,"645":1255,"646":3875,"647":3875,"656":2,"657":1,"669":2172,"670":2172,"671":2172,"672":3861,"673":3861,"674":1882,"676":1979,"680":2172,"689":206,"694":2292,"695":2292,"697":2292,"699":2292,"703":2292,"704":2292,"705":6730,"708":6730,"709":4170,"710":4017,"713":153,"718":2292,"732":1,"733":1,"734":1,"735":1,"736":1,"737":2,"738":2,"739":1,"741":2,"742":2,"743":2,"745":0,"748":1,"753":83,"758":830,"759":830,"761":830,"762":830,"764":830,"766":830,"767":6730,"768":6730,"769":749,"771":121,"773":5860,"780":323,"789":309,"793":1,"797":1,"801":1,"810":31,"811":31,"812":31,"813":31,"814":35,"815":35,"816":35,"818":31,"822":1,"826":2,"834":1235,"835":1235,"839":3121,"843":2578,"844":796,"846":1781,"861":134,"862":132,"864":130,"866":130,"868":129,"869":129,"871":129,"872":103,"873":95,"874":82,"878":26,"880":26,"881":26,"882":26,"883":13,"884":13,"886":13,"891":113,"893":113,"894":100,"896":13,"897":13,"898":13,"902":112,"903":112,"905":111,"906":109,"908":108},"path":"/Users/cchavez/aura/workspace/aura-contracts/contracts/AuraLocker.sol","s":{"1":141,"2":141,"3":141,"4":141,"5":141,"6":141,"7":141,"8":141,"9":1241,"10":1241,"11":1241,"12":1341,"13":1341,"14":1339,"15":1339,"16":1338,"17":1200,"18":989,"19":987,"20":96,"21":19,"22":19,"23":18,"24":17,"25":162,"26":161,"27":160,"28":159,"29":159,"30":159,"31":159,"32":40,"33":39,"34":5,"35":4,"36":3,"37":3,"38":3,"39":12,"40":12,"41":14,"42":13,"43":12,"44":11,"45":141,"46":141,"47":911,"48":911,"49":985,"50":984,"51":983,"52":983,"53":983,"54":983,"55":982,"56":982,"57":982,"58":982,"59":981,"60":841,"61":140,"62":140,"63":953,"64":951,"65":443,"66":443,"67":930,"68":925,"69":894,"70":13,"71":13,"72":13,"73":13,"74":13,"75":13,"76":13,"77":13,"78":0,"79":13,"80":12,"81":14,"82":14,"83":13,"84":26,"85":26,"86":26,"87":26,"88":26,"89":26,"90":25,"91":310,"92":1293,"93":1293,"94":1293,"95":509,"96":2054,"97":2054,"98":173,"99":14,"100":14,"101":13,"102":13,"103":13,"104":13,"105":12,"106":12,"107":12,"108":12,"109":12,"110":187,"111":187,"112":187,"113":187,"114":187,"115":187,"116":187,"117":186,"118":101,"119":101,"120":101,"121":13,"122":13,"123":13,"124":13,"125":85,"126":85,"127":175,"128":90,"129":90,"130":0,"131":0,"132":0,"133":0,"134":85,"135":186,"136":178,"137":178,"138":178,"139":178,"140":178,"141":13,"142":13,"143":12,"144":177,"145":78,"146":99,"147":490,"148":490,"149":490,"150":489,"151":487,"152":487,"153":486,"154":486,"155":486,"156":486,"157":486,"158":486,"159":486,"160":983,"161":983,"162":766,"163":983,"164":982,"165":636,"166":485,"167":480,"168":1586,"169":1344,"170":1343,"171":1343,"172":1061,"173":1059,"174":528,"175":531,"176":62,"177":469,"178":469,"179":469,"180":2177,"181":2177,"182":469,"183":282,"184":1255,"185":1652,"186":247,"187":52,"188":44,"189":2172,"190":2172,"191":2172,"192":2172,"193":2172,"194":917,"195":1255,"196":3875,"197":3875,"198":2,"199":1,"200":2172,"201":2172,"202":2172,"203":3861,"204":3861,"205":1882,"206":1979,"207":2172,"208":206,"209":2292,"210":2292,"211":2292,"212":2292,"213":2292,"214":2292,"215":6730,"216":6730,"217":4170,"218":4017,"219":2292,"220":1,"221":1,"222":1,"223":1,"224":1,"225":2,"226":2,"227":1,"228":2,"229":2,"230":0,"231":1,"232":83,"233":830,"234":830,"235":830,"236":830,"237":830,"238":830,"239":6730,"240":6730,"241":5981,"242":5860,"243":323,"244":309,"245":1,"246":1,"247":1,"248":31,"249":31,"250":31,"251":31,"252":35,"253":35,"254":35,"255":31,"256":1,"257":2,"258":1235,"259":1235,"260":3121,"261":2578,"262":796,"263":1781,"264":134,"265":132,"266":130,"267":130,"268":129,"269":129,"270":129,"271":103,"272":95,"273":82,"274":26,"275":26,"276":26,"277":26,"278":13,"279":13,"280":13,"281":113,"282":113,"283":100,"284":13,"285":13,"286":13,"287":112,"288":112,"289":111,"290":109,"291":108},"b":{"1":[1200,138],"2":[987,2],"3":[96,891],"4":[94,2],"5":[18,1],"6":[161,1],"7":[160,1],"8":[159,1],"9":[39,1],"10":[4,1],"11":[3,1],"12":[13,1],"13":[12,1],"14":[984,1],"15":[983,1],"16":[841,140],"17":[443,508],"18":[13,0],"19":[0,13],"20":[13,1],"21":[0,26],"22":[26,0],"23":[509,784],"24":[13,1],"25":[12,1],"26":[186,1],"27":[101,85],"28":[13,88],"29":[85,90],"30":[0,90],"31":[178,8],"32":[13,165],"33":[78,99],"34":[489,1],"35":[487,2],"36":[486,1],"37":[766,217],"38":[636,346],"39":[1344,242],"40":[1061,282],"41":[528,531],"42":[62,469],"43":[2172,0],"44":[917,1255],"45":[1,1],"46":[1882,1979],"47":[2292,0],"48":[4170,2560],"49":[4017,153],"50":[2,0],"51":[1,1],"52":[830,0],"53":[749,5981],"54":[121,5860],"55":[796,1781],"56":[132,2],"57":[130,2],"58":[129,0],"59":[103,26],"60":[13,13],"61":[100,13],"62":[112,0],"63":[111,1]},"f":{"1":141,"2":1241,"3":989,"4":19,"5":162,"6":40,"7":5,"8":12,"9":14,"10":141,"11":911,"12":985,"13":13,"14":13,"15":14,"16":310,"17":1293,"18":173,"19":14,"20":14,"21":187,"22":490,"23":1586,"24":1652,"25":247,"26":52,"27":44,"28":2172,"29":2,"30":2172,"31":206,"32":2292,"33":1,"34":83,"35":830,"36":323,"37":309,"38":1,"39":1,"40":1,"41":31,"42":1,"43":2,"44":1235,"45":3121,"46":2578,"47":134,"48":113},"fnMap":{"1":{"name":"constructor","line":155,"loc":{"start":{"line":149,"column":4},"end":{"line":166,"column":4}}},"2":{"name":"updateReward","line":172,"loc":{"start":{"line":172,"column":4},"end":{"line":190,"column":4}}},"3":{"name":"notBlacklisted","line":192,"loc":{"start":{"line":192,"column":4},"end":{"line":200,"column":4}}},"4":{"name":"modifyBlacklist","line":206,"loc":{"start":{"line":206,"column":4},"end":{"line":216,"column":4}}},"5":{"name":"addReward","line":219,"loc":{"start":{"line":219,"column":4},"end":{"line":228,"column":4}}},"6":{"name":"approveRewardDistributor","line":235,"loc":{"start":{"line":231,"column":4},"end":{"line":238,"column":4}}},"7":{"name":"setKickIncentive","line":241,"loc":{"start":{"line":241,"column":4},"end":{"line":248,"column":4}}},"8":{"name":"shutdown","line":251,"loc":{"start":{"line":251,"column":4},"end":{"line":254,"column":4}}},"9":{"name":"recoverERC20","line":257,"loc":{"start":{"line":257,"column":4},"end":{"line":262,"column":4}}},"10":{"name":"setApprovals","line":265,"loc":{"start":{"line":265,"column":4},"end":{"line":268,"column":4}}},"11":{"name":"lock","line":275,"loc":{"start":{"line":275,"column":4},"end":{"line":281,"column":4}}},"12":{"name":"_lock","line":284,"loc":{"start":{"line":284,"column":4},"end":{"line":322,"column":4}}},"13":{"name":"getReward","line":325,"loc":{"start":{"line":325,"column":4},"end":{"line":327,"column":4}}},"14":{"name":"getReward","line":330,"loc":{"start":{"line":330,"column":4},"end":{"line":345,"column":4}}},"15":{"name":"getReward","line":347,"loc":{"start":{"line":347,"column":4},"end":{"line":360,"column":4}}},"16":{"name":"checkpointEpoch","line":362,"loc":{"start":{"line":362,"column":4},"end":{"line":364,"column":4}}},"17":{"name":"_checkpointEpoch","line":367,"loc":{"start":{"line":367,"column":4},"end":{"line":379,"column":4}}},"18":{"name":"processExpiredLocks","line":382,"loc":{"start":{"line":382,"column":4},"end":{"line":384,"column":4}}},"19":{"name":"kickExpiredLocks","line":386,"loc":{"start":{"line":386,"column":4},"end":{"line":389,"column":4}}},"20":{"name":"emergencyWithdraw","line":392,"loc":{"start":{"line":392,"column":4},"end":{"line":408,"column":4}}},"21":{"name":"_processExpiredLocks","line":416,"loc":{"start":{"line":411,"column":4},"end":{"line":498,"column":4}}},"22":{"name":"delegate","line":507,"loc":{"start":{"line":507,"column":4},"end":{"line":549,"column":4}}},"23":{"name":"_checkpointDelegate","line":551,"loc":{"start":{"line":551,"column":4},"end":{"line":604,"column":4}}},"24":{"name":"delegates","line":609,"loc":{"start":{"line":609,"column":4},"end":{"line":611,"column":4}}},"25":{"name":"getVotes","line":616,"loc":{"start":{"line":616,"column":4},"end":{"line":618,"column":4}}},"26":{"name":"checkpoints","line":623,"loc":{"start":{"line":623,"column":4},"end":{"line":625,"column":4}}},"27":{"name":"numCheckpoints","line":630,"loc":{"start":{"line":630,"column":4},"end":{"line":632,"column":4}}},"28":{"name":"getPastVotes","line":637,"loc":{"start":{"line":637,"column":4},"end":{"line":649,"column":4}}},"29":{"name":"getPastTotalSupply","line":655,"loc":{"start":{"line":655,"column":4},"end":{"line":658,"column":4}}},"30":{"name":"_checkpointsLookup","line":664,"loc":{"start":{"line":664,"column":4},"end":{"line":681,"column":4}}},"31":{"name":"balanceOf","line":688,"loc":{"start":{"line":688,"column":4},"end":{"line":690,"column":4}}},"32":{"name":"balanceAtEpochOf","line":693,"loc":{"start":{"line":693,"column":4},"end":{"line":719,"column":4}}},"33":{"name":"lockedBalances","line":722,"loc":{"start":{"line":722,"column":4},"end":{"line":749,"column":4}}},"34":{"name":"totalSupply","line":752,"loc":{"start":{"line":752,"column":4},"end":{"line":754,"column":4}}},"35":{"name":"totalSupplyAtEpoch","line":757,"loc":{"start":{"line":757,"column":4},"end":{"line":776,"column":4}}},"36":{"name":"findEpochId","line":779,"loc":{"start":{"line":779,"column":4},"end":{"line":781,"column":4}}},"37":{"name":"epochCount","line":788,"loc":{"start":{"line":788,"column":4},"end":{"line":790,"column":4}}},"38":{"name":"decimals","line":792,"loc":{"start":{"line":792,"column":4},"end":{"line":794,"column":4}}},"39":{"name":"name","line":796,"loc":{"start":{"line":796,"column":4},"end":{"line":798,"column":4}}},"40":{"name":"symbol","line":800,"loc":{"start":{"line":800,"column":4},"end":{"line":802,"column":4}}},"41":{"name":"claimableRewards","line":809,"loc":{"start":{"line":809,"column":4},"end":{"line":819,"column":4}}},"42":{"name":"lastTimeRewardApplicable","line":821,"loc":{"start":{"line":821,"column":4},"end":{"line":823,"column":4}}},"43":{"name":"rewardPerToken","line":825,"loc":{"start":{"line":825,"column":4},"end":{"line":827,"column":4}}},"44":{"name":"_earned","line":829,"loc":{"start":{"line":829,"column":4},"end":{"line":836,"column":4}}},"45":{"name":"_lastTimeRewardApplicable","line":838,"loc":{"start":{"line":838,"column":4},"end":{"line":840,"column":4}}},"46":{"name":"_rewardPerToken","line":842,"loc":{"start":{"line":842,"column":4},"end":{"line":854,"column":4}}},"47":{"name":"queueNewRewards","line":860,"loc":{"start":{"line":860,"column":4},"end":{"line":888,"column":4}}},"48":{"name":"_notifyReward","line":890,"loc":{"start":{"line":890,"column":4},"end":{"line":909,"column":4}}}},"statementMap":{"1":{"start":{"line":156,"column":8},"end":{"line":156,"column":23}},"2":{"start":{"line":157,"column":8},"end":{"line":157,"column":27}},"3":{"start":{"line":158,"column":8},"end":{"line":158,"column":21}},"4":{"start":{"line":160,"column":8},"end":{"line":160,"column":43}},"5":{"start":{"line":161,"column":8},"end":{"line":161,"column":23}},"6":{"start":{"line":162,"column":8},"end":{"line":162,"column":37}},"7":{"start":{"line":164,"column":8},"end":{"line":164,"column":88}},"8":{"start":{"line":165,"column":8},"end":{"line":165,"column":68}},"9":{"start":{"line":174,"column":12},"end":{"line":174,"column":61}},"10":{"start":{"line":175,"column":12},"end":{"line":175,"column":60}},"11":{"start":{"line":176,"column":12},"end":{"line":176,"column":6425}},"12":{"start":{"line":177,"column":16},"end":{"line":177,"column":47}},"13":{"start":{"line":178,"column":16},"end":{"line":178,"column":66}},"14":{"start":{"line":179,"column":16},"end":{"line":179,"column":80}},"15":{"start":{"line":180,"column":16},"end":{"line":180,"column":114}},"16":{"start":{"line":181,"column":16},"end":{"line":181,"column":6813}},"17":{"start":{"line":182,"column":20},"end":{"line":182,"column":6868}},"18":{"start":{"line":193,"column":8},"end":{"line":193,"column":50}},"19":{"start":{"line":195,"column":8},"end":{"line":195,"column":7263}},"20":{"start":{"line":196,"column":12},"end":{"line":196,"column":56}},"21":{"start":{"line":207,"column":8},"end":{"line":207,"column":18}},"22":{"start":{"line":212,"column":8},"end":{"line":212,"column":43}},"23":{"start":{"line":214,"column":8},"end":{"line":214,"column":41}},"24":{"start":{"line":215,"column":8},"end":{"line":215,"column":54}},"25":{"start":{"line":220,"column":8},"end":{"line":220,"column":86}},"26":{"start":{"line":221,"column":8},"end":{"line":221,"column":91}},"27":{"start":{"line":222,"column":8},"end":{"line":222,"column":61}},"28":{"start":{"line":224,"column":8},"end":{"line":224,"column":39}},"29":{"start":{"line":225,"column":8},"end":{"line":225,"column":73}},"30":{"start":{"line":226,"column":8},"end":{"line":226,"column":71}},"31":{"start":{"line":227,"column":8},"end":{"line":227,"column":61}},"32":{"start":{"line":236,"column":8},"end":{"line":236,"column":85}},"33":{"start":{"line":237,"column":8},"end":{"line":237,"column":66}},"34":{"start":{"line":242,"column":8},"end":{"line":242,"column":45}},"35":{"start":{"line":243,"column":8},"end":{"line":243,"column":40}},"36":{"start":{"line":244,"column":8},"end":{"line":244,"column":33}},"37":{"start":{"line":245,"column":8},"end":{"line":245,"column":36}},"38":{"start":{"line":247,"column":8},"end":{"line":247,"column":44}},"39":{"start":{"line":252,"column":8},"end":{"line":252,"column":24}},"40":{"start":{"line":253,"column":8},"end":{"line":253,"column":23}},"41":{"start":{"line":258,"column":8},"end":{"line":258,"column":87}},"42":{"start":{"line":259,"column":8},"end":{"line":259,"column":93}},"43":{"start":{"line":260,"column":8},"end":{"line":260,"column":64}},"44":{"start":{"line":261,"column":8},"end":{"line":261,"column":51}},"45":{"start":{"line":266,"column":8},"end":{"line":266,"column":51}},"46":{"start":{"line":267,"column":8},"end":{"line":267,"column":67}},"47":{"start":{"line":277,"column":8},"end":{"line":277,"column":72}},"48":{"start":{"line":280,"column":8},"end":{"line":280,"column":31}},"49":{"start":{"line":285,"column":8},"end":{"line":285,"column":45}},"50":{"start":{"line":286,"column":8},"end":{"line":286,"column":39}},"51":{"start":{"line":288,"column":8},"end":{"line":288,"column":49}},"52":{"start":{"line":291,"column":8},"end":{"line":291,"column":25}},"53":{"start":{"line":294,"column":8},"end":{"line":294,"column":44}},"54":{"start":{"line":295,"column":8},"end":{"line":295,"column":46}},"55":{"start":{"line":298,"column":8},"end":{"line":298,"column":47}},"56":{"start":{"line":301,"column":8},"end":{"line":301,"column":88}},"57":{"start":{"line":302,"column":8},"end":{"line":302,"column":59}},"58":{"start":{"line":303,"column":8},"end":{"line":303,"column":48}},"59":{"start":{"line":304,"column":8},"end":{"line":304,"column":11481}},"60":{"start":{"line":305,"column":12},"end":{"line":305,"column":106}},"61":{"start":{"line":307,"column":12},"end":{"line":307,"column":70}},"62":{"start":{"line":308,"column":12},"end":{"line":308,"column":54}},"63":{"start":{"line":311,"column":8},"end":{"line":311,"column":47}},"64":{"start":{"line":312,"column":8},"end":{"line":312,"column":11876}},"65":{"start":{"line":313,"column":12},"end":{"line":313,"column":64}},"66":{"start":{"line":314,"column":12},"end":{"line":314,"column":56}},"67":{"start":{"line":318,"column":8},"end":{"line":318,"column":51}},"68":{"start":{"line":319,"column":8},"end":{"line":319,"column":42}},"69":{"start":{"line":321,"column":8},"end":{"line":321,"column":53}},"70":{"start":{"line":326,"column":8},"end":{"line":326,"column":33}},"71":{"start":{"line":331,"column":8},"end":{"line":331,"column":56}},"72":{"start":{"line":332,"column":8},"end":{"line":332,"column":12612}},"73":{"start":{"line":333,"column":12},"end":{"line":333,"column":51}},"74":{"start":{"line":334,"column":12},"end":{"line":334,"column":70}},"75":{"start":{"line":335,"column":12},"end":{"line":335,"column":12800}},"76":{"start":{"line":336,"column":16},"end":{"line":336,"column":60}},"77":{"start":{"line":337,"column":16},"end":{"line":337,"column":12901}},"78":{"start":{"line":338,"column":20},"end":{"line":338,"column":75}},"79":{"start":{"line":340,"column":20},"end":{"line":340,"column":71}},"80":{"start":{"line":342,"column":16},"end":{"line":342,"column":64}},"81":{"start":{"line":348,"column":8},"end":{"line":348,"column":56}},"82":{"start":{"line":349,"column":8},"end":{"line":349,"column":61}},"83":{"start":{"line":350,"column":8},"end":{"line":350,"column":13496}},"84":{"start":{"line":351,"column":12},"end":{"line":351,"column":37}},"85":{"start":{"line":352,"column":12},"end":{"line":352,"column":51}},"86":{"start":{"line":353,"column":12},"end":{"line":353,"column":70}},"87":{"start":{"line":354,"column":12},"end":{"line":354,"column":13723}},"88":{"start":{"line":355,"column":16},"end":{"line":355,"column":60}},"89":{"start":{"line":356,"column":16},"end":{"line":356,"column":67}},"90":{"start":{"line":357,"column":16},"end":{"line":357,"column":64}},"91":{"start":{"line":363,"column":8},"end":{"line":363,"column":25}},"92":{"start":{"line":368,"column":8},"end":{"line":368,"column":88}},"93":{"start":{"line":372,"column":8},"end":{"line":372,"column":71}},"94":{"start":{"line":373,"column":8},"end":{"line":373,"column":14403}},"95":{"start":{"line":374,"column":12},"end":{"line":374,"column":14455}},"96":{"start":{"line":375,"column":16},"end":{"line":375,"column":65}},"97":{"start":{"line":376,"column":16},"end":{"line":376,"column":77}},"98":{"start":{"line":383,"column":8},"end":{"line":383,"column":63}},"99":{"start":{"line":388,"column":8},"end":{"line":388,"column":99}},"100":{"start":{"line":393,"column":8},"end":{"line":393,"column":46}},"101":{"start":{"line":395,"column":8},"end":{"line":395,"column":60}},"102":{"start":{"line":396,"column":8},"end":{"line":396,"column":59}},"103":{"start":{"line":398,"column":8},"end":{"line":398,"column":40}},"104":{"start":{"line":399,"column":8},"end":{"line":399,"column":41}},"105":{"start":{"line":401,"column":8},"end":{"line":401,"column":29}},"106":{"start":{"line":402,"column":8},"end":{"line":402,"column":56}},"107":{"start":{"line":403,"column":8},"end":{"line":403,"column":26}},"108":{"start":{"line":405,"column":8},"end":{"line":405,"column":46}},"109":{"start":{"line":407,"column":8},"end":{"line":407,"column":49}},"110":{"start":{"line":417,"column":8},"end":{"line":417,"column":59}},"111":{"start":{"line":418,"column":8},"end":{"line":418,"column":57}},"112":{"start":{"line":419,"column":8},"end":{"line":419,"column":22}},"113":{"start":{"line":420,"column":8},"end":{"line":420,"column":37}},"114":{"start":{"line":421,"column":8},"end":{"line":421,"column":26}},"115":{"start":{"line":422,"column":8},"end":{"line":422,"column":16301}},"116":{"start":{"line":425,"column":8},"end":{"line":425,"column":38}},"117":{"start":{"line":429,"column":8},"end":{"line":429,"column":16601}},"118":{"start":{"line":431,"column":12},"end":{"line":431,"column":38}},"119":{"start":{"line":434,"column":12},"end":{"line":434,"column":54}},"120":{"start":{"line":440,"column":12},"end":{"line":440,"column":17242}},"121":{"start":{"line":441,"column":16},"end":{"line":441,"column":113}},"122":{"start":{"line":442,"column":16},"end":{"line":442,"column":113}},"123":{"start":{"line":443,"column":16},"end":{"line":443,"column":97}},"124":{"start":{"line":444,"column":16},"end":{"line":444,"column":67}},"125":{"start":{"line":449,"column":12},"end":{"line":449,"column":64}},"126":{"start":{"line":450,"column":12},"end":{"line":450,"column":17898}},"127":{"start":{"line":452,"column":16},"end":{"line":452,"column":59}},"128":{"start":{"line":455,"column":16},"end":{"line":455,"column":51}},"129":{"start":{"line":459,"column":16},"end":{"line":459,"column":18287}},"130":{"start":{"line":460,"column":20},"end":{"line":460,"column":117}},"131":{"start":{"line":461,"column":20},"end":{"line":461,"column":108}},"132":{"start":{"line":462,"column":20},"end":{"line":462,"column":101}},"133":{"start":{"line":463,"column":20},"end":{"line":463,"column":92}},"134":{"start":{"line":469,"column":12},"end":{"line":469,"column":56}},"135":{"start":{"line":471,"column":8},"end":{"line":471,"column":42}},"136":{"start":{"line":474,"column":8},"end":{"line":474,"column":58}},"137":{"start":{"line":475,"column":8},"end":{"line":475,"column":46}},"138":{"start":{"line":478,"column":8},"end":{"line":478,"column":53}},"139":{"start":{"line":480,"column":8},"end":{"line":480,"column":49}},"140":{"start":{"line":483,"column":8},"end":{"line":483,"column":19336}},"141":{"start":{"line":485,"column":12},"end":{"line":485,"column":46}},"142":{"start":{"line":488,"column":12},"end":{"line":488,"column":60}},"143":{"start":{"line":489,"column":12},"end":{"line":489,"column":61}},"144":{"start":{"line":493,"column":8},"end":{"line":493,"column":19668}},"145":{"start":{"line":494,"column":12},"end":{"line":494,"column":34}},"146":{"start":{"line":496,"column":12},"end":{"line":496,"column":54}},"147":{"start":{"line":509,"column":8},"end":{"line":509,"column":61}},"148":{"start":{"line":510,"column":8},"end":{"line":510,"column":34}},"149":{"start":{"line":511,"column":8},"end":{"line":511,"column":46}},"150":{"start":{"line":512,"column":8},"end":{"line":512,"column":70}},"151":{"start":{"line":515,"column":8},"end":{"line":515,"column":52}},"152":{"start":{"line":516,"column":8},"end":{"line":516,"column":73}},"153":{"start":{"line":517,"column":8},"end":{"line":517,"column":44}},"154":{"start":{"line":519,"column":8},"end":{"line":519,"column":68}},"155":{"start":{"line":523,"column":8},"end":{"line":523,"column":110}},"156":{"start":{"line":524,"column":8},"end":{"line":524,"column":27}},"157":{"start":{"line":525,"column":8},"end":{"line":525,"column":36}},"158":{"start":{"line":526,"column":8},"end":{"line":526,"column":51}},"159":{"start":{"line":528,"column":8},"end":{"line":528,"column":21031}},"160":{"start":{"line":529,"column":12},"end":{"line":529,"column":49}},"161":{"start":{"line":531,"column":12},"end":{"line":531,"column":21149}},"162":{"start":{"line":532,"column":16},"end":{"line":532,"column":91}},"163":{"start":{"line":534,"column":12},"end":{"line":534,"column":87}},"164":{"start":{"line":536,"column":12},"end":{"line":536,"column":21394}},"165":{"start":{"line":538,"column":16},"end":{"line":538,"column":37}},"166":{"start":{"line":545,"column":8},"end":{"line":545,"column":61}},"167":{"start":{"line":548,"column":8},"end":{"line":548,"column":61}},"168":{"start":{"line":557,"column":8},"end":{"line":557,"column":21971}},"169":{"start":{"line":558,"column":12},"end":{"line":558,"column":114}},"170":{"start":{"line":559,"column":12},"end":{"line":559,"column":78}},"171":{"start":{"line":560,"column":12},"end":{"line":560,"column":22213}},"172":{"start":{"line":561,"column":16},"end":{"line":561,"column":77}},"173":{"start":{"line":563,"column":16},"end":{"line":563,"column":22444}},"174":{"start":{"line":564,"column":20},"end":{"line":564,"column":22513}},"175":{"start":{"line":571,"column":21},"end":{"line":571,"column":22929}},"176":{"start":{"line":572,"column":20},"end":{"line":572,"column":23012}},"177":{"start":{"line":579,"column":20},"end":{"line":579,"column":53}},"178":{"start":{"line":580,"column":20},"end":{"line":580,"column":54}},"179":{"start":{"line":582,"column":20},"end":{"line":582,"column":23477}},"180":{"start":{"line":583,"column":24},"end":{"line":583,"column":86}},"181":{"start":{"line":584,"column":24},"end":{"line":584,"column":51}},"182":{"start":{"line":586,"column":20},"end":{"line":586,"column":23704}},"183":{"start":{"line":595,"column":16},"end":{"line":595,"column":24084}},"184":{"start":{"line":602,"column":12},"end":{"line":602,"column":47}},"185":{"start":{"line":610,"column":8},"end":{"line":610,"column":34}},"186":{"start":{"line":617,"column":8},"end":{"line":617,"column":53}},"187":{"start":{"line":624,"column":8},"end":{"line":624,"column":47}},"188":{"start":{"line":631,"column":8},"end":{"line":631,"column":56}},"189":{"start":{"line":638,"column":8},"end":{"line":638,"column":79}},"190":{"start":{"line":639,"column":8},"end":{"line":639,"column":75}},"191":{"start":{"line":640,"column":8},"end":{"line":640,"column":96}},"192":{"start":{"line":641,"column":8},"end":{"line":641,"column":25}},"193":{"start":{"line":642,"column":8},"end":{"line":642,"column":25758}},"194":{"start":{"line":643,"column":12},"end":{"line":643,"column":20}},"195":{"start":{"line":645,"column":8},"end":{"line":645,"column":25859}},"196":{"start":{"line":646,"column":12},"end":{"line":646,"column":52}},"197":{"start":{"line":647,"column":12},"end":{"line":647,"column":35}},"198":{"start":{"line":656,"column":8},"end":{"line":656,"column":78}},"199":{"start":{"line":657,"column":8},"end":{"line":657,"column":57}},"200":{"start":{"line":669,"column":8},"end":{"line":669,"column":35}},"201":{"start":{"line":670,"column":8},"end":{"line":670,"column":23}},"202":{"start":{"line":671,"column":8},"end":{"line":671,"column":26778}},"203":{"start":{"line":672,"column":12},"end":{"line":672,"column":53}},"204":{"start":{"line":673,"column":12},"end":{"line":673,"column":26870}},"205":{"start":{"line":674,"column":16},"end":{"line":674,"column":25}},"206":{"start":{"line":676,"column":16},"end":{"line":676,"column":28}},"207":{"start":{"line":680,"column":8},"end":{"line":680,"column":70}},"208":{"start":{"line":689,"column":8},"end":{"line":689,"column":68}},"209":{"start":{"line":694,"column":8},"end":{"line":694,"column":94}},"210":{"start":{"line":695,"column":8},"end":{"line":695,"column":70}},"211":{"start":{"line":697,"column":8},"end":{"line":697,"column":58}},"212":{"start":{"line":699,"column":8},"end":{"line":699,"column":56}},"213":{"start":{"line":703,"column":8},"end":{"line":703,"column":42}},"214":{"start":{"line":704,"column":8},"end":{"line":704,"column":28166}},"215":{"start":{"line":705,"column":12},"end":{"line":705,"column":82}},"216":{"start":{"line":708,"column":12},"end":{"line":708,"column":28438}},"217":{"start":{"line":709,"column":16},"end":{"line":709,"column":28488}},"218":{"start":{"line":710,"column":20},"end":{"line":710,"column":59}},"219":{"start":{"line":718,"column":8},"end":{"line":718,"column":21}},"220":{"start":{"line":732,"column":8},"end":{"line":732,"column":56}},"221":{"start":{"line":733,"column":8},"end":{"line":733,"column":54}},"222":{"start":{"line":734,"column":8},"end":{"line":734,"column":61}},"223":{"start":{"line":735,"column":8},"end":{"line":735,"column":19}},"224":{"start":{"line":736,"column":8},"end":{"line":736,"column":29247}},"225":{"start":{"line":737,"column":12},"end":{"line":737,"column":29322}},"226":{"start":{"line":738,"column":16},"end":{"line":738,"column":29387}},"227":{"start":{"line":739,"column":20},"end":{"line":739,"column":67}},"228":{"start":{"line":741,"column":16},"end":{"line":741,"column":39}},"229":{"start":{"line":743,"column":16},"end":{"line":743,"column":51}},"230":{"start":{"line":745,"column":16},"end":{"line":745,"column":59}},"231":{"start":{"line":748,"column":8},"end":{"line":748,"column":65}},"232":{"start":{"line":753,"column":8},"end":{"line":753,"column":63}},"233":{"start":{"line":758,"column":8},"end":{"line":758,"column":94}},"234":{"start":{"line":759,"column":8},"end":{"line":759,"column":70}},"235":{"start":{"line":761,"column":8},"end":{"line":761,"column":58}},"236":{"start":{"line":762,"column":8},"end":{"line":762,"column":45}},"237":{"start":{"line":764,"column":8},"end":{"line":764,"column":68}},"238":{"start":{"line":766,"column":8},"end":{"line":766,"column":30508}},"239":{"start":{"line":767,"column":12},"end":{"line":767,"column":42}},"240":{"start":{"line":768,"column":12},"end":{"line":768,"column":30615}},"241":{"start":{"line":770,"column":19},"end":{"line":770,"column":30688}},"242":{"start":{"line":773,"column":16},"end":{"line":773,"column":33}},"243":{"start":{"line":780,"column":8},"end":{"line":780,"column":61}},"244":{"start":{"line":789,"column":8},"end":{"line":789,"column":28}},"245":{"start":{"line":793,"column":8},"end":{"line":793,"column":24}},"246":{"start":{"line":797,"column":8},"end":{"line":797,"column":20}},"247":{"start":{"line":801,"column":8},"end":{"line":801,"column":22}},"248":{"start":{"line":810,"column":8},"end":{"line":810,"column":58}},"249":{"start":{"line":811,"column":8},"end":{"line":811,"column":57}},"250":{"start":{"line":812,"column":8},"end":{"line":812,"column":54}},"251":{"start":{"line":813,"column":8},"end":{"line":813,"column":32026}},"252":{"start":{"line":814,"column":12},"end":{"line":814,"column":43}},"253":{"start":{"line":815,"column":12},"end":{"line":815,"column":39}},"254":{"start":{"line":816,"column":12},"end":{"line":816,"column":79}},"255":{"start":{"line":818,"column":8},"end":{"line":818,"column":26}},"256":{"start":{"line":822,"column":8},"end":{"line":822,"column":80}},"257":{"start":{"line":826,"column":8},"end":{"line":826,"column":45}},"258":{"start":{"line":834,"column":8},"end":{"line":834,"column":61}},"259":{"start":{"line":835,"column":8},"end":{"line":835,"column":116}},"260":{"start":{"line":839,"column":8},"end":{"line":839,"column":57}},"261":{"start":{"line":843,"column":8},"end":{"line":843,"column":33196}},"262":{"start":{"line":844,"column":12},"end":{"line":844,"column":65}},"263":{"start":{"line":846,"column":8},"end":{"line":846,"column":33311}},"264":{"start":{"line":861,"column":8},"end":{"line":861,"column":76}},"265":{"start":{"line":862,"column":8},"end":{"line":862,"column":41}},"266":{"start":{"line":864,"column":8},"end":{"line":864,"column":60}},"267":{"start":{"line":866,"column":8},"end":{"line":866,"column":82}},"268":{"start":{"line":868,"column":8},"end":{"line":868,"column":60}},"269":{"start":{"line":869,"column":8},"end":{"line":869,"column":43}},"270":{"start":{"line":871,"column":8},"end":{"line":871,"column":34298}},"271":{"start":{"line":872,"column":12},"end":{"line":872,"column":49}},"272":{"start":{"line":873,"column":12},"end":{"line":873,"column":43}},"273":{"start":{"line":874,"column":12},"end":{"line":874,"column":18}},"274":{"start":{"line":878,"column":8},"end":{"line":878,"column":97}},"275":{"start":{"line":880,"column":8},"end":{"line":880,"column":61}},"276":{"start":{"line":881,"column":8},"end":{"line":881,"column":66}},"277":{"start":{"line":882,"column":8},"end":{"line":882,"column":34800}},"278":{"start":{"line":883,"column":12},"end":{"line":883,"column":49}},"279":{"start":{"line":884,"column":12},"end":{"line":884,"column":43}},"280":{"start":{"line":886,"column":12},"end":{"line":886,"column":50}},"281":{"start":{"line":891,"column":8},"end":{"line":891,"column":60}},"282":{"start":{"line":893,"column":8},"end":{"line":893,"column":35195}},"283":{"start":{"line":894,"column":12},"end":{"line":894,"column":65}},"284":{"start":{"line":896,"column":12},"end":{"line":896,"column":80}},"285":{"start":{"line":897,"column":12},"end":{"line":897,"column":62}},"286":{"start":{"line":898,"column":12},"end":{"line":898,"column":79}},"287":{"start":{"line":902,"column":8},"end":{"line":902,"column":54}},"288":{"start":{"line":903,"column":8},"end":{"line":903,"column":48}},"289":{"start":{"line":905,"column":8},"end":{"line":905,"column":52}},"290":{"start":{"line":906,"column":8},"end":{"line":906,"column":71}},"291":{"start":{"line":908,"column":8},"end":{"line":908,"column":48}}},"branchMap":{"1":{"line":181,"type":"if","locations":[{"start":{"line":181,"column":16},"end":{"line":181,"column":16}},{"start":{"line":181,"column":16},"end":{"line":181,"column":16}}]},"2":{"line":193,"type":"if","locations":[{"start":{"line":193,"column":8},"end":{"line":193,"column":8}},{"start":{"line":193,"column":8},"end":{"line":193,"column":8}}]},"3":{"line":195,"type":"if","locations":[{"start":{"line":195,"column":8},"end":{"line":195,"column":8}},{"start":{"line":195,"column":8},"end":{"line":195,"column":8}}]},"4":{"line":196,"type":"if","locations":[{"start":{"line":196,"column":12},"end":{"line":196,"column":12}},{"start":{"line":196,"column":12},"end":{"line":196,"column":12}}]},"5":{"line":212,"type":"if","locations":[{"start":{"line":212,"column":8},"end":{"line":212,"column":8}},{"start":{"line":212,"column":8},"end":{"line":212,"column":8}}]},"6":{"line":220,"type":"if","locations":[{"start":{"line":220,"column":8},"end":{"line":220,"column":8}},{"start":{"line":220,"column":8},"end":{"line":220,"column":8}}]},"7":{"line":221,"type":"if","locations":[{"start":{"line":221,"column":8},"end":{"line":221,"column":8}},{"start":{"line":221,"column":8},"end":{"line":221,"column":8}}]},"8":{"line":222,"type":"if","locations":[{"start":{"line":222,"column":8},"end":{"line":222,"column":8}},{"start":{"line":222,"column":8},"end":{"line":222,"column":8}}]},"9":{"line":236,"type":"if","locations":[{"start":{"line":236,"column":8},"end":{"line":236,"column":8}},{"start":{"line":236,"column":8},"end":{"line":236,"column":8}}]},"10":{"line":242,"type":"if","locations":[{"start":{"line":242,"column":8},"end":{"line":242,"column":8}},{"start":{"line":242,"column":8},"end":{"line":242,"column":8}}]},"11":{"line":243,"type":"if","locations":[{"start":{"line":243,"column":8},"end":{"line":243,"column":8}},{"start":{"line":243,"column":8},"end":{"line":243,"column":8}}]},"12":{"line":258,"type":"if","locations":[{"start":{"line":258,"column":8},"end":{"line":258,"column":8}},{"start":{"line":258,"column":8},"end":{"line":258,"column":8}}]},"13":{"line":259,"type":"if","locations":[{"start":{"line":259,"column":8},"end":{"line":259,"column":8}},{"start":{"line":259,"column":8},"end":{"line":259,"column":8}}]},"14":{"line":285,"type":"if","locations":[{"start":{"line":285,"column":8},"end":{"line":285,"column":8}},{"start":{"line":285,"column":8},"end":{"line":285,"column":8}}]},"15":{"line":286,"type":"if","locations":[{"start":{"line":286,"column":8},"end":{"line":286,"column":8}},{"start":{"line":286,"column":8},"end":{"line":286,"column":8}}]},"16":{"line":304,"type":"if","locations":[{"start":{"line":304,"column":8},"end":{"line":304,"column":8}},{"start":{"line":304,"column":8},"end":{"line":304,"column":8}}]},"17":{"line":312,"type":"if","locations":[{"start":{"line":312,"column":8},"end":{"line":312,"column":8}},{"start":{"line":312,"column":8},"end":{"line":312,"column":8}}]},"18":{"line":335,"type":"if","locations":[{"start":{"line":335,"column":12},"end":{"line":335,"column":12}},{"start":{"line":335,"column":12},"end":{"line":335,"column":12}}]},"19":{"line":337,"type":"if","locations":[{"start":{"line":337,"column":16},"end":{"line":337,"column":16}},{"start":{"line":337,"column":16},"end":{"line":337,"column":16}}]},"20":{"line":349,"type":"if","locations":[{"start":{"line":349,"column":8},"end":{"line":349,"column":8}},{"start":{"line":349,"column":8},"end":{"line":349,"column":8}}]},"21":{"line":351,"type":"if","locations":[{"start":{"line":351,"column":12},"end":{"line":351,"column":12}},{"start":{"line":351,"column":12},"end":{"line":351,"column":12}}]},"22":{"line":354,"type":"if","locations":[{"start":{"line":354,"column":12},"end":{"line":354,"column":12}},{"start":{"line":354,"column":12},"end":{"line":354,"column":12}}]},"23":{"line":373,"type":"if","locations":[{"start":{"line":373,"column":8},"end":{"line":373,"column":8}},{"start":{"line":373,"column":8},"end":{"line":373,"column":8}}]},"24":{"line":393,"type":"if","locations":[{"start":{"line":393,"column":8},"end":{"line":393,"column":8}},{"start":{"line":393,"column":8},"end":{"line":393,"column":8}}]},"25":{"line":399,"type":"if","locations":[{"start":{"line":399,"column":8},"end":{"line":399,"column":8}},{"start":{"line":399,"column":8},"end":{"line":399,"column":8}}]},"26":{"line":425,"type":"if","locations":[{"start":{"line":425,"column":8},"end":{"line":425,"column":8}},{"start":{"line":425,"column":8},"end":{"line":425,"column":8}}]},"27":{"line":429,"type":"if","locations":[{"start":{"line":429,"column":8},"end":{"line":429,"column":8}},{"start":{"line":429,"column":8},"end":{"line":429,"column":8}}]},"28":{"line":440,"type":"if","locations":[{"start":{"line":440,"column":12},"end":{"line":440,"column":12}},{"start":{"line":440,"column":12},"end":{"line":440,"column":12}}]},"29":{"line":452,"type":"if","locations":[{"start":{"line":452,"column":16},"end":{"line":452,"column":16}},{"start":{"line":452,"column":16},"end":{"line":452,"column":16}}]},"30":{"line":459,"type":"if","locations":[{"start":{"line":459,"column":16},"end":{"line":459,"column":16}},{"start":{"line":459,"column":16},"end":{"line":459,"column":16}}]},"31":{"line":471,"type":"if","locations":[{"start":{"line":471,"column":8},"end":{"line":471,"column":8}},{"start":{"line":471,"column":8},"end":{"line":471,"column":8}}]},"32":{"line":483,"type":"if","locations":[{"start":{"line":483,"column":8},"end":{"line":483,"column":8}},{"start":{"line":483,"column":8},"end":{"line":483,"column":8}}]},"33":{"line":493,"type":"if","locations":[{"start":{"line":493,"column":8},"end":{"line":493,"column":8}},{"start":{"line":493,"column":8},"end":{"line":493,"column":8}}]},"34":{"line":511,"type":"if","locations":[{"start":{"line":511,"column":8},"end":{"line":511,"column":8}},{"start":{"line":511,"column":8},"end":{"line":511,"column":8}}]},"35":{"line":512,"type":"if","locations":[{"start":{"line":512,"column":8},"end":{"line":512,"column":8}},{"start":{"line":512,"column":8},"end":{"line":512,"column":8}}]},"36":{"line":516,"type":"if","locations":[{"start":{"line":516,"column":8},"end":{"line":516,"column":8}},{"start":{"line":516,"column":8},"end":{"line":516,"column":8}}]},"37":{"line":531,"type":"if","locations":[{"start":{"line":531,"column":12},"end":{"line":531,"column":12}},{"start":{"line":531,"column":12},"end":{"line":531,"column":12}}]},"38":{"line":536,"type":"if","locations":[{"start":{"line":536,"column":12},"end":{"line":536,"column":12}},{"start":{"line":536,"column":12},"end":{"line":536,"column":12}}]},"39":{"line":557,"type":"if","locations":[{"start":{"line":557,"column":8},"end":{"line":557,"column":8}},{"start":{"line":557,"column":8},"end":{"line":557,"column":8}}]},"40":{"line":560,"type":"if","locations":[{"start":{"line":560,"column":12},"end":{"line":560,"column":12}},{"start":{"line":560,"column":12},"end":{"line":560,"column":12}}]},"41":{"line":563,"type":"if","locations":[{"start":{"line":563,"column":16},"end":{"line":563,"column":16}},{"start":{"line":563,"column":16},"end":{"line":563,"column":16}}]},"42":{"line":571,"type":"if","locations":[{"start":{"line":571,"column":21},"end":{"line":571,"column":21}},{"start":{"line":571,"column":21},"end":{"line":571,"column":21}}]},"43":{"line":638,"type":"if","locations":[{"start":{"line":638,"column":8},"end":{"line":638,"column":8}},{"start":{"line":638,"column":8},"end":{"line":638,"column":8}}]},"44":{"line":642,"type":"if","locations":[{"start":{"line":642,"column":8},"end":{"line":642,"column":8}},{"start":{"line":642,"column":8},"end":{"line":642,"column":8}}]},"45":{"line":656,"type":"if","locations":[{"start":{"line":656,"column":8},"end":{"line":656,"column":8}},{"start":{"line":656,"column":8},"end":{"line":656,"column":8}}]},"46":{"line":673,"type":"if","locations":[{"start":{"line":673,"column":12},"end":{"line":673,"column":12}},{"start":{"line":673,"column":12},"end":{"line":673,"column":12}}]},"47":{"line":695,"type":"if","locations":[{"start":{"line":695,"column":8},"end":{"line":695,"column":8}},{"start":{"line":695,"column":8},"end":{"line":695,"column":8}}]},"48":{"line":708,"type":"if","locations":[{"start":{"line":708,"column":12},"end":{"line":708,"column":12}},{"start":{"line":708,"column":12},"end":{"line":708,"column":12}}]},"49":{"line":709,"type":"if","locations":[{"start":{"line":709,"column":16},"end":{"line":709,"column":16}},{"start":{"line":709,"column":16},"end":{"line":709,"column":16}}]},"50":{"line":737,"type":"if","locations":[{"start":{"line":737,"column":12},"end":{"line":737,"column":12}},{"start":{"line":737,"column":12},"end":{"line":737,"column":12}}]},"51":{"line":738,"type":"if","locations":[{"start":{"line":738,"column":16},"end":{"line":738,"column":16}},{"start":{"line":738,"column":16},"end":{"line":738,"column":16}}]},"52":{"line":759,"type":"if","locations":[{"start":{"line":759,"column":8},"end":{"line":759,"column":8}},{"start":{"line":759,"column":8},"end":{"line":759,"column":8}}]},"53":{"line":768,"type":"if","locations":[{"start":{"line":768,"column":12},"end":{"line":768,"column":12}},{"start":{"line":768,"column":12},"end":{"line":768,"column":12}}]},"54":{"line":770,"type":"if","locations":[{"start":{"line":770,"column":19},"end":{"line":770,"column":19}},{"start":{"line":770,"column":19},"end":{"line":770,"column":19}}]},"55":{"line":843,"type":"if","locations":[{"start":{"line":843,"column":8},"end":{"line":843,"column":8}},{"start":{"line":843,"column":8},"end":{"line":843,"column":8}}]},"56":{"line":861,"type":"if","locations":[{"start":{"line":861,"column":8},"end":{"line":861,"column":8}},{"start":{"line":861,"column":8},"end":{"line":861,"column":8}}]},"57":{"line":862,"type":"if","locations":[{"start":{"line":862,"column":8},"end":{"line":862,"column":8}},{"start":{"line":862,"column":8},"end":{"line":862,"column":8}}]},"58":{"line":869,"type":"if","locations":[{"start":{"line":869,"column":8},"end":{"line":869,"column":8}},{"start":{"line":869,"column":8},"end":{"line":869,"column":8}}]},"59":{"line":871,"type":"if","locations":[{"start":{"line":871,"column":8},"end":{"line":871,"column":8}},{"start":{"line":871,"column":8},"end":{"line":871,"column":8}}]},"60":{"line":882,"type":"if","locations":[{"start":{"line":882,"column":8},"end":{"line":882,"column":8}},{"start":{"line":882,"column":8},"end":{"line":882,"column":8}}]},"61":{"line":893,"type":"if","locations":[{"start":{"line":893,"column":8},"end":{"line":893,"column":8}},{"start":{"line":893,"column":8},"end":{"line":893,"column":8}}]},"62":{"line":902,"type":"if","locations":[{"start":{"line":902,"column":8},"end":{"line":902,"column":8}},{"start":{"line":902,"column":8},"end":{"line":902,"column":8}}]},"63":{"line":903,"type":"if","locations":[{"start":{"line":903,"column":8},"end":{"line":903,"column":8}},{"start":{"line":903,"column":8},"end":{"line":903,"column":8}}]}}},"contracts/AuraMath.sol":{"l":{"11":3646,"15":17009,"19":14342,"23":15416,"27":10978,"36":3866,"40":1345,"41":1344,"45":2404,"46":2403,"50":1000,"51":999,"55":1456,"56":1455,"60":3085,"61":3084,"68":29,"75":1220,"79":194,"86":931},"path":"/Users/cchavez/aura/workspace/aura-contracts/contracts/AuraMath.sol","s":{"1":3646,"2":17009,"3":14342,"4":15416,"5":10978,"6":3866,"7":1345,"8":1344,"9":2404,"10":2403,"11":1000,"12":999,"13":1456,"14":1455,"15":3085,"16":3084,"17":29,"18":1220,"19":194,"20":931},"b":{"1":[1344,1],"2":[2403,1],"3":[999,1],"4":[1455,1],"5":[3084,1]},"f":{"1":3646,"2":17009,"3":14342,"4":15416,"5":10978,"6":3866,"7":1345,"8":2404,"9":1000,"10":1456,"11":3085,"12":29,"13":1220,"14":194,"15":932},"fnMap":{"1":{"name":"min","line":10,"loc":{"start":{"line":10,"column":4},"end":{"line":12,"column":4}}},"2":{"name":"add","line":14,"loc":{"start":{"line":14,"column":4},"end":{"line":16,"column":4}}},"3":{"name":"sub","line":18,"loc":{"start":{"line":18,"column":4},"end":{"line":20,"column":4}}},"4":{"name":"mul","line":22,"loc":{"start":{"line":22,"column":4},"end":{"line":24,"column":4}}},"5":{"name":"div","line":26,"loc":{"start":{"line":26,"column":4},"end":{"line":28,"column":4}}},"6":{"name":"average","line":34,"loc":{"start":{"line":34,"column":4},"end":{"line":37,"column":4}}},"7":{"name":"to224","line":39,"loc":{"start":{"line":39,"column":4},"end":{"line":42,"column":4}}},"8":{"name":"to128","line":44,"loc":{"start":{"line":44,"column":4},"end":{"line":47,"column":4}}},"9":{"name":"to112","line":49,"loc":{"start":{"line":49,"column":4},"end":{"line":52,"column":4}}},"10":{"name":"to96","line":54,"loc":{"start":{"line":54,"column":4},"end":{"line":57,"column":4}}},"11":{"name":"to32","line":59,"loc":{"start":{"line":59,"column":4},"end":{"line":62,"column":4}}},"12":{"name":"sub","line":67,"loc":{"start":{"line":67,"column":4},"end":{"line":69,"column":4}}},"13":{"name":"add","line":74,"loc":{"start":{"line":74,"column":4},"end":{"line":76,"column":4}}},"14":{"name":"sub","line":78,"loc":{"start":{"line":78,"column":4},"end":{"line":80,"column":4}}},"15":{"name":"add","line":85,"loc":{"start":{"line":85,"column":4},"end":{"line":87,"column":4}}}},"statementMap":{"1":{"start":{"line":11,"column":8},"end":{"line":11,"column":28}},"2":{"start":{"line":15,"column":8},"end":{"line":15,"column":16}},"3":{"start":{"line":19,"column":8},"end":{"line":19,"column":16}},"4":{"start":{"line":23,"column":8},"end":{"line":23,"column":16}},"5":{"start":{"line":27,"column":8},"end":{"line":27,"column":20}},"6":{"start":{"line":36,"column":8},"end":{"line":36,"column":60}},"7":{"start":{"line":40,"column":8},"end":{"line":40,"column":68}},"8":{"start":{"line":41,"column":8},"end":{"line":41,"column":21}},"9":{"start":{"line":45,"column":8},"end":{"line":45,"column":68}},"10":{"start":{"line":46,"column":8},"end":{"line":46,"column":21}},"11":{"start":{"line":50,"column":8},"end":{"line":50,"column":68}},"12":{"start":{"line":51,"column":8},"end":{"line":51,"column":21}},"13":{"start":{"line":55,"column":8},"end":{"line":55,"column":66}},"14":{"start":{"line":56,"column":8},"end":{"line":56,"column":20}},"15":{"start":{"line":60,"column":8},"end":{"line":60,"column":66}},"16":{"start":{"line":61,"column":8},"end":{"line":61,"column":20}},"17":{"start":{"line":68,"column":8},"end":{"line":68,"column":16}},"18":{"start":{"line":75,"column":8},"end":{"line":75,"column":16}},"19":{"start":{"line":79,"column":8},"end":{"line":79,"column":16}},"20":{"start":{"line":86,"column":8},"end":{"line":86,"column":16}}},"branchMap":{"1":{"line":40,"type":"if","locations":[{"start":{"line":40,"column":8},"end":{"line":40,"column":8}},{"start":{"line":40,"column":8},"end":{"line":40,"column":8}}]},"2":{"line":45,"type":"if","locations":[{"start":{"line":45,"column":8},"end":{"line":45,"column":8}},{"start":{"line":45,"column":8},"end":{"line":45,"column":8}}]},"3":{"line":50,"type":"if","locations":[{"start":{"line":50,"column":8},"end":{"line":50,"column":8}},{"start":{"line":50,"column":8},"end":{"line":50,"column":8}}]},"4":{"line":55,"type":"if","locations":[{"start":{"line":55,"column":8},"end":{"line":55,"column":8}},{"start":{"line":55,"column":8},"end":{"line":55,"column":8}}]},"5":{"line":60,"type":"if","locations":[{"start":{"line":60,"column":8},"end":{"line":60,"column":8}},{"start":{"line":60,"column":8},"end":{"line":60,"column":8}}]}}},"contracts/AuraMerkleDrop.sol":{"l":{"65":297,"66":296,"67":296,"68":296,"69":295,"70":295,"72":295,"73":295,"74":295,"76":295,"77":294,"85":7,"86":6,"87":6,"91":8,"92":7,"93":6,"94":6,"98":4,"99":3,"100":3,"104":5,"105":4,"106":3,"107":3,"108":3,"112":4,"113":3,"114":3,"118":5,"119":4,"121":3,"122":3,"124":3,"136":26,"137":25,"138":24,"139":23,"140":22,"142":21,"143":21,"145":20,"147":20,"148":14,"149":14,"150":14,"153":6,"156":6,"157":6,"160":16,"161":16,"169":12,"170":12,"171":12,"172":9},"path":"/Users/cchavez/aura/workspace/aura-contracts/contracts/AuraMerkleDrop.sol","s":{"1":297,"2":296,"3":296,"4":296,"5":295,"6":295,"7":295,"8":295,"9":295,"10":295,"11":294,"12":7,"13":6,"14":6,"15":8,"16":7,"17":6,"18":6,"19":4,"20":3,"21":3,"22":5,"23":4,"24":3,"25":3,"26":3,"27":4,"28":3,"29":3,"30":5,"31":4,"32":3,"33":3,"34":3,"35":26,"36":25,"37":24,"38":23,"39":22,"40":21,"41":21,"42":20,"43":20,"44":14,"45":14,"46":14,"47":6,"48":6,"49":6,"50":16,"51":16,"52":12,"53":12,"54":12,"55":9},"b":{"1":[296,1],"2":[295,1],"3":[294,1],"4":[6,1],"5":[7,1],"6":[6,1],"7":[3,1],"8":[4,1],"9":[3,1],"10":[3,1],"11":[4,1],"12":[3,1],"13":[25,1],"14":[24,1],"15":[23,1],"16":[22,1],"17":[21,1],"18":[20,1],"19":[14,6]},"f":{"1":297,"2":7,"3":8,"4":4,"5":5,"6":4,"7":5,"8":26,"9":12},"fnMap":{"1":{"name":"constructor","line":56,"loc":{"start":{"line":56,"column":4},"end":{"line":78,"column":4}}},"2":{"name":"setDao","line":84,"loc":{"start":{"line":84,"column":4},"end":{"line":88,"column":4}}},"3":{"name":"setRoot","line":90,"loc":{"start":{"line":90,"column":4},"end":{"line":95,"column":4}}},"4":{"name":"startEarly","line":97,"loc":{"start":{"line":97,"column":4},"end":{"line":101,"column":4}}},"5":{"name":"withdrawExpired","line":103,"loc":{"start":{"line":103,"column":4},"end":{"line":109,"column":4}}},"6":{"name":"setLocker","line":111,"loc":{"start":{"line":111,"column":4},"end":{"line":115,"column":4}}},"7":{"name":"rescueReward","line":117,"loc":{"start":{"line":117,"column":4},"end":{"line":125,"column":4}}},"8":{"name":"claim","line":131,"loc":{"start":{"line":131,"column":4},"end":{"line":162,"column":4}}},"9":{"name":"forwardPenalty","line":168,"loc":{"start":{"line":168,"column":4},"end":{"line":173,"column":4}}}},"statementMap":{"1":{"start":{"line":65,"column":8},"end":{"line":65,"column":42}},"2":{"start":{"line":66,"column":8},"end":{"line":66,"column":17}},"3":{"start":{"line":67,"column":8},"end":{"line":67,"column":31}},"4":{"start":{"line":68,"column":8},"end":{"line":68,"column":44}},"5":{"start":{"line":69,"column":8},"end":{"line":69,"column":27}},"6":{"start":{"line":70,"column":8},"end":{"line":70,"column":44}},"7":{"start":{"line":72,"column":8},"end":{"line":72,"column":43}},"8":{"start":{"line":73,"column":8},"end":{"line":73,"column":35}},"9":{"start":{"line":74,"column":8},"end":{"line":74,"column":48}},"10":{"start":{"line":76,"column":8},"end":{"line":76,"column":50}},"11":{"start":{"line":77,"column":8},"end":{"line":77,"column":45}},"12":{"start":{"line":85,"column":8},"end":{"line":85,"column":42}},"13":{"start":{"line":86,"column":8},"end":{"line":86,"column":20}},"14":{"start":{"line":87,"column":8},"end":{"line":87,"column":28}},"15":{"start":{"line":91,"column":8},"end":{"line":91,"column":42}},"16":{"start":{"line":92,"column":8},"end":{"line":92,"column":55}},"17":{"start":{"line":93,"column":8},"end":{"line":93,"column":31}},"18":{"start":{"line":94,"column":8},"end":{"line":94,"column":33}},"19":{"start":{"line":98,"column":8},"end":{"line":98,"column":42}},"20":{"start":{"line":99,"column":8},"end":{"line":99,"column":34}},"21":{"start":{"line":100,"column":8},"end":{"line":100,"column":27}},"22":{"start":{"line":104,"column":8},"end":{"line":104,"column":42}},"23":{"start":{"line":105,"column":8},"end":{"line":105,"column":56}},"24":{"start":{"line":106,"column":8},"end":{"line":106,"column":68}},"25":{"start":{"line":107,"column":8},"end":{"line":107,"column":34}},"26":{"start":{"line":108,"column":8},"end":{"line":108,"column":34}},"27":{"start":{"line":112,"column":8},"end":{"line":112,"column":42}},"28":{"start":{"line":113,"column":8},"end":{"line":113,"column":43}},"29":{"start":{"line":114,"column":8},"end":{"line":114,"column":34}},"30":{"start":{"line":118,"column":8},"end":{"line":118,"column":42}},"31":{"start":{"line":119,"column":8},"end":{"line":119,"column":91}},"32":{"start":{"line":121,"column":8},"end":{"line":121,"column":51}},"33":{"start":{"line":122,"column":8},"end":{"line":122,"column":34}},"34":{"start":{"line":124,"column":8},"end":{"line":124,"column":22}},"35":{"start":{"line":136,"column":8},"end":{"line":136,"column":49}},"36":{"start":{"line":137,"column":8},"end":{"line":137,"column":55}},"37":{"start":{"line":138,"column":8},"end":{"line":138,"column":55}},"38":{"start":{"line":139,"column":8},"end":{"line":139,"column":38}},"39":{"start":{"line":140,"column":8},"end":{"line":140,"column":66}},"40":{"start":{"line":142,"column":8},"end":{"line":142,"column":71}},"41":{"start":{"line":143,"column":8},"end":{"line":143,"column":77}},"42":{"start":{"line":145,"column":8},"end":{"line":145,"column":36}},"43":{"start":{"line":147,"column":8},"end":{"line":147,"column":4891}},"44":{"start":{"line":148,"column":12},"end":{"line":148,"column":51}},"45":{"start":{"line":149,"column":12},"end":{"line":149,"column":57}},"46":{"start":{"line":150,"column":12},"end":{"line":150,"column":47}},"47":{"start":{"line":153,"column":12},"end":{"line":153,"column":5214}},"48":{"start":{"line":156,"column":12},"end":{"line":156,"column":36}},"49":{"start":{"line":157,"column":12},"end":{"line":157,"column":59}},"50":{"start":{"line":160,"column":8},"end":{"line":160,"column":48}},"51":{"start":{"line":161,"column":8},"end":{"line":161,"column":19}},"52":{"start":{"line":169,"column":8},"end":{"line":169,"column":42}},"53":{"start":{"line":170,"column":8},"end":{"line":170,"column":25}},"54":{"start":{"line":171,"column":8},"end":{"line":171,"column":53}},"55":{"start":{"line":172,"column":8},"end":{"line":172,"column":40}}},"branchMap":{"1":{"line":65,"type":"if","locations":[{"start":{"line":65,"column":8},"end":{"line":65,"column":8}},{"start":{"line":65,"column":8},"end":{"line":65,"column":8}}]},"2":{"line":68,"type":"if","locations":[{"start":{"line":68,"column":8},"end":{"line":68,"column":8}},{"start":{"line":68,"column":8},"end":{"line":68,"column":8}}]},"3":{"line":76,"type":"if","locations":[{"start":{"line":76,"column":8},"end":{"line":76,"column":8}},{"start":{"line":76,"column":8},"end":{"line":76,"column":8}}]},"4":{"line":85,"type":"if","locations":[{"start":{"line":85,"column":8},"end":{"line":85,"column":8}},{"start":{"line":85,"column":8},"end":{"line":85,"column":8}}]},"5":{"line":91,"type":"if","locations":[{"start":{"line":91,"column":8},"end":{"line":91,"column":8}},{"start":{"line":91,"column":8},"end":{"line":91,"column":8}}]},"6":{"line":92,"type":"if","locations":[{"start":{"line":92,"column":8},"end":{"line":92,"column":8}},{"start":{"line":92,"column":8},"end":{"line":92,"column":8}}]},"7":{"line":98,"type":"if","locations":[{"start":{"line":98,"column":8},"end":{"line":98,"column":8}},{"start":{"line":98,"column":8},"end":{"line":98,"column":8}}]},"8":{"line":104,"type":"if","locations":[{"start":{"line":104,"column":8},"end":{"line":104,"column":8}},{"start":{"line":104,"column":8},"end":{"line":104,"column":8}}]},"9":{"line":105,"type":"if","locations":[{"start":{"line":105,"column":8},"end":{"line":105,"column":8}},{
[...]
ne":171,"column":5877}},"38":{"start":{"line":172,"column":12},"end":{"line":172,"column":41}},"39":{"start":{"line":174,"column":8},"end":{"line":174,"column":65}},"40":{"start":{"line":175,"column":8},"end":{"line":175,"column":6044}},"41":{"start":{"line":176,"column":12},"end":{"line":176,"column":48}},"42":{"start":{"line":177,"column":12},"end":{"line":177,"column":54}},"43":{"start":{"line":178,"column":12},"end":{"line":178,"column":47}},"44":{"start":{"line":180,"column":8},"end":{"line":180,"column":19}},"45":{"start":{"line":189,"column":8},"end":{"line":189,"column":49}},"46":{"start":{"line":190,"column":8},"end":{"line":190,"column":70}},"47":{"start":{"line":192,"column":8},"end":{"line":192,"column":48}},"48":{"start":{"line":193,"column":8},"end":{"line":193,"column":43}},"49":{"start":{"line":194,"column":8},"end":{"line":194,"column":49}},"50":{"start":{"line":195,"column":8},"end":{"line":195,"column":72}},"51":{"start":{"line":196,"column":8},"end":{"line":196,"column":22}},"52":{"start":{"line":207,"column":8},"end":{"line":207,"column":47}},"53":{"start":{"line":208,"column":8},"end":{"line":208,"column":66}},"54":{"start":{"line":209,"column":8},"end":{"line":209,"column":7459}},"55":{"start":{"line":210,"column":12},"end":{"line":210,"column":65}},"56":{"start":{"line":211,"column":12},"end":{"line":211,"column":42}},"57":{"start":{"line":213,"column":8},"end":{"line":213,"column":55}},"58":{"start":{"line":214,"column":8},"end":{"line":214,"column":19}},"59":{"start":{"line":224,"column":8},"end":{"line":224,"column":47}},"60":{"start":{"line":225,"column":8},"end":{"line":225,"column":91}},"61":{"start":{"line":226,"column":8},"end":{"line":226,"column":39}},"62":{"start":{"line":227,"column":8},"end":{"line":227,"column":19}},"63":{"start":{"line":231,"column":8},"end":{"line":231,"column":44}},"64":{"start":{"line":232,"column":8},"end":{"line":232,"column":22}},"65":{"start":{"line":243,"column":8},"end":{"line":243,"column":48}},"66":{"start":{"line":244,"column":8},"end":{"line":244,"column":44}},"67":{"start":{"line":245,"column":8},"end":{"line":245,"column":49}},"68":{"start":{"line":246,"column":8},"end":{"line":246,"column":64}},"69":{"start":{"line":247,"column":8},"end":{"line":247,"column":19}},"70":{"start":{"line":254,"column":8},"end":{"line":254,"column":48}},"71":{"start":{"line":255,"column":8},"end":{"line":255,"column":44}},"72":{"start":{"line":256,"column":8},"end":{"line":256,"column":49}},"73":{"start":{"line":257,"column":8},"end":{"line":257,"column":55}},"74":{"start":{"line":258,"column":8},"end":{"line":258,"column":19}},"75":{"start":{"line":266,"column":8},"end":{"line":266,"column":48}},"76":{"start":{"line":267,"column":8},"end":{"line":267,"column":60}},"77":{"start":{"line":268,"column":8},"end":{"line":268,"column":19}},"78":{"start":{"line":276,"column":8},"end":{"line":276,"column":48}},"79":{"start":{"line":277,"column":8},"end":{"line":277,"column":42}},"80":{"start":{"line":278,"column":8},"end":{"line":278,"column":19}},"81":{"start":{"line":285,"column":8},"end":{"line":285,"column":47}},"82":{"start":{"line":286,"column":8},"end":{"line":286,"column":59}},"83":{"start":{"line":287,"column":8},"end":{"line":287,"column":19}},"84":{"start":{"line":294,"column":8},"end":{"line":294,"column":47}},"85":{"start":{"line":297,"column":8},"end":{"line":297,"column":71}},"86":{"start":{"line":298,"column":8},"end":{"line":298,"column":19}},"87":{"start":{"line":306,"column":8},"end":{"line":306,"column":47}},"88":{"start":{"line":308,"column":8},"end":{"line":308,"column":28}},"89":{"start":{"line":309,"column":8},"end":{"line":309,"column":10963}},"90":{"start":{"line":310,"column":12},"end":{"line":310,"column":58}},"91":{"start":{"line":311,"column":12},"end":{"line":311,"column":55}},"92":{"start":{"line":314,"column":8},"end":{"line":314,"column":23}},"93":{"start":{"line":322,"column":8},"end":{"line":322,"column":47}},"94":{"start":{"line":323,"column":8},"end":{"line":323,"column":42}},"95":{"start":{"line":324,"column":8},"end":{"line":324,"column":19}},"96":{"start":{"line":334,"column":8},"end":{"line":334,"column":47}},"97":{"start":{"line":335,"column":8},"end":{"line":335,"column":73}},"98":{"start":{"line":336,"column":8},"end":{"line":336,"column":66}},"99":{"start":{"line":337,"column":8},"end":{"line":337,"column":54}},"100":{"start":{"line":338,"column":8},"end":{"line":338,"column":23}},"101":{"start":{"line":342,"column":8},"end":{"line":342,"column":59}},"102":{"start":{"line":350,"column":8},"end":{"line":350,"column":46}},"103":{"start":{"line":352,"column":8},"end":{"line":352,"column":75}},"104":{"start":{"line":353,"column":8},"end":{"line":353,"column":35}},"105":{"start":{"line":355,"column":8},"end":{"line":355,"column":32}}},"branchMap":{"1":{"line":74,"type":"if","locations":[{"start":{"line":74,"column":8},"end":{"line":74,"column":8}},{"start":{"line":74,"column":8},"end":{"line":74,"column":8}}]},"2":{"line":84,"type":"if","locations":[{"start":{"line":84,"column":8},"end":{"line":84,"column":8}},{"start":{"line":84,"column":8},"end":{"line":84,"column":8}}]},"3":{"line":95,"type":"if","locations":[{"start":{"line":95,"column":8},"end":{"line":95,"column":8}},{"start":{"line":95,"column":8},"end":{"line":95,"column":8}}]},"4":{"line":106,"type":"if","locations":[{"start":{"line":106,"column":8},"end":{"line":106,"column":8}},{"start":{"line":106,"column":8},"end":{"line":106,"column":8}}]},"5":{"line":107,"type":"if","locations":[{"start":{"line":107,"column":8},"end":{"line":107,"column":8}},{"start":{"line":107,"column":8},"end":{"line":107,"column":8}}]},"6":{"line":117,"type":"if","locations":[{"start":{"line":117,"column":8},"end":{"line":117,"column":8}},{"start":{"line":117,"column":8},"end":{"line":117,"column":8}}]},"7":{"line":123,"type":"if","locations":[{"start":{"line":123,"column":8},"end":{"line":123,"column":8}},{"start":{"line":123,"column":8},"end":{"line":123,"column":8}}]},"8":{"line":124,"type":"if","locations":[{"start":{"line":124,"column":8},"end":{"line":124,"column":8}},{"start":{"line":124,"column":8},"end":{"line":124,"column":8}}]},"9":{"line":138,"type":"if","locations":[{"start":{"line":138,"column":8},"end":{"line":138,"column":8}},{"start":{"line":138,"column":8},"end":{"line":138,"column":8}}]},"10":{"line":152,"type":"if","locations":[{"start":{"line":152,"column":8},"end":{"line":152,"column":8}},{"start":{"line":152,"column":8},"end":{"line":152,"column":8}}]},"11":{"line":167,"type":"if","locations":[{"start":{"line":167,"column":8},"end":{"line":167,"column":8}},{"start":{"line":167,"column":8},"end":{"line":167,"column":8}}]},"12":{"line":168,"type":"if","locations":[{"start":{"line":168,"column":8},"end":{"line":168,"column":8}},{"start":{"line":168,"column":8},"end":{"line":168,"column":8}}]},"13":{"line":171,"type":"if","locations":[{"start":{"line":171,"column":8},"end":{"line":171,"column":8}},{"start":{"line":171,"column":8},"end":{"line":171,"column":8}}]},"14":{"line":175,"type":"if","locations":[{"start":{"line":175,"column":8},"end":{"line":175,"column":8}},{"start":{"line":175,"column":8},"end":{"line":175,"column":8}}]},"15":{"line":189,"type":"if","locations":[{"start":{"line":189,"column":8},"end":{"line":189,"column":8}},{"start":{"line":189,"column":8},"end":{"line":189,"column":8}}]},"16":{"line":190,"type":"if","locations":[{"start":{"line":190,"column":8},"end":{"line":190,"column":8}},{"start":{"line":190,"column":8},"end":{"line":190,"column":8}}]},"17":{"line":207,"type":"if","locations":[{"start":{"line":207,"column":8},"end":{"line":207,"column":8}},{"start":{"line":207,"column":8},"end":{"line":207,"column":8}}]},"18":{"line":209,"type":"if","locations":[{"start":{"line":209,"column":8},"end":{"line":209,"column":8}},{"start":{"line":209,"column":8},"end":{"line":209,"column":8}}]},"19":{"line":224,"type":"if","locations":[{"start":{"line":224,"column":8},"end":{"line":224,"column":8}},{"start":{"line":224,"column":8},"end":{"line":224,"column":8}}]},"20":{"line":243,"type":"if","locations":[{"start":{"line":243,"column":8},"end":{"line":243,"column":8}},{"start":{"line":243,"column":8},"end":{"line":243,"column":8}}]},"21":{"line":254,"type":"if","locations":[{"start":{"line":254,"column":8},"end":{"line":254,"column":8}},{"start":{"line":254,"column":8},"end":{"line":254,"column":8}}]},"22":{"line":266,"type":"if","locations":[{"start":{"line":266,"column":8},"end":{"line":266,"column":8}},{"start":{"line":266,"column":8},"end":{"line":266,"column":8}}]},"23":{"line":276,"type":"if","locations":[{"start":{"line":276,"column":8},"end":{"line":276,"column":8}},{"start":{"line":276,"column":8},"end":{"line":276,"column":8}}]},"24":{"line":285,"type":"if","locations":[{"start":{"line":285,"column":8},"end":{"line":285,"column":8}},{"start":{"line":285,"column":8},"end":{"line":285,"column":8}}]},"25":{"line":294,"type":"if","locations":[{"start":{"line":294,"column":8},"end":{"line":294,"column":8}},{"start":{"line":294,"column":8},"end":{"line":294,"column":8}}]},"26":{"line":306,"type":"if","locations":[{"start":{"line":306,"column":8},"end":{"line":306,"column":8}},{"start":{"line":306,"column":8},"end":{"line":306,"column":8}}]},"27":{"line":322,"type":"if","locations":[{"start":{"line":322,"column":8},"end":{"line":322,"column":8}},{"start":{"line":322,"column":8},"end":{"line":322,"column":8}}]},"28":{"line":334,"type":"if","locations":[{"start":{"line":334,"column":8},"end":{"line":334,"column":8}},{"start":{"line":334,"column":8},"end":{"line":334,"column":8}}]},"29":{"line":350,"type":"if","locations":[{"start":{"line":350,"column":8},"end":{"line":350,"column":8}},{"start":{"line":350,"column":8},"end":{"line":350,"column":8}}]},"30":{"line":353,"type":"if","locations":[{"start":{"line":353,"column":8},"end":{"line":353,"column":8}},{"start":{"line":353,"column":8},"end":{"line":353,"column":8}}]}}},"contracts/CrvDepositorWrapper.sol":{"l":{"31":141,"35":564,"36":564,"46":118,"55":168,"56":168,"57":168},"path":"/Users/cchavez/aura/workspace/aura-contracts/contracts/CrvDepositorWrapper.sol","s":{"1":141,"2":564,"3":564,"4":118,"5":168,"6":168,"7":168},"b":{"1":[517,47]},"f":{"1":141,"2":564,"3":118,"4":168},"fnMap":{"1":{"name":"constructor","line":30,"loc":{"start":{"line":24,"column":4},"end":{"line":32,"column":4}}},"2":{"name":"setApprovals","line":34,"loc":{"start":{"line":34,"column":4},"end":{"line":37,"column":4}}},"3":{"name":"getMinOut","line":45,"loc":{"start":{"line":45,"column":4},"end":{"line":47,"column":4}}},"4":{"name":"deposit","line":49,"loc":{"start":{"line":49,"column":4},"end":{"line":58,"column":4}}}},"statementMap":{"1":{"start":{"line":31,"column":8},"end":{"line":31,"column":31}},"2":{"start":{"line":35,"column":8},"end":{"line":35,"column":22}},"3":{"start":{"line":36,"column":8},"end":{"line":36,"column":95}},"4":{"start":{"line":46,"column":8},"end":{"line":46,"column":46}},"5":{"start":{"line":55,"column":8},"end":{"line":55,"column":41}},"6":{"start":{"line":56,"column":8},"end":{"line":56,"column":81}},"7":{"start":{"line":57,"column":8},"end":{"line":57,"column":89}}},"branchMap":{"1":{"line":36,"type":"if","locations":[{"start":{"line":36,"column":8},"end":{"line":36,"column":8}},{"start":{"line":36,"column":8},"end":{"line":36,"column":8}}]}}},"contracts/ExtraRewardsDistributor.sol":{"l":{"41":141,"47":150,"48":150,"59":210,"61":210,"62":210,"76":40,"78":40,"79":40,"81":39,"82":13,"84":26,"85":26,"87":25,"103":248,"104":247,"107":246,"110":246,"111":246,"112":246,"115":240,"116":240,"117":168,"121":217,"132":26,"141":25,"156":51,"158":49,"160":26,"163":26,"166":24,"180":6,"181":4,"184":3,"186":3,"197":5,"198":5,"212":2,"227":56,"229":56,"232":56,"234":55,"236":55,"237":11,"240":44,"242":44,"244":166,"245":150,"247":150,"250":43,"265":152,"266":152,"275":6},"path":"/Users/cchavez/aura/workspace/aura-contracts/contracts/ExtraRewardsDistributor.sol","s":{"1":141,"2":150,"3":150,"4":210,"5":210,"6":210,"7":40,"8":40,"9":40,"10":39,"11":13,"12":26,"13":26,"14":25,"15":248,"16":247,"17":246,"18":246,"19":246,"20":246,"21":240,"22":240,"23":168,"24":217,"25":26,"26":25,"27":51,"28":49,"29":26,"30":26,"31":24,"32":6,"33":4,"34":3,"35":3,"36":5,"37":5,"38":2,"39":56,"40":56,"41":56,"42":55,"43":55,"44":11,"45":44,"46":44,"47":166,"48":150,"49":150,"50":43,"51":152,"52":152,"53":6},"b":{"1":[39,1],"2":[13,26],"3":[25,1],"4":[247,1],"5":[246,1],"6":[168,69],"7":[26,23],"8":[4,2],"9":[3,1],"10":[11,44],"11":[150,15]},"f":{"1":141,"2":150,"3":210,"4":40,"5":248,"6":26,"7":25,"8":51,"9":6,"10":5,"11":2,"12":56,"13":152,"14":6},"fnMap":{"1":{"name":"constructor","line":40,"loc":{"start":{"line":40,"column":4},"end":{"line":42,"column":4}}},"2":{"name":"modifyWhitelist","line":46,"loc":{"start":{"line":46,"column":4},"end":{"line":49,"column":4}}},"3":{"name":"addReward","line":58,"loc":{"start":{"line":58,"column":4},"end":{"line":63,"column":4}}},"4":{"name":"addRewardToEpoch","line":71,"loc":{"start":{"line":71,"column":4},"end":{"line":89,"column":4}}},"5":{"name":"_addReward","line":102,"loc":{"start":{"line":98,"column":4},"end":{"line":122,"column":4}}},"6":{"name":"getReward","line":131,"loc":{"start":{"line":131,"column":4},"end":{"line":133,"column":4}}},"7":{"name":"getReward","line":140,"loc":{"start":{"line":140,"column":4},"end":{"line":142,"column":4}}},"8":{"name":"_getReward","line":154,"loc":{"start":{"line":150,"column":4},"end":{"line":168,"column":4}}},"9":{"name":"forfeitRewards","line":179,"loc":{"start":{"line":179,"column":4},"end":{"line":187,"column":4}}},"10":{"name":"claimableRewards","line":196,"loc":{"start":{"line":196,"column":4},"end":{"line":199,"column":4}}},"11":{"name":"claimableRewardsAtEpoch","line":207,"loc":{"start":{"line":207,"column":4},"end":{"line":213,"column":4}}},"12":{"name":"_allClaimableRewards","line":222,"loc":{"start":{"line":222,"column":4},"end":{"line":251,"column":4}}},"13":{"name":"_claimableRewards","line":259,"loc":{"start":{"line":259,"column":4},"end":{"line":267,"column":4}}},"14":{"name":"rewardEpochsCount","line":274,"loc":{"start":{"line":274,"column":4},"end":{"line":276,"column":4}}}},"statementMap":{"1":{"start":{"line":41,"column":8},"end":{"line":41,"column":44}},"2":{"start":{"line":47,"column":8},"end":{"line":47,"column":41}},"3":{"start":{"line":48,"column":8},"end":{"line":48,"column":51}},"4":{"start":{"line":59,"column":8},"end":{"line":59,"column":35}},"5":{"start":{"line":61,"column":8},"end":{"line":61,"column":57}},"6":{"start":{"line":62,"column":8},"end":{"line":62,"column":47}},"7":{"start":{"line":76,"column":8},"end":{"line":76,"column":35}},"8":{"start":{"line":78,"column":8},"end":{"line":78,"column":57}},"9":{"start":{"line":79,"column":8},"end":{"line":79,"column":68}},"10":{"start":{"line":81,"column":8},"end":{"line":81,"column":3019}},"11":{"start":{"line":82,"column":12},"end":{"line":82,"column":51}},"12":{"start":{"line":84,"column":12},"end":{"line":84,"column":53}},"13":{"start":{"line":85,"column":12},"end":{"line":85,"column":103}},"14":{"start":{"line":87,"column":12},"end":{"line":87,"column":46}},"15":{"start":{"line":103,"column":8},"end":{"line":103,"column":49}},"16":{"start":{"line":104,"column":8},"end":{"line":104,"column":38}},"17":{"start":{"line":107,"column":8},"end":{"line":107,"column":74}},"18":{"start":{"line":110,"column":8},"end":{"line":110,"column":62}},"19":{"start":{"line":111,"column":8},"end":{"line":111,"column":49}},"20":{"start":{"line":112,"column":8},"end":{"line":112,"column":42}},"21":{"start":{"line":115,"column":8},"end":{"line":115,"column":49}},"22":{"start":{"line":116,"column":8},"end":{"line":116,"column":4259}},"23":{"start":{"line":117,"column":12},"end":{"line":117,"column":44}},"24":{"start":{"line":121,"column":8},"end":{"line":121,"column":49}},"25":{"start":{"line":132,"column":8},"end":{"line":132,"column":38}},"26":{"start":{"line":141,"column":8},"end":{"line":141,"column":50}},"27":{"start":{"line":156,"column":8},"end":{"line":156,"column":102}},"28":{"start":{"line":158,"column":8},"end":{"line":158,"column":5701}},"29":{"start":{"line":160,"column":12},"end":{"line":160,"column":47}},"30":{"start":{"line":163,"column":12},"end":{"line":163,"column":65}},"31":{"start":{"line":166,"column":12},"end":{"line":166,"column":69}},"32":{"start":{"line":180,"column":8},"end":{"line":180,"column":79}},"33":{"start":{"line":181,"column":8},"end":{"line":181,"column":75}},"34":{"start":{"line":184,"column":8},"end":{"line":184,"column":50}},"35":{"start":{"line":186,"column":8},"end":{"line":186,"column":56}},"36":{"start":{"line":197,"column":8},"end":{"line":197,"column":71}},"37":{"start":{"line":198,"column":8},"end":{"line":198,"column":22}},"38":{"start":{"line":212,"column":8},"end":{"line":212,"column":58}},"39":{"start":{"line":227,"column":8},"end":{"line":227,"column":57}},"40":{"start":{"line":229,"column":8},"end":{"line":229,"column":57}},"41":{"start":{"line":232,"column":8},"end":{"line":232,"column":57}},"42":{"start":{"line":234,"column":8},"end":{"line":234,"column":71}},"43":{"start":{"line":236,"column":8},"end":{"line":236,"column":8761}},"44":{"start":{"line":237,"column":12},"end":{"line":237,"column":35}},"45":{"start":{"line":240,"column":8},"end":{"line":240,"column":35}},"46":{"start":{"line":242,"column":8},"end":{"line":242,"column":8888}},"47":{"start":{"line":244,"column":12},"end":{"line":244,"column":9016}},"48":{"start":{"line":245,"column":16},"end":{"line":245,"column":94}},"49":{"start":{"line":247,"column":16},"end":{"line":247,"column":33}},"50":{"start":{"line":250,"column":8},"end":{"line":250,"column":44}},"51":{"start":{"line":265,"column":8},"end":{"line":265,"column":71}},"52":{"start":{"line":266,"column":8},"end":{"line":266,"column":60}},"53":{"start":{"line":275,"column":8},"end":{"line":275,"column":42}}},"branchMap":{"1":{"line":79,"type":"if","locations":[{"start":{"line":79,"column":8},"end":{"line":79,"column":8}},{"start":{"line":79,"column":8},"end":{"line":79,"column":8}}]},"2":{"line":81,"type":"if","locations":[{"start":{"line":81,"column":8},"end":{"line":81,"column":8}},{"start":{"line":81,"column":8},"end":{"line":81,"column":8}}]},"3":{"line":85,"type":"if","locations":[{"start":{"line":85,"column":12},"end":{"line":85,"column":12}},{"start":{"line":85,"column":12},"end":{"line":85,"column":12}}]},"4":{"line":103,"type":"if","locations":[{"start":{"line":103,"column":8},"end":{"line":103,"column":8}},{"start":{"line":103,"column":8},"end":{"line":103,"column":8}}]},"5":{"line":104,"type":"if","locations":[{"start":{"line":104,"column":8},"end":{"line":104,"column":8}},{"start":{"line":104,"column":8},"end":{"line":104,"column":8}}]},"6":{"line":116,"type":"if","locations":[{"start":{"line":116,"column":8},"end":{"line":116,"column":8}},{"start":{"line":116,"column":8},"end":{"line":116,"column":8}}]},"7":{"line":158,"type":"if","locations":[{"start":{"line":158,"column":8},"end":{"line":158,"column":8}},{"start":{"line":158,"column":8},"end":{"line":158,"column":8}}]},"8":{"line":180,"type":"if","locations":[{"start":{"line":180,"column":8},"end":{"line":180,"column":8}},{"start":{"line":180,"column":8},"end":{"line":180,"column":8}}]},"9":{"line":181,"type":"if","locations":[{"start":{"line":181,"column":8},"end":{"line":181,"column":8}},{"start":{"line":181,"column":8},"end":{"line":181,"column":8}}]},"10":{"line":236,"type":"if","locations":[{"start":{"line":236,"column":8},"end":{"line":236,"column":8}},{"start":{"line":236,"column":8},"end":{"line":236,"column":8}}]},"11":{"line":244,"type":"if","locations":[{"start":{"line":244,"column":12},"end":{"line":244,"column":12}},{"start":{"line":244,"column":12},"end":{"line":244,"column":12}}]}}},"contracts/Interfaces.sol":{"l":{},"path":"/Users/cchavez/aura/workspace/aura-contracts/contracts/Interfaces.sol","s":{},"b":{},"f":{},"fnMap":{},"statementMap":{},"branchMap":{}}}